#
# There is insufficient memory for the Java Runtime Environment to continue.
# Native memory allocation (malloc) failed to allocate 2242256 bytes for Chunk::new
# Possible reasons:
#   The system is out of physical RAM or swap space
#   The process is running with CompressedOops enabled, and the Java Heap may be blocking the growth of the native heap
# Possible solutions:
#   Reduce memory load on the system
#   Increase physical memory or swap space
#   Check if swap backing store is full
#   Decrease Java heap size (-Xmx/-Xms)
#   Decrease number of Java threads
#   Decrease Java thread stack sizes (-Xss)
#   Set larger code cache with -XX:ReservedCodeCacheSize=
#   JVM is running with Unscaled Compressed Oops mode in which the Java heap is
#     placed in the first 4GB address space. The Java Heap base address is the
#     maximum limit for the native heap growth. Please use -XX:HeapBaseMinAddress
#     to set the Java Heap base and to place the Java Heap above 4GB virtual address.
# This output file may be truncated or incomplete.
#
#  Out of Memory Error (arena.cpp:189), pid=50956, tid=60324
#
# JRE version: Java(TM) SE Runtime Environment (17.0+35) (build 17+35-LTS-2724)
# Java VM: Java HotSpot(TM) 64-Bit Server VM (17+35-LTS-2724, mixed mode, sharing, tiered, compressed oops, compressed class ptrs, g1 gc, windows-amd64)
# No core dump will be written. Minidumps are not enabled by default on client versions of Windows
#

---------------  S U M M A R Y ------------

Command Line: --module-path=C:\Users\yosry\Downloads\openjfx-22_windows-x64_bin-sdk\javafx-sdk-22\lib --add-modules=javafx.controls,javafx.fxml -Dfile.encoding=UTF-8 -Dstdout.encoding=UTF-8 -Dstderr.encoding=UTF-8 --module-path=C:\Users\yosry\.p2\pool\plugins\org.eclipse.fx.ide.css.jfx8_3.8.0.202204150904.jar;C:\Users\yosry\Downloads\openjfx-22_windows-x64_bin-sdk\javafx-sdk-22\lib\javafx.base.jar;C:\Users\yosry\Downloads\openjfx-22_windows-x64_bin-sdk\javafx-sdk-22\lib\javafx.controls.jar;C:\Users\yosry\Downloads\openjfx-22_windows-x64_bin-sdk\javafx-sdk-22\lib\javafx.fxml.jar;C:\Users\yosry\Downloads\openjfx-22_windows-x64_bin-sdk\javafx-sdk-22\lib\javafx.graphics.jar;C:\Users\yosry\Downloads\openjfx-22_windows-x64_bin-sdk\javafx-sdk-22\lib\javafx.media.jar;C:\Users\yosry\Downloads\openjfx-22_windows-x64_bin-sdk\javafx-sdk-22\lib\javafx.swing.jar;C:\Users\yosry\Downloads\openjfx-22_windows-x64_bin-sdk\javafx-sdk-22\lib\javafx.web.jar;C:\Users\yosry\Downloads\openjfx-22_windows-x64_bin-sdk\javafx-sdk-22\lib\javafx-swt.jar -XX:+ShowCodeDetailsInExceptionMessages application.Main

Host: Intel(R) Core(TM) i7-1065G7 CPU @ 1.30GHz, 8 cores, 7G,  Windows 10 , 64 bit Build 22621 (10.0.22621.3235)
Time: Mon Mar 25 05:54:57 2024 Afr. centrale Ouest elapsed time: 2.879235 seconds (0d 0h 0m 2s)

---------------  T H R E A D  ---------------

Current thread (0x00000237003a5890):  JavaThread "C2 CompilerThread0" daemon [_thread_in_native, id=60324, stack(0x000000f76e500000,0x000000f76e600000)]


Current CompileTask:
C2:   2879 1481   !   4       com.sun.javafx.css.ParsedValueImpl::readBinary (691 bytes)

Stack: [0x000000f76e500000,0x000000f76e600000]
Native frames: (J=compiled Java code, j=interpreted, Vv=VM code, C=native code)
V  [jvm.dll+0x66f8ea]
V  [jvm.dll+0x7ce224]
V  [jvm.dll+0x7cf9ce]
V  [jvm.dll+0x7d0033]
V  [jvm.dll+0x242bb5]
V  [jvm.dll+0xaa05b]
V  [jvm.dll+0xaa5ec]
V  [jvm.dll+0x35f9a2]
V  [jvm.dll+0x329f61]
V  [jvm.dll+0x32940a]
V  [jvm.dll+0x215ca1]
V  [jvm.dll+0x2150c1]
V  [jvm.dll+0x1a168d]
V  [jvm.dll+0x2248f8]
V  [jvm.dll+0x222a5c]
V  [jvm.dll+0x78422b]
V  [jvm.dll+0x77e7ea]
V  [jvm.dll+0x66e715]
C  [ucrtbase.dll+0x29363]
C  [KERNEL32.DLL+0x1257d]
C  [ntdll.dll+0x5aa58]


---------------  P R O C E S S  ---------------

Threads class SMR info:
_java_thread_list=0x0000023706aa4cc0, length=18, elements={
0x0000023762343e70, 0x000002370037f670, 0x0000023700380020, 0x0000023700393d20,
0x00000237003945e0, 0x0000023700398ed0, 0x000002370039cc90, 0x00000237003a5890,
0x00000237003a65a0, 0x00000237003b8e90, 0x0000023701048290, 0x00000237011cbf80,
0x00000237012271a0, 0x00000237013ecb00, 0x00000237013feb00, 0x0000023701748770,
0x000002370174ac50, 0x0000023706931cf0
}

Java Threads: ( => current thread )
  0x0000023762343e70 JavaThread "main" [_thread_blocked, id=38592, stack(0x000000f76d800000,0x000000f76d900000)]
  0x000002370037f670 JavaThread "Reference Handler" daemon [_thread_blocked, id=60220, stack(0x000000f76df00000,0x000000f76e000000)]
  0x0000023700380020 JavaThread "Finalizer" daemon [_thread_blocked, id=30360, stack(0x000000f76e000000,0x000000f76e100000)]
  0x0000023700393d20 JavaThread "Signal Dispatcher" daemon [_thread_blocked, id=60480, stack(0x000000f76e100000,0x000000f76e200000)]
  0x00000237003945e0 JavaThread "Attach Listener" daemon [_thread_blocked, id=16088, stack(0x000000f76e200000,0x000000f76e300000)]
  0x0000023700398ed0 JavaThread "Service Thread" daemon [_thread_blocked, id=61188, stack(0x000000f76e300000,0x000000f76e400000)]
  0x000002370039cc90 JavaThread "Monitor Deflation Thread" daemon [_thread_blocked, id=6696, stack(0x000000f76e400000,0x000000f76e500000)]
=>0x00000237003a5890 JavaThread "C2 CompilerThread0" daemon [_thread_in_native, id=60324, stack(0x000000f76e500000,0x000000f76e600000)]
  0x00000237003a65a0 JavaThread "C1 CompilerThread0" daemon [_thread_in_native, id=46580, stack(0x000000f76e600000,0x000000f76e700000)]
  0x00000237003b8e90 JavaThread "Sweeper thread" daemon [_thread_blocked, id=49716, stack(0x000000f76e700000,0x000000f76e800000)]
  0x0000023701048290 JavaThread "Common-Cleaner" daemon [_thread_blocked, id=59020, stack(0x000000f76e800000,0x000000f76e900000)]
  0x00000237011cbf80 JavaThread "Notification Thread" daemon [_thread_blocked, id=61224, stack(0x000000f76e900000,0x000000f76ea00000)]
  0x00000237012271a0 JavaThread "QuantumRenderer-0" daemon [_thread_blocked, id=23104, stack(0x000000f76eb00000,0x000000f76ec00000)]
  0x00000237013ecb00 JavaThread "InvokeLaterDispatcher" daemon [_thread_blocked, id=60368, stack(0x000000f76ec00000,0x000000f76ed00000)]
  0x00000237013feb00 JavaThread "JavaFX Application Thread" [_thread_in_Java, id=29048, stack(0x000000f76ed00000,0x000000f76ee00000)]
  0x0000023701748770 JavaThread "JavaFX-Launcher" [_thread_blocked, id=45388, stack(0x000000f76f200000,0x000000f76f300000)]
  0x000002370174ac50 JavaThread "Thread-2" daemon [_thread_in_native, id=60312, stack(0x000000f76f100000,0x000000f76f200000)]
  0x0000023706931cf0 JavaThread "mysql-cj-abandoned-connection-cleanup" daemon [_thread_blocked, id=30824, stack(0x000000f76f800000,0x000000f76f900000)]

Other Threads:
  0x0000023700379cd0 VMThread "VM Thread" [stack: 0x000000f76de00000,0x000000f76df00000] [id=60908]
  0x00000237010972b0 WatcherThread [stack: 0x000000f76ea00000,0x000000f76eb00000] [id=49520]
  0x0000023762387210 GCTaskThread "GC Thread#0" [stack: 0x000000f76d900000,0x000000f76da00000] [id=37076]
  0x0000023701975e10 GCTaskThread "GC Thread#1" [stack: 0x000000f76f300000,0x000000f76f400000] [id=47524]
  0x0000023701985970 GCTaskThread "GC Thread#2" [stack: 0x000000f76f400000,0x000000f76f500000] [id=61064]
  0x0000023701985c20 GCTaskThread "GC Thread#3" [stack: 0x000000f76f500000,0x000000f76f600000] [id=60808]
  0x0000023701aca2c0 GCTaskThread "GC Thread#4" [stack: 0x000000f76f600000,0x000000f76f700000] [id=59296]
  0x0000023701aca570 GCTaskThread "GC Thread#5" [stack: 0x000000f76f700000,0x000000f76f800000] [id=60508]
  0x0000023762398130 ConcurrentGCThread "G1 Main Marker" [stack: 0x000000f76da00000,0x000000f76db00000] [id=59580]
  0x0000023762398a40 ConcurrentGCThread "G1 Conc#0" [stack: 0x000000f76db00000,0x000000f76dc00000] [id=29132]
  0x00000237002340b0 ConcurrentGCThread "G1 Refine#0" [stack: 0x000000f76dc00000,0x000000f76dd00000] [id=35588]
  0x00000237002349d0 ConcurrentGCThread "G1 Service" [stack: 0x000000f76dd00000,0x000000f76de00000] [id=60864]

Threads with active compile tasks:
C2 CompilerThread0     2936 1481   !   4       com.sun.javafx.css.ParsedValueImpl::readBinary (691 bytes)

VM state: not at safepoint (normal execution)

VM Mutex/Monitor currently owned by a thread: None

Heap address: 0x0000000083600000, size: 1994 MB, Compressed Oops mode: 32-bit

CDS archive(s) mapped at: [0x0000000800000000-0x0000000800bc0000-0x0000000800bc0000), size 12320768, SharedBaseAddress: 0x0000000800000000, ArchiveRelocationMode: 0.
Compressed class space mapped at: 0x0000000800c00000-0x0000000840c00000, reserved size: 1073741824
Narrow klass base: 0x0000000800000000, Narrow klass shift: 0, Narrow klass range: 0x100000000

GC Precious Log:
 CPUs: 8 total, 8 available
 Memory: 7973M
 Large Page Support: Disabled
 NUMA Support: Disabled
 Compressed Oops: Enabled (32-bit)
 Heap Region Size: 1M
 Heap Min Capacity: 8M
 Heap Initial Capacity: 126M
 Heap Max Capacity: 1994M
 Pre-touch: Disabled
 Parallel Workers: 8
 Concurrent Workers: 2
 Concurrent Refinement Workers: 8
 Periodic GC: Disabled

Heap:
 garbage-first heap   total 129024K, used 30668K [0x0000000083600000, 0x0000000100000000)
  region size 1024K, 30 young (30720K), 3 survivors (3072K)
 Metaspace       used 10214K, committed 10432K, reserved 1064960K
  class space    used 1362K, committed 1472K, reserved 1048576K

Heap Regions: E=young(eden), S=young(survivor), O=old, HS=humongous(starts), HC=humongous(continues), CS=collection set, F=free, OA=open archive, CA=closed archive, TAMS=top-at-mark-start (previous, next)
|   0|0x0000000083600000, 0x00000000836f3000, 0x0000000083700000| 94%| O|  |TAMS 0x0000000083600000, 0x0000000083600000| Untracked 
|   1|0x0000000083700000, 0x0000000083700000, 0x0000000083800000|  0%| F|  |TAMS 0x0000000083700000, 0x0000000083700000| Untracked 
|   2|0x0000000083800000, 0x0000000083800000, 0x0000000083900000|  0%| F|  |TAMS 0x0000000083800000, 0x0000000083800000| Untracked 
|   3|0x0000000083900000, 0x0000000083900000, 0x0000000083a00000|  0%| F|  |TAMS 0x0000000083900000, 0x0000000083900000| Untracked 
|   4|0x0000000083a00000, 0x0000000083a00000, 0x0000000083b00000|  0%| F|  |TAMS 0x0000000083a00000, 0x0000000083a00000| Untracked 
|   5|0x0000000083b00000, 0x0000000083b00000, 0x0000000083c00000|  0%| F|  |TAMS 0x0000000083b00000, 0x0000000083b00000| Untracked 
|   6|0x0000000083c00000, 0x0000000083c00000, 0x0000000083d00000|  0%| F|  |TAMS 0x0000000083c00000, 0x0000000083c00000| Untracked 
|   7|0x0000000083d00000, 0x0000000083d00000, 0x0000000083e00000|  0%| F|  |TAMS 0x0000000083d00000, 0x0000000083d00000| Untracked 
|   8|0x0000000083e00000, 0x0000000083e00000, 0x0000000083f00000|  0%| F|  |TAMS 0x0000000083e00000, 0x0000000083e00000| Untracked 
|   9|0x0000000083f00000, 0x0000000083f00000, 0x0000000084000000|  0%| F|  |TAMS 0x0000000083f00000, 0x0000000083f00000| Untracked 
|  10|0x0000000084000000, 0x0000000084000000, 0x0000000084100000|  0%| F|  |TAMS 0x0000000084000000, 0x0000000084000000| Untracked 
|  11|0x0000000084100000, 0x0000000084100000, 0x0000000084200000|  0%| F|  |TAMS 0x0000000084100000, 0x0000000084100000| Untracked 
|  12|0x0000000084200000, 0x0000000084200000, 0x0000000084300000|  0%| F|  |TAMS 0x0000000084200000, 0x0000000084200000| Untracked 
|  13|0x0000000084300000, 0x0000000084300000, 0x0000000084400000|  0%| F|  |TAMS 0x0000000084300000, 0x0000000084300000| Untracked 
|  14|0x0000000084400000, 0x0000000084400000, 0x0000000084500000|  0%| F|  |TAMS 0x0000000084400000, 0x0000000084400000| Untracked 
|  15|0x0000000084500000, 0x0000000084500000, 0x0000000084600000|  0%| F|  |TAMS 0x0000000084500000, 0x0000000084500000| Untracked 
|  16|0x0000000084600000, 0x0000000084600000, 0x0000000084700000|  0%| F|  |TAMS 0x0000000084600000, 0x0000000084600000| Untracked 
|  17|0x0000000084700000, 0x0000000084700000, 0x0000000084800000|  0%| F|  |TAMS 0x0000000084700000, 0x0000000084700000| Untracked 
|  18|0x0000000084800000, 0x0000000084800000, 0x0000000084900000|  0%| F|  |TAMS 0x0000000084800000, 0x0000000084800000| Untracked 
|  19|0x0000000084900000, 0x0000000084900000, 0x0000000084a00000|  0%| F|  |TAMS 0x0000000084900000, 0x0000000084900000| Untracked 
|  20|0x0000000084a00000, 0x0000000084a00000, 0x0000000084b00000|  0%| F|  |TAMS 0x0000000084a00000, 0x0000000084a00000| Untracked 
|  21|0x0000000084b00000, 0x0000000084b00000, 0x0000000084c00000|  0%| F|  |TAMS 0x0000000084b00000, 0x0000000084b00000| Untracked 
|  22|0x0000000084c00000, 0x0000000084c00000, 0x0000000084d00000|  0%| F|  |TAMS 0x0000000084c00000, 0x0000000084c00000| Untracked 
|  23|0x0000000084d00000, 0x0000000084d00000, 0x0000000084e00000|  0%| F|  |TAMS 0x0000000084d00000, 0x0000000084d00000| Untracked 
|  24|0x0000000084e00000, 0x0000000084e00000, 0x0000000084f00000|  0%| F|  |TAMS 0x0000000084e00000, 0x0000000084e00000| Untracked 
|  25|0x0000000084f00000, 0x0000000084f00000, 0x0000000085000000|  0%| F|  |TAMS 0x0000000084f00000, 0x0000000084f00000| Untracked 
|  26|0x0000000085000000, 0x0000000085000000, 0x0000000085100000|  0%| F|  |TAMS 0x0000000085000000, 0x0000000085000000| Untracked 
|  27|0x0000000085100000, 0x0000000085100000, 0x0000000085200000|  0%| F|  |TAMS 0x0000000085100000, 0x0000000085100000| Untracked 
|  28|0x0000000085200000, 0x0000000085200000, 0x0000000085300000|  0%| F|  |TAMS 0x0000000085200000, 0x0000000085200000| Untracked 
|  29|0x0000000085300000, 0x0000000085300000, 0x0000000085400000|  0%| F|  |TAMS 0x0000000085300000, 0x0000000085300000| Untracked 
|  30|0x0000000085400000, 0x0000000085400000, 0x0000000085500000|  0%| F|  |TAMS 0x0000000085400000, 0x0000000085400000| Untracked 
|  31|0x0000000085500000, 0x0000000085500000, 0x0000000085600000|  0%| F|  |TAMS 0x0000000085500000, 0x0000000085500000| Untracked 
|  32|0x0000000085600000, 0x0000000085600000, 0x0000000085700000|  0%| F|  |TAMS 0x0000000085600000, 0x0000000085600000| Untracked 
|  33|0x0000000085700000, 0x0000000085700000, 0x0000000085800000|  0%| F|  |TAMS 0x0000000085700000, 0x0000000085700000| Untracked 
|  34|0x0000000085800000, 0x0000000085800000, 0x0000000085900000|  0%| F|  |TAMS 0x0000000085800000, 0x0000000085800000| Untracked 
|  35|0x0000000085900000, 0x0000000085900000, 0x0000000085a00000|  0%| F|  |TAMS 0x0000000085900000, 0x0000000085900000| Untracked 
|  36|0x0000000085a00000, 0x0000000085a00000, 0x0000000085b00000|  0%| F|  |TAMS 0x0000000085a00000, 0x0000000085a00000| Untracked 
|  37|0x0000000085b00000, 0x0000000085b00000, 0x0000000085c00000|  0%| F|  |TAMS 0x0000000085b00000, 0x0000000085b00000| Untracked 
|  38|0x0000000085c00000, 0x0000000085c00000, 0x0000000085d00000|  0%| F|  |TAMS 0x0000000085c00000, 0x0000000085c00000| Untracked 
|  39|0x0000000085d00000, 0x0000000085d00000, 0x0000000085e00000|  0%| F|  |TAMS 0x0000000085d00000, 0x0000000085d00000| Untracked 
|  40|0x0000000085e00000, 0x0000000085e00000, 0x0000000085f00000|  0%| F|  |TAMS 0x0000000085e00000, 0x0000000085e00000| Untracked 
|  41|0x0000000085f00000, 0x0000000085f00000, 0x0000000086000000|  0%| F|  |TAMS 0x0000000085f00000, 0x0000000085f00000| Untracked 
|  42|0x0000000086000000, 0x0000000086000000, 0x0000000086100000|  0%| F|  |TAMS 0x0000000086000000, 0x0000000086000000| Untracked 
|  43|0x0000000086100000, 0x0000000086100000, 0x0000000086200000|  0%| F|  |TAMS 0x0000000086100000, 0x0000000086100000| Untracked 
|  44|0x0000000086200000, 0x0000000086200000, 0x0000000086300000|  0%| F|  |TAMS 0x0000000086200000, 0x0000000086200000| Untracked 
|  45|0x0000000086300000, 0x0000000086300000, 0x0000000086400000|  0%| F|  |TAMS 0x0000000086300000, 0x0000000086300000| Untracked 
|  46|0x0000000086400000, 0x0000000086400000, 0x0000000086500000|  0%| F|  |TAMS 0x0000000086400000, 0x0000000086400000| Untracked 
|  47|0x0000000086500000, 0x0000000086500000, 0x0000000086600000|  0%| F|  |TAMS 0x0000000086500000, 0x0000000086500000| Untracked 
|  48|0x0000000086600000, 0x0000000086600000, 0x0000000086700000|  0%| F|  |TAMS 0x0000000086600000, 0x0000000086600000| Untracked 
|  49|0x0000000086700000, 0x0000000086700000, 0x0000000086800000|  0%| F|  |TAMS 0x0000000086700000, 0x0000000086700000| Untracked 
|  50|0x0000000086800000, 0x0000000086800000, 0x0000000086900000|  0%| F|  |TAMS 0x0000000086800000, 0x0000000086800000| Untracked 
|  51|0x0000000086900000, 0x0000000086900000, 0x0000000086a00000|  0%| F|  |TAMS 0x0000000086900000, 0x0000000086900000| Untracked 
|  52|0x0000000086a00000, 0x0000000086a00000, 0x0000000086b00000|  0%| F|  |TAMS 0x0000000086a00000, 0x0000000086a00000| Untracked 
|  53|0x0000000086b00000, 0x0000000086b00000, 0x0000000086c00000|  0%| F|  |TAMS 0x0000000086b00000, 0x0000000086b00000| Untracked 
|  54|0x0000000086c00000, 0x0000000086c00000, 0x0000000086d00000|  0%| F|  |TAMS 0x0000000086c00000, 0x0000000086c00000| Untracked 
|  55|0x0000000086d00000, 0x0000000086d00000, 0x0000000086e00000|  0%| F|  |TAMS 0x0000000086d00000, 0x0000000086d00000| Untracked 
|  56|0x0000000086e00000, 0x0000000086e00000, 0x0000000086f00000|  0%| F|  |TAMS 0x0000000086e00000, 0x0000000086e00000| Untracked 
|  57|0x0000000086f00000, 0x0000000086f00000, 0x0000000087000000|  0%| F|  |TAMS 0x0000000086f00000, 0x0000000086f00000| Untracked 
|  58|0x0000000087000000, 0x0000000087000000, 0x0000000087100000|  0%| F|  |TAMS 0x0000000087000000, 0x0000000087000000| Untracked 
|  59|0x0000000087100000, 0x0000000087100000, 0x0000000087200000|  0%| F|  |TAMS 0x0000000087100000, 0x0000000087100000| Untracked 
|  60|0x0000000087200000, 0x0000000087200000, 0x0000000087300000|  0%| F|  |TAMS 0x0000000087200000, 0x0000000087200000| Untracked 
|  61|0x0000000087300000, 0x0000000087300000, 0x0000000087400000|  0%| F|  |TAMS 0x0000000087300000, 0x0000000087300000| Untracked 
|  62|0x0000000087400000, 0x0000000087400000, 0x0000000087500000|  0%| F|  |TAMS 0x0000000087400000, 0x0000000087400000| Untracked 
|  63|0x0000000087500000, 0x0000000087500000, 0x0000000087600000|  0%| F|  |TAMS 0x0000000087500000, 0x0000000087500000| Untracked 
|  64|0x0000000087600000, 0x0000000087600000, 0x0000000087700000|  0%| F|  |TAMS 0x0000000087600000, 0x0000000087600000| Untracked 
|  65|0x0000000087700000, 0x0000000087700000, 0x0000000087800000|  0%| F|  |TAMS 0x0000000087700000, 0x0000000087700000| Untracked 
|  66|0x0000000087800000, 0x0000000087800000, 0x0000000087900000|  0%| F|  |TAMS 0x0000000087800000, 0x0000000087800000| Untracked 
|  67|0x0000000087900000, 0x0000000087900000, 0x0000000087a00000|  0%| F|  |TAMS 0x0000000087900000, 0x0000000087900000| Untracked 
|  68|0x0000000087a00000, 0x0000000087a00000, 0x0000000087b00000|  0%| F|  |TAMS 0x0000000087a00000, 0x0000000087a00000| Untracked 
|  69|0x0000000087b00000, 0x0000000087b00000, 0x0000000087c00000|  0%| F|  |TAMS 0x0000000087b00000, 0x0000000087b00000| Untracked 
|  70|0x0000000087c00000, 0x0000000087c00000, 0x0000000087d00000|  0%| F|  |TAMS 0x0000000087c00000, 0x0000000087c00000| Untracked 
|  71|0x0000000087d00000, 0x0000000087d00000, 0x0000000087e00000|  0%| F|  |TAMS 0x0000000087d00000, 0x0000000087d00000| Untracked 
|  72|0x0000000087e00000, 0x0000000087e00000, 0x0000000087f00000|  0%| F|  |TAMS 0x0000000087e00000, 0x0000000087e00000| Untracked 
|  73|0x0000000087f00000, 0x0000000087f00000, 0x0000000088000000|  0%| F|  |TAMS 0x0000000087f00000, 0x0000000087f00000| Untracked 
|  74|0x0000000088000000, 0x0000000088000000, 0x0000000088100000|  0%| F|  |TAMS 0x0000000088000000, 0x0000000088000000| Untracked 
|  75|0x0000000088100000, 0x0000000088100000, 0x0000000088200000|  0%| F|  |TAMS 0x0000000088100000, 0x0000000088100000| Untracked 
|  76|0x0000000088200000, 0x0000000088200000, 0x0000000088300000|  0%| F|  |TAMS 0x0000000088200000, 0x0000000088200000| Untracked 
|  77|0x0000000088300000, 0x0000000088300000, 0x0000000088400000|  0%| F|  |TAMS 0x0000000088300000, 0x0000000088300000| Untracked 
|  78|0x0000000088400000, 0x0000000088400000, 0x0000000088500000|  0%| F|  |TAMS 0x0000000088400000, 0x0000000088400000| Untracked 
|  79|0x0000000088500000, 0x0000000088500000, 0x0000000088600000|  0%| F|  |TAMS 0x0000000088500000, 0x0000000088500000| Untracked 
|  80|0x0000000088600000, 0x0000000088600000, 0x0000000088700000|  0%| F|  |TAMS 0x0000000088600000, 0x0000000088600000| Untracked 
|  81|0x0000000088700000, 0x0000000088700000, 0x0000000088800000|  0%| F|  |TAMS 0x0000000088700000, 0x0000000088700000| Untracked 
|  82|0x0000000088800000, 0x0000000088800000, 0x0000000088900000|  0%| F|  |TAMS 0x0000000088800000, 0x0000000088800000| Untracked 
|  83|0x0000000088900000, 0x0000000088900000, 0x0000000088a00000|  0%| F|  |TAMS 0x0000000088900000, 0x0000000088900000| Untracked 
|  84|0x0000000088a00000, 0x0000000088a00000, 0x0000000088b00000|  0%| F|  |TAMS 0x0000000088a00000, 0x0000000088a00000| Untracked 
|  85|0x0000000088b00000, 0x0000000088b00000, 0x0000000088c00000|  0%| F|  |TAMS 0x0000000088b00000, 0x0000000088b00000| Untracked 
|  86|0x0000000088c00000, 0x0000000088c00000, 0x0000000088d00000|  0%| F|  |TAMS 0x0000000088c00000, 0x0000000088c00000| Untracked 
|  87|0x0000000088d00000, 0x0000000088d00000, 0x0000000088e00000|  0%| F|  |TAMS 0x0000000088d00000, 0x0000000088d00000| Untracked 
|  88|0x0000000088e00000, 0x0000000088e00000, 0x0000000088f00000|  0%| F|  |TAMS 0x0000000088e00000, 0x0000000088e00000| Untracked 
|  89|0x0000000088f00000, 0x0000000088f00000, 0x0000000089000000|  0%| F|  |TAMS 0x0000000088f00000, 0x0000000088f00000| Untracked 
|  90|0x0000000089000000, 0x0000000089000000, 0x0000000089100000|  0%| F|  |TAMS 0x0000000089000000, 0x0000000089000000| Untracked 
|  91|0x0000000089100000, 0x0000000089100000, 0x0000000089200000|  0%| F|  |TAMS 0x0000000089100000, 0x0000000089100000| Untracked 
|  92|0x0000000089200000, 0x0000000089200000, 0x0000000089300000|  0%| F|  |TAMS 0x0000000089200000, 0x0000000089200000| Untracked 
|  93|0x0000000089300000, 0x0000000089300000, 0x0000000089400000|  0%| F|  |TAMS 0x0000000089300000, 0x0000000089300000| Untracked 
|  94|0x0000000089400000, 0x0000000089400000, 0x0000000089500000|  0%| F|  |TAMS 0x0000000089400000, 0x0000000089400000| Untracked 
|  95|0x0000000089500000, 0x0000000089500000, 0x0000000089600000|  0%| F|  |TAMS 0x0000000089500000, 0x0000000089500000| Untracked 
|  96|0x0000000089600000, 0x0000000089669bd8, 0x0000000089700000| 41%| E|  |TAMS 0x0000000089600000, 0x0000000089600000| Complete 
|  97|0x0000000089700000, 0x0000000089800000, 0x0000000089800000|100%| E|CS|TAMS 0x0000000089700000, 0x0000000089700000| Complete 
|  98|0x0000000089800000, 0x0000000089900000, 0x0000000089900000|100%| E|CS|TAMS 0x0000000089800000, 0x0000000089800000| Complete 
|  99|0x0000000089900000, 0x0000000089a00000, 0x0000000089a00000|100%| E|CS|TAMS 0x0000000089900000, 0x0000000089900000| Complete 
| 100|0x0000000089a00000, 0x0000000089b00000, 0x0000000089b00000|100%| S|CS|TAMS 0x0000000089a00000, 0x0000000089a00000| Complete 
| 101|0x0000000089b00000, 0x0000000089c00000, 0x0000000089c00000|100%| S|CS|TAMS 0x0000000089b00000, 0x0000000089b00000| Complete 
| 102|0x0000000089c00000, 0x0000000089d00000, 0x0000000089d00000|100%| S|CS|TAMS 0x0000000089c00000, 0x0000000089c00000| Complete 
| 103|0x0000000089d00000, 0x0000000089e00000, 0x0000000089e00000|100%| E|CS|TAMS 0x0000000089d00000, 0x0000000089d00000| Complete 
| 104|0x0000000089e00000, 0x0000000089f00000, 0x0000000089f00000|100%| E|CS|TAMS 0x0000000089e00000, 0x0000000089e00000| Complete 
| 105|0x0000000089f00000, 0x000000008a000000, 0x000000008a000000|100%| E|CS|TAMS 0x0000000089f00000, 0x0000000089f00000| Complete 
| 106|0x000000008a000000, 0x000000008a100000, 0x000000008a100000|100%| E|CS|TAMS 0x000000008a000000, 0x000000008a000000| Complete 
| 107|0x000000008a100000, 0x000000008a200000, 0x000000008a200000|100%| E|CS|TAMS 0x000000008a100000, 0x000000008a100000| Complete 
| 108|0x000000008a200000, 0x000000008a300000, 0x000000008a300000|100%| E|CS|TAMS 0x000000008a200000, 0x000000008a200000| Complete 
| 109|0x000000008a300000, 0x000000008a400000, 0x000000008a400000|100%| E|CS|TAMS 0x000000008a300000, 0x000000008a300000| Complete 
| 110|0x000000008a400000, 0x000000008a500000, 0x000000008a500000|100%| E|CS|TAMS 0x000000008a400000, 0x000000008a400000| Complete 
| 111|0x000000008a500000, 0x000000008a600000, 0x000000008a600000|100%| E|CS|TAMS 0x000000008a500000, 0x000000008a500000| Complete 
| 112|0x000000008a600000, 0x000000008a700000, 0x000000008a700000|100%| E|CS|TAMS 0x000000008a600000, 0x000000008a600000| Complete 
| 113|0x000000008a700000, 0x000000008a800000, 0x000000008a800000|100%| E|CS|TAMS 0x000000008a700000, 0x000000008a700000| Complete 
| 114|0x000000008a800000, 0x000000008a900000, 0x000000008a900000|100%| E|CS|TAMS 0x000000008a800000, 0x000000008a800000| Complete 
| 115|0x000000008a900000, 0x000000008aa00000, 0x000000008aa00000|100%| E|CS|TAMS 0x000000008a900000, 0x000000008a900000| Complete 
| 116|0x000000008aa00000, 0x000000008ab00000, 0x000000008ab00000|100%| E|CS|TAMS 0x000000008aa00000, 0x000000008aa00000| Complete 
| 117|0x000000008ab00000, 0x000000008ac00000, 0x000000008ac00000|100%| E|CS|TAMS 0x000000008ab00000, 0x000000008ab00000| Complete 
| 118|0x000000008ac00000, 0x000000008ad00000, 0x000000008ad00000|100%| E|CS|TAMS 0x000000008ac00000, 0x000000008ac00000| Complete 
| 119|0x000000008ad00000, 0x000000008ae00000, 0x000000008ae00000|100%| E|CS|TAMS 0x000000008ad00000, 0x000000008ad00000| Complete 
| 120|0x000000008ae00000, 0x000000008af00000, 0x000000008af00000|100%| E|CS|TAMS 0x000000008ae00000, 0x000000008ae00000| Complete 
| 121|0x000000008af00000, 0x000000008b000000, 0x000000008b000000|100%| E|CS|TAMS 0x000000008af00000, 0x000000008af00000| Complete 
| 122|0x000000008b000000, 0x000000008b100000, 0x000000008b100000|100%| E|CS|TAMS 0x000000008b000000, 0x000000008b000000| Complete 
| 123|0x000000008b100000, 0x000000008b200000, 0x000000008b200000|100%| E|CS|TAMS 0x000000008b100000, 0x000000008b100000| Complete 
| 124|0x000000008b200000, 0x000000008b300000, 0x000000008b300000|100%| E|CS|TAMS 0x000000008b200000, 0x000000008b200000| Complete 
| 125|0x000000008b300000, 0x000000008b400000, 0x000000008b400000|100%| E|CS|TAMS 0x000000008b300000, 0x000000008b300000| Complete 

Card table byte_map: [0x0000023779260000,0x0000023779650000] _byte_map_base: 0x0000023778e45000

Marking Bits (Prev, Next): (CMBitMap*) 0x0000023762387720, (CMBitMap*) 0x0000023762387760
 Prev Bits: [0x0000023779a40000, 0x000002377b968000)
 Next Bits: [0x000002377b970000, 0x000002377d898000)

Polling page: 0x0000023761b10000

Metaspace:

Usage:
  Non-class:      8.68 MB used.
      Class:      1.33 MB used.
       Both:     10.01 MB used.

Virtual space:
  Non-class space:       16.00 MB reserved,       8.75 MB ( 55%) committed,  2 nodes.
      Class space:        1.00 GB reserved,       1.44 MB ( <1%) committed,  1 nodes.
             Both:        1.02 GB reserved,      10.19 MB ( <1%) committed. 

Chunk freelists:
   Non-Class:  2.42 MB
       Class:  2.41 MB
        Both:  4.83 MB

MaxMetaspaceSize: unlimited
CompressedClassSpaceSize: 1.00 GB
Initial GC threshold: 21.00 MB
Current GC threshold: 21.00 MB
CDS: on
MetaspaceReclaimPolicy: balanced
 - commit_granule_bytes: 65536.
 - commit_granule_words: 8192.
 - virtual_space_node_default_size: 1048576.
 - enlarge_chunks_in_place: 1.
 - new_chunks_are_fully_committed: 0.
 - uncommit_free_chunks: 1.
 - use_allocation_guard: 0.
 - handle_deallocations: 1.


Internal statistics:

num_allocs_failed_limit: 0.
num_arena_births: 172.
num_arena_deaths: 0.
num_vsnodes_births: 3.
num_vsnodes_deaths: 0.
num_space_committed: 163.
num_space_uncommitted: 0.
num_chunks_returned_to_freelist: 0.
num_chunks_taken_from_freelist: 486.
num_chunk_merges: 0.
num_chunk_splits: 330.
num_chunks_enlarged: 246.
num_purges: 0.
num_inconsistent_stats: 0.

CodeHeap 'non-profiled nmethods': size=120000Kb used=513Kb max_used=513Kb free=119486Kb
 bounds [0x0000023771610000, 0x0000023771880000, 0x0000023778b40000]
CodeHeap 'profiled nmethods': size=120000Kb used=3503Kb max_used=3503Kb free=116496Kb
 bounds [0x000002376a0e0000, 0x000002376a450000, 0x0000023771610000]
CodeHeap 'non-nmethods': size=5760Kb used=1299Kb max_used=1299Kb free=4460Kb
 bounds [0x0000023769b40000, 0x0000023769db0000, 0x000002376a0e0000]
 total_blobs=2386 nmethods=1771 adapters=527
 compilation: enabled
              stopped_count=0, restarted_count=0
 full_count=0

Compilation events (20 events):
Event: 2.852 Thread 0x00000237003a65a0 1757       2       java.lang.invoke.BoundMethodHandle::rebind (14 bytes)
Event: 2.853 Thread 0x00000237003a65a0 nmethod 1757 0x000002376a433d10 code [0x000002376a433ee0, 0x000002376a4340c8]
Event: 2.853 Thread 0x00000237003a65a0 1758       2       java.lang.invoke.BoundMethodHandle::tooComplex (27 bytes)
Event: 2.853 Thread 0x00000237003a65a0 nmethod 1758 0x000002376a434210 code [0x000002376a4343c0, 0x000002376a434578]
Event: 2.856 Thread 0x00000237003a65a0 1760   !   2       java.lang.invoke.MethodHandleNatives::linkMethodHandleConstant (50 bytes)
Event: 2.857 Thread 0x00000237003a65a0 nmethod 1760 0x000002376a434690 code [0x000002376a434840, 0x000002376a4349e8]
Event: 2.857 Thread 0x00000237003a65a0 1761       2       java.lang.invoke.MethodHandles$Lookup::linkMethodHandleConstant (223 bytes)
Event: 2.858 Thread 0x00000237003a65a0 nmethod 1761 0x000002376a434b90 code [0x000002376a434e80, 0x000002376a4358c8]
Event: 2.858 Thread 0x00000237003a65a0 1762       2       java.util.regex.Pattern::isSupplementary (21 bytes)
Event: 2.859 Thread 0x00000237003a65a0 nmethod 1762 0x000002376a435e90 code [0x000002376a436020, 0x000002376a436178]
Event: 2.859 Thread 0x00000237003a65a0 1763       2       java.lang.Character::isSurrogate (18 bytes)
Event: 2.859 Thread 0x00000237003a65a0 nmethod 1763 0x000002376a436210 code [0x000002376a4363a0, 0x000002376a4364b8]
Event: 2.859 Thread 0x00000237003a65a0 1764       2       java.util.regex.Pattern::peek (26 bytes)
Event: 2.859 Thread 0x00000237003a65a0 nmethod 1764 0x000002376a436590 code [0x000002376a436740, 0x000002376a4368c8]
Event: 2.864 Thread 0x00000237003a65a0 1765       2       java.lang.System$2::findBootstrapClassOrNull (5 bytes)
Event: 2.864 Thread 0x00000237003a65a0 nmethod 1765 0x000002376a436990 code [0x000002376a436b40, 0x000002376a436c98]
Event: 2.864 Thread 0x00000237003a65a0 1766       2       java.lang.ClassLoader::findBootstrapClassOrNull (14 bytes)
Event: 2.864 Thread 0x00000237003a65a0 nmethod 1766 0x000002376a436d90 code [0x000002376a436f40, 0x000002376a437098]
Event: 2.864 Thread 0x00000237003a65a0 1767       2       jdk.internal.loader.ClassLoaders$BootClassLoader::loadClassOrNull (10 bytes)
Event: 2.865 Thread 0x00000237003a65a0 nmethod 1767 0x000002376a437190 code [0x000002376a437340, 0x000002376a437498]

GC Heap History (2 events):
Event: 1.589 GC heap before
{Heap before GC invocations=0 (full 0):
 garbage-first heap   total 129024K, used 22528K [0x0000000083600000, 0x0000000100000000)
  region size 1024K, 23 young (23552K), 0 survivors (0K)
 Metaspace       used 4337K, committed 4544K, reserved 1056768K
  class space    used 502K, committed 576K, reserved 1048576K
}
Event: 1.600 GC heap after
{Heap after GC invocations=1 (full 0):
 garbage-first heap   total 129024K, used 4044K [0x0000000083600000, 0x0000000100000000)
  region size 1024K, 3 young (3072K), 3 survivors (3072K)
 Metaspace       used 4337K, committed 4544K, reserved 1056768K
  class space    used 502K, committed 576K, reserved 1048576K
}

Deoptimization events (20 events):
Event: 2.502 Thread 0x00000237013feb00 Uncommon trap: trap_request=0xffffff45 fr.pc=0x000002377167fb24 relative=0x0000000000000224
Event: 2.502 Thread 0x00000237013feb00 Uncommon trap: reason=unstable_if action=reinterpret pc=0x000002377167fb24 method=com.sun.javafx.css.BitSet$1.hasNext()Z @ 60 c2
Event: 2.502 Thread 0x00000237013feb00 DEOPT PACKING pc=0x000002377167fb24 sp=0x000000f76edfc690
Event: 2.502 Thread 0x00000237013feb00 DEOPT UNPACKING pc=0x0000023769b95c23 sp=0x000000f76edfc608 mode 2
Event: 2.547 Thread 0x00000237013feb00 Uncommon trap: trap_request=0xffffffde fr.pc=0x000002377162ac7c relative=0x0000000000000b7c
Event: 2.547 Thread 0x00000237013feb00 Uncommon trap: reason=class_check action=maybe_recompile pc=0x000002377162ac7c method=java.util.HashMap.putVal(ILjava/lang/Object;Ljava/lang/Object;ZZ)Ljava/lang/Object; @ 91 c2
Event: 2.547 Thread 0x00000237013feb00 DEOPT PACKING pc=0x000002377162ac7c sp=0x000000f76edfda80
Event: 2.547 Thread 0x00000237013feb00 DEOPT UNPACKING pc=0x0000023769b95c23 sp=0x000000f76edfda20 mode 2
Event: 2.577 Thread 0x00000237013feb00 Uncommon trap: trap_request=0xffffff45 fr.pc=0x00000237716852ac relative=0x00000000000001ac
Event: 2.577 Thread 0x00000237013feb00 Uncommon trap: reason=unstable_if action=reinterpret pc=0x00000237716852ac method=java.io.ByteArrayInputStream.read()I @ 8 c2
Event: 2.577 Thread 0x00000237013feb00 DEOPT PACKING pc=0x00000237716852ac sp=0x000000f76edfd450
Event: 2.577 Thread 0x00000237013feb00 DEOPT UNPACKING pc=0x0000023769b95c23 sp=0x000000f76edfd408 mode 2
Event: 2.584 Thread 0x00000237013feb00 Uncommon trap: trap_request=0xffffffde fr.pc=0x000002377162ac7c relative=0x0000000000000b7c
Event: 2.584 Thread 0x00000237013feb00 Uncommon trap: reason=class_check action=maybe_recompile pc=0x000002377162ac7c method=java.util.HashMap.putVal(ILjava/lang/Object;Ljava/lang/Object;ZZ)Ljava/lang/Object; @ 91 c2
Event: 2.584 Thread 0x00000237013feb00 DEOPT PACKING pc=0x000002377162ac7c sp=0x000000f76edfda80
Event: 2.584 Thread 0x00000237013feb00 DEOPT UNPACKING pc=0x0000023769b95c23 sp=0x000000f76edfda20 mode 2
Event: 2.585 Thread 0x00000237013feb00 Uncommon trap: trap_request=0xffffffde fr.pc=0x000002377162ac7c relative=0x0000000000000b7c
Event: 2.585 Thread 0x00000237013feb00 Uncommon trap: reason=class_check action=maybe_recompile pc=0x000002377162ac7c method=java.util.HashMap.putVal(ILjava/lang/Object;Ljava/lang/Object;ZZ)Ljava/lang/Object; @ 91 c2
Event: 2.585 Thread 0x00000237013feb00 DEOPT PACKING pc=0x000002377162ac7c sp=0x000000f76edfda80
Event: 2.585 Thread 0x00000237013feb00 DEOPT UNPACKING pc=0x0000023769b95c23 sp=0x000000f76edfda20 mode 2

Classes unloaded (0 events):
No events

Classes redefined (0 events):
No events

Internal exceptions (20 events):
Event: 2.061 Thread 0x00000237013feb00 Exception <a 'java/lang/ClassNotFoundException'{0x000000008ac1c900}: com/sun/glass/ui/win/themes_ar_DJ> (0x000000008ac1c900) 
thrown [t:\workspace\open\src\hotspot\share\prims\jni.cpp, line 535]
Event: 2.061 Thread 0x00000237013feb00 Exception <a 'java/lang/ClassNotFoundException'{0x000000008ac1e188}: com/sun/glass/ui/win/themes_dyo_Latn> (0x000000008ac1e188) 
thrown [t:\workspace\open\src\hotspot\share\prims\jni.cpp, line 535]
Event: 2.061 Thread 0x00000237013feb00 Exception <a 'java/lang/ClassNotFoundException'{0x000000008ac1f5b8}: com/sun/glass/ui/win/themes_dyo_Latn_SN> (0x000000008ac1f5b8) 
thrown [t:\workspace\open\src\hotspot\share\prims\jni.cpp, line 535]
Event: 2.062 Thread 0x00000237013feb00 Exception <a 'java/lang/ClassNotFoundException'{0x000000008ac20ed0}: com/sun/glass/ui/win/themes_en_VG> (0x000000008ac20ed0) 
thrown [t:\workspace\open\src\hotspot\share\prims\jni.cpp, line 535]
Event: 2.062 Thread 0x00000237013feb00 Exception <a 'java/lang/ClassNotFoundException'{0x000000008ac224e8}: com/sun/glass/ui/win/themes_en_TC> (0x000000008ac224e8) 
thrown [t:\workspace\open\src\hotspot\share\prims\jni.cpp, line 535]
Event: 2.062 Thread 0x00000237013feb00 Exception <a 'java/lang/ClassNotFoundException'{0x000000008ac23b40}: com/sun/glass/ui/win/themes_sv_AX> (0x000000008ac23b40) 
thrown [t:\workspace\open\src\hotspot\share\prims\jni.cpp, line 535]
Event: 2.062 Thread 0x00000237013feb00 Exception <a 'java/lang/ClassNotFoundException'{0x000000008ac25370}: com/sun/glass/ui/win/themes_cs_Latn> (0x000000008ac25370) 
thrown [t:\workspace\open\src\hotspot\share\prims\jni.cpp, line 535]
Event: 2.062 Thread 0x00000237013feb00 Exception <a 'java/lang/ClassNotFoundException'{0x000000008ac26798}: com/sun/glass/ui/win/themes_cs_Latn_CZ> (0x000000008ac26798) 
thrown [t:\workspace\open\src\hotspot\share\prims\jni.cpp, line 535]
Event: 2.063 Thread 0x00000237013feb00 Exception <a 'java/lang/ClassNotFoundException'{0x000000008ac27e78}: com/sun/glass/ui/win/themes_af_NA> (0x000000008ac27e78) 
thrown [t:\workspace\open\src\hotspot\share\prims\jni.cpp, line 535]
Event: 2.063 Thread 0x00000237013feb00 Exception <a 'java/lang/ClassNotFoundException'{0x000000008ac296f8}: com/sun/glass/ui/win/themes_en_IN> (0x000000008ac296f8) 
thrown [t:\workspace\open\src\hotspot\share\prims\jni.cpp, line 535]
Event: 2.063 Thread 0x00000237013feb00 Exception <a 'java/lang/ClassNotFoundException'{0x000000008ac2b170}: com/sun/glass/ui/win/themes_es_NI> (0x000000008ac2b170) 
thrown [t:\workspace\open\src\hotspot\share\prims\jni.cpp, line 535]
Event: 2.063 Thread 0x00000237013feb00 Exception <a 'java/lang/ClassNotFoundException'{0x000000008ac2c9a0}: com/sun/glass/ui/win/themes_ii_Yiii> (0x000000008ac2c9a0) 
thrown [t:\workspace\open\src\hotspot\share\prims\jni.cpp, line 535]
Event: 2.064 Thread 0x00000237013feb00 Exception <a 'java/lang/ClassNotFoundException'{0x000000008ac2ddc8}: com/sun/glass/ui/win/themes_ii_Yiii_CN> (0x000000008ac2ddc8) 
thrown [t:\workspace\open\src\hotspot\share\prims\jni.cpp, line 535]
Event: 2.064 Thread 0x00000237013feb00 Exception <a 'java/lang/ClassNotFoundException'{0x000000008ac2f720}: com/sun/glass/ui/win/themes_mas_TZ> (0x000000008ac2f720) 
thrown [t:\workspace\open\src\hotspot\share\prims\jni.cpp, line 535]
Event: 2.064 Thread 0x00000237013feb00 Exception <a 'java/lang/ClassNotFoundException'{0x000000008ac30fe0}: com/sun/glass/ui/win/themes_ms_BN> (0x000000008ac30fe0) 
thrown [t:\workspace\open\src\hotspot\share\prims\jni.cpp, line 535]
Event: 2.064 Thread 0x00000237013feb00 Exception <a 'java/lang/ClassNotFoundException'{0x000000008ac32690}: com/sun/glass/ui/win/themes_ccp_IN> (0x000000008ac32690) 
thrown [t:\workspace\open\src\hotspot\share\prims\jni.cpp, line 535]
Event: 2.177 Thread 0x00000237013feb00 Exception <a 'java/lang/NoSuchMethodError'{0x000000008a99a0b8}: 'java.lang.Object java.lang.invoke.DirectMethodHandle$Holder.invokeStaticInit(java.lang.Object, java.lang.Object, java.lang.Object, java.lang.Object)'> (0x000000008a99a0b8) 
thrown [t:\workspace\open\src\hotspot\share\interpreter\linkResolver.cpp, line 766]
Event: 2.181 Thread 0x00000237013feb00 Exception <a 'java/lang/NullPointerException'{0x000000008a9a5d80}> (0x000000008a9a5d80) 
thrown [t:\workspace\open\src\hotspot\share\interpreter\linkResolver.cpp, line 1357]
Event: 2.538 Thread 0x00000237013feb00 Exception <a 'java/lang/NoSuchMethodError'{0x0000000089f213e8}: 'void java.lang.invoke.DirectMethodHandle$Holder.invokeStaticInit(java.lang.Object, java.lang.Object)'> (0x0000000089f213e8) 
thrown [t:\workspace\open\src\hotspot\share\interpreter\linkResolver.cpp, line 766]
Event: 2.545 Thread 0x00000237013feb00 Exception <a 'java/lang/NoSuchMethodError'{0x0000000089f567b8}: 'void java.lang.invoke.DirectMethodHandle$Holder.invokeSpecial(java.lang.Object, java.lang.Object, java.lang.Object, java.lang.Object, java.lang.Object)'> (0x0000000089f567b8) 
thrown [t:\workspace\open\src\hotspot\share\interpreter\linkResolver.cpp, line 766]

VM Operations (20 events):
Event: 1.022 Executing VM operation: HandshakeAllThreads
Event: 1.022 Executing VM operation: HandshakeAllThreads done
Event: 1.525 Executing VM operation: HandshakeAllThreads
Event: 1.525 Executing VM operation: HandshakeAllThreads done
Event: 1.525 Executing VM operation: Cleanup
Event: 1.526 Executing VM operation: Cleanup done
Event: 1.589 Executing VM operation: G1CollectForAllocation
Event: 1.600 Executing VM operation: G1CollectForAllocation done
Event: 2.337 Executing VM operation: HandshakeAllThreads
Event: 2.337 Executing VM operation: HandshakeAllThreads done
Event: 2.408 Executing VM operation: HandshakeAllThreads
Event: 2.408 Executing VM operation: HandshakeAllThreads done
Event: 2.503 Executing VM operation: ICBufferFull
Event: 2.504 Executing VM operation: ICBufferFull done
Event: 2.828 Executing VM operation: HandshakeAllThreads
Event: 2.828 Executing VM operation: HandshakeAllThreads done
Event: 2.837 Executing VM operation: HandshakeAllThreads
Event: 2.837 Executing VM operation: HandshakeAllThreads done
Event: 2.854 Executing VM operation: HandshakeAllThreads
Event: 2.854 Executing VM operation: HandshakeAllThreads done

Events (20 events):
Event: 2.826 loading class com/sun/org/apache/xerces/internal/impl/io/MalformedByteSequenceException done
Event: 2.837 loading class java/util/concurrent/Executors$FinalizableDelegatedExecutorService
Event: 2.837 loading class java/util/concurrent/Executors$DelegatedExecutorService
Event: 2.837 loading class java/util/concurrent/Executors$DelegatedExecutorService done
Event: 2.837 loading class java/util/concurrent/Executors$FinalizableDelegatedExecutorService done
Event: 2.838 Thread 0x0000023706931cf0 Thread added: 0x0000023706931cf0
Event: 2.853 loading class javax/naming/NamingException
Event: 2.853 loading class javax/naming/NamingException done
Event: 2.856 loading class java/io/UnsupportedEncodingException
Event: 2.856 loading class java/io/UnsupportedEncodingException done
Event: 2.857 loading class java/util/regex/Pattern$Neg
Event: 2.857 loading class java/util/regex/Pattern$Neg done
Event: 2.861 loading class java/net/URLDecoder
Event: 2.862 loading class java/net/URLDecoder done
Event: 2.862 loading class java/net/URLEncoder
Event: 2.862 loading class java/net/URLEncoder done
Event: 2.862 loading class java/util/BitSet
Event: 2.862 loading class java/util/BitSet done
Event: 2.870 loading class java/lang/invoke/MethodHandle$1
Event: 2.870 loading class java/lang/invoke/MethodHandle$1 done


Dynamic libraries:
0x00007ff692110000 - 0x00007ff692120000 	C:\Program Files\Java\jdk-17\bin\javaw.exe
0x00007ffa98530000 - 0x00007ffa98746000 	C:\WINDOWS\SYSTEM32\ntdll.dll
0x00007ffa970c0000 - 0x00007ffa97184000 	C:\WINDOWS\System32\KERNEL32.DLL
0x00007ffa958e0000 - 0x00007ffa95c86000 	C:\WINDOWS\System32\KERNELBASE.dll
0x00007ffa95fc0000 - 0x00007ffa960d1000 	C:\WINDOWS\System32\ucrtbase.dll
0x00007ffa6fd70000 - 0x00007ffa6fd8a000 	C:\Program Files\Java\jdk-17\bin\VCRUNTIME140.dll
0x00007ffa77ec0000 - 0x00007ffa77ed8000 	C:\Program Files\Java\jdk-17\bin\jli.dll
0x00007ffa97360000 - 0x00007ffa97412000 	C:\WINDOWS\System32\ADVAPI32.dll
0x00007ffa967a0000 - 0x00007ffa96847000 	C:\WINDOWS\System32\msvcrt.dll
0x00007ffa97780000 - 0x00007ffa97828000 	C:\WINDOWS\System32\sechost.dll
0x00007ffa95f90000 - 0x00007ffa95fb8000 	C:\WINDOWS\System32\bcrypt.dll
0x00007ffa97240000 - 0x00007ffa97355000 	C:\WINDOWS\System32\RPCRT4.dll
0x00007ffa97420000 - 0x00007ffa975cd000 	C:\WINDOWS\System32\USER32.dll
0x00007ffa960e0000 - 0x00007ffa96106000 	C:\WINDOWS\System32\win32u.dll
0x00007ffa79710000 - 0x00007ffa799a3000 	C:\WINDOWS\WinSxS\amd64_microsoft.windows.common-controls_6595b64144ccf1df_6.0.22621.3235_none_270f74e173860f98\COMCTL32.dll
0x00007ffa976d0000 - 0x00007ffa976f9000 	C:\WINDOWS\System32\GDI32.dll
0x00007ffa95e70000 - 0x00007ffa95f88000 	C:\WINDOWS\System32\gdi32full.dll
0x00007ffa95dd0000 - 0x00007ffa95e6a000 	C:\WINDOWS\System32\msvcp_win.dll
0x00007ffa8a7f0000 - 0x00007ffa8a7fa000 	C:\WINDOWS\SYSTEM32\VERSION.dll
0x00007ffa979f0000 - 0x00007ffa97a21000 	C:\WINDOWS\System32\IMM32.DLL
0x00007ffa7c350000 - 0x00007ffa7c35c000 	C:\Program Files\Java\jdk-17\bin\vcruntime140_1.dll
0x00007ffa6c830000 - 0x00007ffa6c8bd000 	C:\Program Files\Java\jdk-17\bin\msvcp140.dll
0x00007ffa19240000 - 0x00007ffa19dfe000 	C:\Program Files\Java\jdk-17\bin\server\jvm.dll
0x00007ffa96670000 - 0x00007ffa96678000 	C:\WINDOWS\System32\PSAPI.DLL
0x00007ffa8df80000 - 0x00007ffa8dfb4000 	C:\WINDOWS\SYSTEM32\WINMM.dll
0x00007ffa697a0000 - 0x00007ffa697a9000 	C:\WINDOWS\SYSTEM32\WSOCK32.dll
0x00007ffa97700000 - 0x00007ffa97771000 	C:\WINDOWS\System32\WS2_32.dll
0x00007ffa948b0000 - 0x00007ffa948c8000 	C:\WINDOWS\SYSTEM32\kernel.appcore.dll
0x00007ffa90a20000 - 0x00007ffa90a2a000 	C:\Program Files\Java\jdk-17\bin\jimage.dll
0x00007ffa93200000 - 0x00007ffa93433000 	C:\WINDOWS\SYSTEM32\DBGHELP.DLL
0x00007ffa962e0000 - 0x00007ffa96668000 	C:\WINDOWS\System32\combase.dll
0x00007ffa975d0000 - 0x00007ffa976a7000 	C:\WINDOWS\System32\OLEAUT32.dll
0x00007ffa6bd30000 - 0x00007ffa6bd62000 	C:\WINDOWS\SYSTEM32\dbgcore.DLL
0x00007ffa95c90000 - 0x00007ffa95d0a000 	C:\WINDOWS\System32\bcryptPrimitives.dll
0x00007ffa783a0000 - 0x00007ffa783c5000 	C:\Program Files\Java\jdk-17\bin\java.dll
0x00007ffa6fd90000 - 0x00007ffa6fe66000 	C:\Program Files\Java\jdk-17\bin\svml.dll
0x00007ffa97a30000 - 0x00007ffa9828d000 	C:\WINDOWS\System32\SHELL32.dll
0x00007ffa937d0000 - 0x00007ffa940c8000 	C:\WINDOWS\SYSTEM32\windows.storage.dll
0x00007ffa93690000 - 0x00007ffa937ce000 	C:\WINDOWS\SYSTEM32\wintypes.dll
0x00007ffa98290000 - 0x00007ffa98383000 	C:\WINDOWS\System32\SHCORE.dll
0x00007ffa96ff0000 - 0x00007ffa9704e000 	C:\WINDOWS\System32\shlwapi.dll
0x00007ffa957a0000 - 0x00007ffa957c6000 	C:\WINDOWS\SYSTEM32\profapi.dll
0x00007ffa901a0000 - 0x00007ffa901b9000 	C:\Program Files\Java\jdk-17\bin\net.dll
0x00007ffa8e1b0000 - 0x00007ffa8e2e7000 	C:\WINDOWS\SYSTEM32\WINHTTP.dll
0x00007ffa94d90000 - 0x00007ffa94df9000 	C:\WINDOWS\system32\mswsock.dll
0x00007ffa8e850000 - 0x00007ffa8e865000 	C:\Program Files\Java\jdk-17\bin\nio.dll
0x00007ffa7ec00000 - 0x00007ffa7ec18000 	C:\Program Files\Java\jdk-17\bin\zip.dll
0x0000023700590000 - 0x0000023700593000 	C:\Users\yosry\Downloads\openjfx-22_windows-x64_bin-sdk\javafx-sdk-22\bin\api-ms-win-core-console-l1-1-0.dll
0x00000237005a0000 - 0x00000237005a3000 	C:\Users\yosry\Downloads\openjfx-22_windows-x64_bin-sdk\javafx-sdk-22\bin\api-ms-win-core-console-l1-2-0.dll
0x00000237005b0000 - 0x00000237005b3000 	C:\Users\yosry\Downloads\openjfx-22_windows-x64_bin-sdk\javafx-sdk-22\bin\api-ms-win-core-datetime-l1-1-0.dll
0x00000237005c0000 - 0x00000237005c3000 	C:\Users\yosry\Downloads\openjfx-22_windows-x64_bin-sdk\javafx-sdk-22\bin\api-ms-win-core-debug-l1-1-0.dll
0x00000237005d0000 - 0x00000237005d3000 	C:\Users\yosry\Downloads\openjfx-22_windows-x64_bin-sdk\javafx-sdk-22\bin\api-ms-win-core-errorhandling-l1-1-0.dll
0x00000237005e0000 - 0x00000237005e4000 	C:\Users\yosry\Downloads\openjfx-22_windows-x64_bin-sdk\javafx-sdk-22\bin\api-ms-win-core-file-l1-1-0.dll
0x00000237005f0000 - 0x00000237005f3000 	C:\Users\yosry\Downloads\openjfx-22_windows-x64_bin-sdk\javafx-sdk-22\bin\api-ms-win-core-file-l1-2-0.dll
0x0000023700600000 - 0x0000023700603000 	C:\Users\yosry\Downloads\openjfx-22_windows-x64_bin-sdk\javafx-sdk-22\bin\api-ms-win-core-file-l2-1-0.dll
0x0000023700610000 - 0x0000023700613000 	C:\Users\yosry\Downloads\openjfx-22_windows-x64_bin-sdk\javafx-sdk-22\bin\api-ms-win-core-handle-l1-1-0.dll
0x0000023700620000 - 0x0000023700623000 	C:\Users\yosry\Downloads\openjfx-22_windows-x64_bin-sdk\javafx-sdk-22\bin\api-ms-win-core-heap-l1-1-0.dll
0x0000023700630000 - 0x0000023700633000 	C:\Users\yosry\Downloads\openjfx-22_windows-x64_bin-sdk\javafx-sdk-22\bin\api-ms-win-core-interlocked-l1-1-0.dll
0x0000023700640000 - 0x0000023700643000 	C:\Users\yosry\Downloads\openjfx-22_windows-x64_bin-sdk\javafx-sdk-22\bin\api-ms-win-core-libraryloader-l1-1-0.dll
0x0000023700650000 - 0x0000023700653000 	C:\Users\yosry\Downloads\openjfx-22_windows-x64_bin-sdk\javafx-sdk-22\bin\api-ms-win-core-localization-l1-2-0.dll
0x0000023700660000 - 0x0000023700663000 	C:\Users\yosry\Downloads\openjfx-22_windows-x64_bin-sdk\javafx-sdk-22\bin\api-ms-win-core-memory-l1-1-0.dll
0x0000023700670000 - 0x0000023700673000 	C:\Users\yosry\Downloads\openjfx-22_windows-x64_bin-sdk\javafx-sdk-22\bin\api-ms-win-core-namedpipe-l1-1-0.dll
0x0000023700680000 - 0x0000023700683000 	C:\Users\yosry\Downloads\openjfx-22_windows-x64_bin-sdk\javafx-sdk-22\bin\api-ms-win-core-processenvironment-l1-1-0.dll
0x0000023700690000 - 0x0000023700693000 	C:\Users\yosry\Downloads\openjfx-22_windows-x64_bin-sdk\javafx-sdk-22\bin\api-ms-win-core-processthreads-l1-1-0.dll
0x00000237006a0000 - 0x00000237006a3000 	C:\Users\yosry\Downloads\openjfx-22_windows-x64_bin-sdk\javafx-sdk-22\bin\api-ms-win-core-processthreads-l1-1-1.dll
0x00000237006b0000 - 0x00000237006b3000 	C:\Users\yosry\Downloads\openjfx-22_windows-x64_bin-sdk\javafx-sdk-22\bin\api-ms-win-core-profile-l1-1-0.dll
0x00000237006c0000 - 0x00000237006c3000 	C:\Users\yosry\Downloads\openjfx-22_windows-x64_bin-sdk\javafx-sdk-22\bin\api-ms-win-core-rtlsupport-l1-1-0.dll
0x00000237006d0000 - 0x00000237006d3000 	C:\Users\yosry\Downloads\openjfx-22_windows-x64_bin-sdk\javafx-sdk-22\bin\api-ms-win-core-string-l1-1-0.dll
0x00000237006e0000 - 0x00000237006e3000 	C:\Users\yosry\Downloads\openjfx-22_windows-x64_bin-sdk\javafx-sdk-22\bin\api-ms-win-core-synch-l1-1-0.dll
0x00000237006f0000 - 0x00000237006f3000 	C:\Users\yosry\Downloads\openjfx-22_windows-x64_bin-sdk\javafx-sdk-22\bin\api-ms-win-core-synch-l1-2-0.dll
0x0000023700700000 - 0x0000023700703000 	C:\Users\yosry\Downloads\openjfx-22_windows-x64_bin-sdk\javafx-sdk-22\bin\api-ms-win-core-sysinfo-l1-1-0.dll
0x0000023700710000 - 0x0000023700713000 	C:\Users\yosry\Downloads\openjfx-22_windows-x64_bin-sdk\javafx-sdk-22\bin\api-ms-win-core-timezone-l1-1-0.dll
0x0000023700720000 - 0x0000023700723000 	C:\Users\yosry\Downloads\openjfx-22_windows-x64_bin-sdk\javafx-sdk-22\bin\api-ms-win-core-util-l1-1-0.dll
0x0000023700730000 - 0x0000023700733000 	C:\Users\yosry\Downloads\openjfx-22_windows-x64_bin-sdk\javafx-sdk-22\bin\api-ms-win-crt-conio-l1-1-0.dll
0x0000023700740000 - 0x0000023700744000 	C:\Users\yosry\Downloads\openjfx-22_windows-x64_bin-sdk\javafx-sdk-22\bin\api-ms-win-crt-convert-l1-1-0.dll
0x0000023700750000 - 0x0000023700753000 	C:\Users\yosry\Downloads\openjfx-22_windows-x64_bin-sdk\javafx-sdk-22\bin\api-ms-win-crt-environment-l1-1-0.dll
0x0000023700760000 - 0x0000023700763000 	C:\Users\yosry\Downloads\openjfx-22_windows-x64_bin-sdk\javafx-sdk-22\bin\api-ms-win-crt-filesystem-l1-1-0.dll
0x0000023700770000 - 0x0000023700773000 	C:\Users\yosry\Downloads\openjfx-22_windows-x64_bin-sdk\javafx-sdk-22\bin\api-ms-win-crt-heap-l1-1-0.dll
0x0000023700780000 - 0x0000023700783000 	C:\Users\yosry\Downloads\openjfx-22_windows-x64_bin-sdk\javafx-sdk-22\bin\api-ms-win-crt-locale-l1-1-0.dll
0x0000023700790000 - 0x0000023700795000 	C:\Users\yosry\Downloads\openjfx-22_windows-x64_bin-sdk\javafx-sdk-22\bin\api-ms-win-crt-math-l1-1-0.dll
0x00000237007a0000 - 0x00000237007a5000 	C:\Users\yosry\Downloads\openjfx-22_windows-x64_bin-sdk\javafx-sdk-22\bin\api-ms-win-crt-multibyte-l1-1-0.dll
0x00000237007b0000 - 0x00000237007c0000 	C:\Users\yosry\Downloads\openjfx-22_windows-x64_bin-sdk\javafx-sdk-22\bin\api-ms-win-crt-private-l1-1-0.dll
0x00000237007c0000 - 0x00000237007c3000 	C:\Users\yosry\Downloads\openjfx-22_windows-x64_bin-sdk\javafx-sdk-22\bin\api-ms-win-crt-process-l1-1-0.dll
0x00000237007d0000 - 0x00000237007d4000 	C:\Users\yosry\Downloads\openjfx-22_windows-x64_bin-sdk\javafx-sdk-22\bin\api-ms-win-crt-runtime-l1-1-0.dll
0x00000237007e0000 - 0x00000237007e4000 	C:\Users\yosry\Downloads\openjfx-22_windows-x64_bin-sdk\javafx-sdk-22\bin\api-ms-win-crt-stdio-l1-1-0.dll
0x00000237007f0000 - 0x00000237007f4000 	C:\Users\yosry\Downloads\openjfx-22_windows-x64_bin-sdk\javafx-sdk-22\bin\api-ms-win-crt-string-l1-1-0.dll
0x0000023701400000 - 0x0000023701403000 	C:\Users\yosry\Downloads\openjfx-22_windows-x64_bin-sdk\javafx-sdk-22\bin\api-ms-win-crt-time-l1-1-0.dll
0x0000023701410000 - 0x0000023701413000 	C:\Users\yosry\Downloads\openjfx-22_windows-x64_bin-sdk\javafx-sdk-22\bin\api-ms-win-crt-utility-l1-1-0.dll
0x00007ffa1a170000 - 0x00007ffa1a26c000 	C:\Users\yosry\Downloads\openjfx-22_windows-x64_bin-sdk\javafx-sdk-22\bin\ucrtbase.dll
0x00007ffa6c810000 - 0x00007ffa6c82b000 	C:\Users\yosry\Downloads\openjfx-22_windows-x64_bin-sdk\javafx-sdk-22\bin\vcruntime140.dll
0x00007ffa78690000 - 0x00007ffa7869c000 	C:\Users\yosry\Downloads\openjfx-22_windows-x64_bin-sdk\javafx-sdk-22\bin\vcruntime140_1.dll
0x00007ffa58750000 - 0x00007ffa587de000 	C:\Users\yosry\Downloads\openjfx-22_windows-x64_bin-sdk\javafx-sdk-22\bin\msvcp140.dll
0x00007ffa6fd30000 - 0x00007ffa6fd39000 	C:\Users\yosry\Downloads\openjfx-22_windows-x64_bin-sdk\javafx-sdk-22\bin\msvcp140_1.dll
0x00007ffa56480000 - 0x00007ffa564c1000 	C:\Users\yosry\Downloads\openjfx-22_windows-x64_bin-sdk\javafx-sdk-22\bin\msvcp140_2.dll
0x00007ffa6a0e0000 - 0x00007ffa6a110000 	C:\Users\yosry\Downloads\openjfx-22_windows-x64_bin-sdk\javafx-sdk-22\bin\prism_d3d.dll
0x00007ffa153c0000 - 0x00007ffa15569000 	C:\WINDOWS\system32\d3d9.dll
0x00007ffa92c60000 - 0x00007ffa92c8b000 	C:\WINDOWS\SYSTEM32\dwmapi.dll
0x00007ffa92b10000 - 0x00007ffa92b49000 	C:\WINDOWS\SYSTEM32\dxcore.dll
0x00007ffa92a00000 - 0x00007ffa92aab000 	C:\WINDOWS\system32\uxtheme.dll
0x00007ffa15210000 - 0x00007ffa153bc000 	C:\WINDOWS\System32\DriverStore\FileRepository\iigd_dch.inf_amd64_9b53505f87f3498b\igdumdim64.dll
0x00007ffa96e50000 - 0x00007ffa96fef000 	C:\WINDOWS\System32\ole32.dll
0x00007ffa0e5a0000 - 0x00007ffa12e04000 	C:\WINDOWS\System32\DriverStore\FileRepository\iigd_dch.inf_amd64_9b53505f87f3498b\igd9dxva64.dll
0x00007ffa96850000 - 0x00007ffa96cc4000 	C:\WINDOWS\System32\SETUPAPI.dll
0x00007ffa95560000 - 0x00007ffa955ae000 	C:\WINDOWS\SYSTEM32\cfgmgr32.dll
0x00007ffa84ee0000 - 0x00007ffa852e9000 	C:\WINDOWS\System32\DriverStore\FileRepository\iigd_dch.inf_amd64_9b53505f87f3498b\igdgmm64.dll
0x00007ffa8e360000 - 0x00007ffa8e3aa000 	C:\WINDOWS\SYSTEM32\directxdatabasehelper.dll
0x00007ffa56430000 - 0x00007ffa56475000 	C:\Users\yosry\Downloads\openjfx-22_windows-x64_bin-sdk\javafx-sdk-22\bin\glass.dll
0x00007ffa96680000 - 0x00007ffa96779000 	C:\WINDOWS\System32\COMDLG32.dll
0x00007ffa98390000 - 0x00007ffa984e4000 	C:\WINDOWS\System32\MSCTF.dll
0x00007ffa7d000000 - 0x00007ffa7d027000 	C:\WINDOWS\System32\DriverStore\FileRepository\iigd_dch.inf_amd64_9b53505f87f3498b\igdinfo64.dll
0x00007ffa80800000 - 0x00007ffa84e84000 	C:\WINDOWS\System32\DriverStore\FileRepository\iigd_dch.inf_amd64_9b53505f87f3498b\igc64.dll
0x00007ffa97190000 - 0x00007ffa97240000 	C:\WINDOWS\System32\clbcatq.dll
0x00007ffa7d060000 - 0x00007ffa7d1d4000 	C:\Windows\System32\Windows.UI.dll
0x00007ffa7bba0000 - 0x00007ffa7bd15000 	C:\Windows\System32\Windows.UI.Immersive.dll
0x00007ffa58b90000 - 0x00007ffa58ba4000 	C:\Users\yosry\Downloads\openjfx-22_windows-x64_bin-sdk\javafx-sdk-22\bin\javafx_font.dll
0x00007ffa91000000 - 0x00007ffa91274000 	C:\WINDOWS\SYSTEM32\dwrite.dll

dbghelp: loaded successfully - version: 4.0.5 - missing functions: none
symbol engine: initialized successfully - sym options: 0x614 - pdb path: .;C:\Program Files\Java\jdk-17\bin;C:\WINDOWS\SYSTEM32;C:\WINDOWS\WinSxS\amd64_microsoft.windows.common-controls_6595b64144ccf1df_6.0.22621.3235_none_270f74e173860f98;C:\Program Files\Java\jdk-17\bin\server;C:\Users\yosry\Downloads\openjfx-22_windows-x64_bin-sdk\javafx-sdk-22\bin;C:\WINDOWS\System32\DriverStore\FileRepository\iigd_dch.inf_amd64_9b53505f87f3498b

VM Arguments:
jvm_args: --module-path=C:\Users\yosry\Downloads\openjfx-22_windows-x64_bin-sdk\javafx-sdk-22\lib --add-modules=javafx.controls,javafx.fxml -Dfile.encoding=UTF-8 -Dstdout.encoding=UTF-8 -Dstderr.encoding=UTF-8 --module-path=C:\Users\yosry\.p2\pool\plugins\org.eclipse.fx.ide.css.jfx8_3.8.0.202204150904.jar;C:\Users\yosry\Downloads\openjfx-22_windows-x64_bin-sdk\javafx-sdk-22\lib\javafx.base.jar;C:\Users\yosry\Downloads\openjfx-22_windows-x64_bin-sdk\javafx-sdk-22\lib\javafx.controls.jar;C:\Users\yosry\Downloads\openjfx-22_windows-x64_bin-sdk\javafx-sdk-22\lib\javafx.fxml.jar;C:\Users\yosry\Downloads\openjfx-22_windows-x64_bin-sdk\javafx-sdk-22\lib\javafx.graphics.jar;C:\Users\yosry\Downloads\openjfx-22_windows-x64_bin-sdk\javafx-sdk-22\lib\javafx.media.jar;C:\Users\yosry\Downloads\openjfx-22_windows-x64_bin-sdk\javafx-sdk-22\lib\javafx.swing.jar;C:\Users\yosry\Downloads\openjfx-22_windows-x64_bin-sdk\javafx-sdk-22\lib\javafx.web.jar;C:\Users\yosry\Downloads\openjfx-22_windows-x64_bin-sdk\javafx-sdk-22\lib\javafx-swt.jar -XX:+ShowCodeDetailsInExceptionMessages 
java_command: application.Main
java_class_path (initial): C:\Users\yosry\eclipse-workspace\IDE_2024\TuniCollab\bin;C:\Users\yosry\Downloads\mysql-connector-j-8.3.0\mysql-connector-j-8.3.0\mysql-connector-j-8.3.0.jar
Launcher Type: SUN_STANDARD

[Global flags]
     intx CICompilerCount                          = 4                                         {product} {ergonomic}
     uint ConcGCThreads                            = 2                                         {product} {ergonomic}
     uint G1ConcRefinementThreads                  = 8                                         {product} {ergonomic}
   size_t G1HeapRegionSize                         = 1048576                                   {product} {ergonomic}
    uintx GCDrainStackTargetSize                   = 64                                        {product} {ergonomic}
   size_t InitialHeapSize                          = 132120576                                 {product} {ergonomic}
   size_t MarkStackSize                            = 4194304                                   {product} {ergonomic}
   size_t MaxHeapSize                              = 2090860544                                {product} {ergonomic}
   size_t MaxNewSize                               = 1254096896                                {product} {ergonomic}
   size_t MinHeapDeltaBytes                        = 1048576                                   {product} {ergonomic}
   size_t MinHeapSize                              = 8388608                                   {product} {ergonomic}
    uintx NonNMethodCodeHeapSize                   = 5839372                                {pd product} {ergonomic}
    uintx NonProfiledCodeHeapSize                  = 122909434                              {pd product} {ergonomic}
    uintx ProfiledCodeHeapSize                     = 122909434                              {pd product} {ergonomic}
    uintx ReservedCodeCacheSize                    = 251658240                              {pd product} {ergonomic}
     bool SegmentedCodeCache                       = true                                      {product} {ergonomic}
     bool ShowCodeDetailsInExceptionMessages       = true                                   {manageable} {command line}
   size_t SoftMaxHeapSize                          = 2090860544                             {manageable} {ergonomic}
     bool UseCompressedClassPointers               = true                           {product lp64_product} {ergonomic}
     bool UseCompressedOops                        = true                           {product lp64_product} {ergonomic}
     bool UseG1GC                                  = true                                      {product} {ergonomic}
     bool UseLargePagesIndividualAllocation        = false                                  {pd product} {ergonomic}

Logging:
Log output configuration:
 #0: stdout all=warning uptime,level,tags
 #1: stderr all=off uptime,level,tags

Environment Variables:
JAVA_HOME=C:\Program Files\Java\jdk-17
PATH=C:/Program Files/Java/jdk-17/bin/server;C:/Program Files/Java/jdk-17/bin;C:\Python311\Scripts\;C:\Python311\;C:\Program Files\Java\jdk-11.0.16.1\bin;C:\oraclexe\app\oracle\product\11.2.0\server\bin;C:\Program Files\Common Files\Oracle\Java\javapath;C:\Program Files (x86)\Common Files\Oracle\Java\javapath;C:\windows\system32;C:\windows;C:\windows\System32\Wbem;C:\windows\System32\WindowsPowerShell\v1.0\;C:\windows\System32\OpenSSH\;C:\Program Files (x86)\NVIDIA Corporation\PhysX\Common;C:\Program Files\NVIDIA Corporation\NVIDIA NvDLISR;C:\Program Files\Git\cmd;C:\xampp\php;C:\ProgramData\ComposerSetup\bin;C:\Program Files\OpenSSL-Win64\bin;C:\WINDOWS\system32;C:\WINDOWS;C:\WINDOWS\System32\Wbem;C:\WINDOWS\System32\WindowsPowerShell\v1.0\;C:\WINDOWS\System32\OpenSSH\;C:\ProgramData\chocolatey\bin;C:\Users\yosry\AppData\Roaming\nvm;C:\Program Files\nodejs;C:\Program Files (x86)\GnuWin32\bin;C:\Program Files (x86)\CodeBlocks\MinGW\bin;C:\Users\yosry\scoop\shims;C:\Program Files\Java\jdk-17;C:\Program Files\MySQL\MySQL Shell 8.0\bin\;C:\Users\yosry\AppData\Local\Microsoft\WindowsApps;C:\Users\yosry\AppData\Local\Programs\Microsoft VS Code\bin;C:\src\flutter\bin;C:\Users\yosry\AppData\Roaming\Composer\vendor\bin;C:\Program Files\OpenSSL-Win64;C:\Users\yosry\AppData\Roaming\npm;C:\Users\yosry\AppData\Roaming\nvm;C:\Program Files\nodejs;C:\Program Files\JetBrains\IntelliJ IDEA 2023.2.2\bin;;C:\Program Files (x86)\CodeBlocks\MinGW\bin;C:\Users\yosry\AppData\Local\GitHubDesktop\bin;C:\WINDOWS\System32;
USERNAME=yosry
OS=Windows_NT
PROCESSOR_IDENTIFIER=Intel64 Family 6 Model 126 Stepping 5, GenuineIntel



---------------  S Y S T E M  ---------------

OS:
 Windows 10 , 64 bit Build 22621 (10.0.22621.3235)
OS uptime: 8 days 7:18 hours

CPU: total 8 (initial active 8) (4 cores per cpu, 2 threads per core) family 6 model 126 stepping 5 microcode 0x96, cx8, cmov, fxsr, ht, mmx, 3dnowpref, sse, sse2, sse3, ssse3, sse4.1, sse4.2, popcnt, lzcnt, tsc, tscinvbit, avx, avx2, aes, erms, clmul, bmi1, bmi2, adx, avx512f, avx512dq, avx512cd, avx512bw, avx512vl, sha, fma, vzeroupper, avx512_vpopcntdq, avx512_vpclmulqdq, avx512_vaes, avx512_vnni, clflush, clflushopt, avx512_vbmi2, avx512_vbmi

Memory: 4k page, system-wide physical 7973M (298M free)
TotalPageFile size 32549M (AvailPageFile size 4M)
current process WorkingSet (physical memory assigned to process): 123M, peak: 123M
current process commit charge ("private bytes"): 263M, peak: 265M

vm_info: Java HotSpot(TM) 64-Bit Server VM (17+35-LTS-2724) for windows-amd64 JRE (17+35-LTS-2724), built on Aug  5 2021 23:28:28 by "mach5one" with MS VC++ 16.8 (VS2019)

END.
