#
# There is insufficient memory for the Java Runtime Environment to continue.
# Native memory allocation (malloc) failed to allocate 32784 bytes for Chunk::new
# Possible reasons:
#   The system is out of physical RAM or swap space
#   The process is running with CompressedOops enabled, and the Java Heap may be blocking the growth of the native heap
# Possible solutions:
#   Reduce memory load on the system
#   Increase physical memory or swap space
#   Check if swap backing store is full
#   Decrease Java heap size (-Xmx/-Xms)
#   Decrease number of Java threads
#   Decrease Java thread stack sizes (-Xss)
#   Set larger code cache with -XX:ReservedCodeCacheSize=
#   JVM is running with Unscaled Compressed Oops mode in which the Java heap is
#     placed in the first 4GB address space. The Java Heap base address is the
#     maximum limit for the native heap growth. Please use -XX:HeapBaseMinAddress
#     to set the Java Heap base and to place the Java Heap above 4GB virtual address.
# This output file may be truncated or incomplete.
#
#  Out of Memory Error (arena.cpp:189), pid=58780, tid=61424
#
# JRE version: Java(TM) SE Runtime Environment (17.0+35) (build 17+35-LTS-2724)
# Java VM: Java HotSpot(TM) 64-Bit Server VM (17+35-LTS-2724, mixed mode, sharing, tiered, compressed oops, compressed class ptrs, g1 gc, windows-amd64)
# No core dump will be written. Minidumps are not enabled by default on client versions of Windows
#

---------------  S U M M A R Y ------------

Command Line: --module-path=C:\Users\yosry\Downloads\openjfx-22_windows-x64_bin-sdk\javafx-sdk-22\lib --add-modules=javafx.controls,javafx.fxml -Dfile.encoding=UTF-8 -Dstdout.encoding=UTF-8 -Dstderr.encoding=UTF-8 --module-path=C:\Users\yosry\.p2\pool\plugins\org.eclipse.fx.ide.css.jfx8_3.8.0.202204150904.jar;C:\Users\yosry\Downloads\openjfx-22_windows-x64_bin-sdk\javafx-sdk-22\lib\javafx.base.jar;C:\Users\yosry\Downloads\openjfx-22_windows-x64_bin-sdk\javafx-sdk-22\lib\javafx.controls.jar;C:\Users\yosry\Downloads\openjfx-22_windows-x64_bin-sdk\javafx-sdk-22\lib\javafx.fxml.jar;C:\Users\yosry\Downloads\openjfx-22_windows-x64_bin-sdk\javafx-sdk-22\lib\javafx.graphics.jar;C:\Users\yosry\Downloads\openjfx-22_windows-x64_bin-sdk\javafx-sdk-22\lib\javafx.media.jar;C:\Users\yosry\Downloads\openjfx-22_windows-x64_bin-sdk\javafx-sdk-22\lib\javafx.swing.jar;C:\Users\yosry\Downloads\openjfx-22_windows-x64_bin-sdk\javafx-sdk-22\lib\javafx.web.jar;C:\Users\yosry\Downloads\openjfx-22_windows-x64_bin-sdk\javafx-sdk-22\lib\javafx-swt.jar -XX:+ShowCodeDetailsInExceptionMessages application.Main

Host: Intel(R) Core(TM) i7-1065G7 CPU @ 1.30GHz, 8 cores, 7G,  Windows 10 , 64 bit Build 22621 (10.0.22621.3235)
Time: Mon Mar 25 05:53:18 2024 Afr. centrale Ouest elapsed time: 17.137587 seconds (0d 0h 0m 17s)

---------------  T H R E A D  ---------------

Current thread (0x00000210af079420):  JavaThread "C2 CompilerThread0" daemon [_thread_in_native, id=61424, stack(0x0000005e34500000,0x0000005e34600000)]


Current CompileTask:
C2:  17137 3134       4       java.lang.invoke.MethodType::makeImpl (109 bytes)

Stack: [0x0000005e34500000,0x0000005e34600000]
Native frames: (J=compiled Java code, j=interpreted, Vv=VM code, C=native code)
V  [jvm.dll+0x66f8ea]
V  [jvm.dll+0x7ce224]
V  [jvm.dll+0x7cf9ce]
V  [jvm.dll+0x7d0033]
V  [jvm.dll+0x242bb5]
V  [jvm.dll+0xaa05b]
V  [jvm.dll+0xaa5ec]
V  [jvm.dll+0xb757d]
V  [jvm.dll+0x56932e]
V  [jvm.dll+0x5674e0]
V  [jvm.dll+0x567ef0]
V  [jvm.dll+0x5672fe]
V  [jvm.dll+0x5672c5]
V  [jvm.dll+0x567311]
V  [jvm.dll+0x567311]
V  [jvm.dll+0x567311]
V  [jvm.dll+0x567311]
V  [jvm.dll+0x567311]
V  [jvm.dll+0x567311]
V  [jvm.dll+0x567311]
V  [jvm.dll+0x567311]
V  [jvm.dll+0x567311]
V  [jvm.dll+0x567311]
V  [jvm.dll+0x567311]
V  [jvm.dll+0x567311]
V  [jvm.dll+0x567311]
V  [jvm.dll+0x567311]
V  [jvm.dll+0x578cf8]
V  [jvm.dll+0x21de2d]
V  [jvm.dll+0x21e20f]
V  [jvm.dll+0x217ada]
V  [jvm.dll+0x214fb5]
V  [jvm.dll+0x1a168d]
V  [jvm.dll+0x2248f8]
V  [jvm.dll+0x222a5c]
V  [jvm.dll+0x78422b]
V  [jvm.dll+0x77e7ea]
V  [jvm.dll+0x66e715]
C  [ucrtbase.dll+0x29363]
C  [KERNEL32.DLL+0x1257d]
C  [ntdll.dll+0x5aa58]


---------------  P R O C E S S  ---------------

Threads class SMR info:
_java_thread_list=0x00000210afc09620, length=20, elements={
0x0000021091112b00, 0x00000210af05c890, 0x00000210af05d440, 0x00000210af06cd20,
0x00000210af06d8d0, 0x00000210af0718b0, 0x00000210af074270, 0x00000210af079420,
0x00000210af084600, 0x00000210af08eb10, 0x00000210af047ba0, 0x00000210aff795f0,
0x00000210affb1ab0, 0x00000210b019db20, 0x00000210b0490090, 0x00000210b0593ec0,
0x00000210b06090a0, 0x00000210b5123840, 0x00000210b763fa20, 0x00000210b763ced0
}

Java Threads: ( => current thread )
  0x0000021091112b00 JavaThread "main" [_thread_blocked, id=49520, stack(0x0000005e33800000,0x0000005e33900000)]
  0x00000210af05c890 JavaThread "Reference Handler" daemon [_thread_blocked, id=61084, stack(0x0000005e33f00000,0x0000005e34000000)]
  0x00000210af05d440 JavaThread "Finalizer" daemon [_thread_blocked, id=60324, stack(0x0000005e34000000,0x0000005e34100000)]
  0x00000210af06cd20 JavaThread "Signal Dispatcher" daemon [_thread_blocked, id=8556, stack(0x0000005e34100000,0x0000005e34200000)]
  0x00000210af06d8d0 JavaThread "Attach Listener" daemon [_thread_blocked, id=61420, stack(0x0000005e34200000,0x0000005e34300000)]
  0x00000210af0718b0 JavaThread "Service Thread" daemon [_thread_blocked, id=61068, stack(0x0000005e34300000,0x0000005e34400000)]
  0x00000210af074270 JavaThread "Monitor Deflation Thread" daemon [_thread_blocked, id=28044, stack(0x0000005e34400000,0x0000005e34500000)]
=>0x00000210af079420 JavaThread "C2 CompilerThread0" daemon [_thread_in_native, id=61424, stack(0x0000005e34500000,0x0000005e34600000)]
  0x00000210af084600 JavaThread "C1 CompilerThread0" daemon [_thread_blocked, id=60932, stack(0x0000005e34600000,0x0000005e34700000)]
  0x00000210af08eb10 JavaThread "Sweeper thread" daemon [_thread_blocked, id=59484, stack(0x0000005e34700000,0x0000005e34800000)]
  0x00000210af047ba0 JavaThread "Common-Cleaner" daemon [_thread_blocked, id=58880, stack(0x0000005e34800000,0x0000005e34900000)]
  0x00000210aff795f0 JavaThread "Notification Thread" daemon [_thread_blocked, id=55636, stack(0x0000005e34a00000,0x0000005e34b00000)]
  0x00000210affb1ab0 JavaThread "QuantumRenderer-0" daemon [_thread_in_native, id=61100, stack(0x0000005e34900000,0x0000005e34a00000)]
  0x00000210b019db20 JavaThread "InvokeLaterDispatcher" daemon [_thread_blocked, id=30360, stack(0x0000005e34c00000,0x0000005e34d00000)]
  0x00000210b0490090 JavaThread "JavaFX Application Thread" [_thread_in_native, id=61252, stack(0x0000005e34d00000,0x0000005e34e00000)]
  0x00000210b0593ec0 JavaThread "JavaFX-Launcher" [_thread_blocked, id=60824, stack(0x0000005e35200000,0x0000005e35300000)]
  0x00000210b06090a0 JavaThread "Thread-2" daemon [_thread_in_native, id=37980, stack(0x0000005e35100000,0x0000005e35200000)]
  0x00000210b5123840 JavaThread "mysql-cj-abandoned-connection-cleanup" daemon [_thread_blocked, id=61116, stack(0x0000005e35800000,0x0000005e35900000)]
  0x00000210b763fa20 JavaThread "Prism Font Disposer" daemon [_thread_blocked, id=18468, stack(0x0000005e35e00000,0x0000005e35f00000)]
  0x00000210b763ced0 JavaThread "Cleaner-0" daemon [_thread_blocked, id=60780, stack(0x0000005e36000000,0x0000005e36100000)]

Other Threads:
  0x00000210af058e00 VMThread "VM Thread" [stack: 0x0000005e33e00000,0x0000005e33f00000] [id=61000]
  0x00000210afffece0 WatcherThread [stack: 0x0000005e34b00000,0x0000005e34c00000] [id=57948]
  0x0000021091153a30 GCTaskThread "GC Thread#0" [stack: 0x0000005e33900000,0x0000005e33a00000] [id=59200]
  0x00000210b06675f0 GCTaskThread "GC Thread#1" [stack: 0x0000005e35300000,0x0000005e35400000] [id=56800]
  0x00000210b070ccf0 GCTaskThread "GC Thread#2" [stack: 0x0000005e35400000,0x0000005e35500000] [id=60480]
  0x00000210b06611e0 GCTaskThread "GC Thread#3" [stack: 0x0000005e35500000,0x0000005e35600000] [id=58424]
  0x00000210b0661490 GCTaskThread "GC Thread#4" [stack: 0x0000005e35600000,0x0000005e35700000] [id=58560]
  0x00000210b073b050 GCTaskThread "GC Thread#5" [stack: 0x0000005e35700000,0x0000005e35800000] [id=61188]
  0x00000210b704d880 GCTaskThread "GC Thread#6" [stack: 0x0000005e35900000,0x0000005e35a00000] [id=59580]
  0x00000210b704d070 GCTaskThread "GC Thread#7" [stack: 0x0000005e35a00000,0x0000005e35b00000] [id=60908]
  0x00000210911642b0 ConcurrentGCThread "G1 Main Marker" [stack: 0x0000005e33a00000,0x0000005e33b00000] [id=61008]
  0x0000021091165460 ConcurrentGCThread "G1 Conc#0" [stack: 0x0000005e33b00000,0x0000005e33c00000] [id=34768]
  0x00000210911de070 ConcurrentGCThread "G1 Refine#0" [stack: 0x0000005e33c00000,0x0000005e33d00000] [id=61024]
  0x00000210911dea90 ConcurrentGCThread "G1 Service" [stack: 0x0000005e33d00000,0x0000005e33e00000] [id=59020]

Threads with active compile tasks:
C2 CompilerThread0    17245 3134       4       java.lang.invoke.MethodType::makeImpl (109 bytes)

VM state: not at safepoint (normal execution)

VM Mutex/Monitor currently owned by a thread: None

Heap address: 0x0000000083600000, size: 1994 MB, Compressed Oops mode: 32-bit

CDS archive(s) mapped at: [0x0000000800000000-0x0000000800bc0000-0x0000000800bc0000), size 12320768, SharedBaseAddress: 0x0000000800000000, ArchiveRelocationMode: 0.
Compressed class space mapped at: 0x0000000800c00000-0x0000000840c00000, reserved size: 1073741824
Narrow klass base: 0x0000000800000000, Narrow klass shift: 0, Narrow klass range: 0x100000000

GC Precious Log:
 CPUs: 8 total, 8 available
 Memory: 7973M
 Large Page Support: Disabled
 NUMA Support: Disabled
 Compressed Oops: Enabled (32-bit)
 Heap Region Size: 1M
 Heap Min Capacity: 8M
 Heap Initial Capacity: 126M
 Heap Max Capacity: 1994M
 Pre-touch: Disabled
 Parallel Workers: 8
 Concurrent Workers: 2
 Concurrent Refinement Workers: 8
 Periodic GC: Disabled

Heap:
 garbage-first heap   total 129024K, used 45428K [0x0000000083600000, 0x0000000100000000)
  region size 1024K, 40 young (40960K), 5 survivors (5120K)
 Metaspace       used 20192K, committed 20544K, reserved 1073152K
  class space    used 2889K, committed 3072K, reserved 1048576K

Heap Regions: E=young(eden), S=young(survivor), O=old, HS=humongous(starts), HC=humongous(continues), CS=collection set, F=free, OA=open archive, CA=closed archive, TAMS=top-at-mark-start (previous, next)
|   0|0x0000000083600000, 0x0000000083700000, 0x0000000083700000|100%| O|  |TAMS 0x0000000083600000, 0x0000000083600000| Untracked 
|   1|0x0000000083700000, 0x0000000083800000, 0x0000000083800000|100%| O|  |TAMS 0x0000000083700000, 0x0000000083700000| Untracked 
|   2|0x0000000083800000, 0x0000000083900000, 0x0000000083900000|100%| O|  |TAMS 0x0000000083800000, 0x0000000083800000| Untracked 
|   3|0x0000000083900000, 0x0000000083a00000, 0x0000000083a00000|100%| O|  |TAMS 0x0000000083900000, 0x0000000083900000| Untracked 
|   4|0x0000000083a00000, 0x0000000083a0d200, 0x0000000083b00000|  5%| O|  |TAMS 0x0000000083a00000, 0x0000000083a00000| Untracked 
|   5|0x0000000083b00000, 0x0000000083c00000, 0x0000000083c00000|100%|HS|  |TAMS 0x0000000083b00000, 0x0000000083b00000| Complete 
|   6|0x0000000083c00000, 0x0000000083d00000, 0x0000000083d00000|100%|HC|  |TAMS 0x0000000083c00000, 0x0000000083c00000| Complete 
|   7|0x0000000083d00000, 0x0000000083d00000, 0x0000000083e00000|  0%| F|  |TAMS 0x0000000083d00000, 0x0000000083d00000| Untracked 
|   8|0x0000000083e00000, 0x0000000083e00000, 0x0000000083f00000|  0%| F|  |TAMS 0x0000000083e00000, 0x0000000083e00000| Untracked 
|   9|0x0000000083f00000, 0x0000000083f00000, 0x0000000084000000|  0%| F|  |TAMS 0x0000000083f00000, 0x0000000083f00000| Untracked 
|  10|0x0000000084000000, 0x0000000084000000, 0x0000000084100000|  0%| F|  |TAMS 0x0000000084000000, 0x0000000084000000| Untracked 
|  11|0x0000000084100000, 0x0000000084100000, 0x0000000084200000|  0%| F|  |TAMS 0x0000000084100000, 0x0000000084100000| Untracked 
|  12|0x0000000084200000, 0x0000000084200000, 0x0000000084300000|  0%| F|  |TAMS 0x0000000084200000, 0x0000000084200000| Untracked 
|  13|0x0000000084300000, 0x0000000084300000, 0x0000000084400000|  0%| F|  |TAMS 0x0000000084300000, 0x0000000084300000| Untracked 
|  14|0x0000000084400000, 0x0000000084400000, 0x0000000084500000|  0%| F|  |TAMS 0x0000000084400000, 0x0000000084400000| Untracked 
|  15|0x0000000084500000, 0x0000000084500000, 0x0000000084600000|  0%| F|  |TAMS 0x0000000084500000, 0x0000000084500000| Untracked 
|  16|0x0000000084600000, 0x0000000084600000, 0x0000000084700000|  0%| F|  |TAMS 0x0000000084600000, 0x0000000084600000| Untracked 
|  17|0x0000000084700000, 0x0000000084700000, 0x0000000084800000|  0%| F|  |TAMS 0x0000000084700000, 0x0000000084700000| Untracked 
|  18|0x0000000084800000, 0x0000000084800000, 0x0000000084900000|  0%| F|  |TAMS 0x0000000084800000, 0x0000000084800000| Untracked 
|  19|0x0000000084900000, 0x0000000084900000, 0x0000000084a00000|  0%| F|  |TAMS 0x0000000084900000, 0x0000000084900000| Untracked 
|  20|0x0000000084a00000, 0x0000000084a00000, 0x0000000084b00000|  0%| F|  |TAMS 0x0000000084a00000, 0x0000000084a00000| Untracked 
|  21|0x0000000084b00000, 0x0000000084b00000, 0x0000000084c00000|  0%| F|  |TAMS 0x0000000084b00000, 0x0000000084b00000| Untracked 
|  22|0x0000000084c00000, 0x0000000084c00000, 0x0000000084d00000|  0%| F|  |TAMS 0x0000000084c00000, 0x0000000084c00000| Untracked 
|  23|0x0000000084d00000, 0x0000000084d00000, 0x0000000084e00000|  0%| F|  |TAMS 0x0000000084d00000, 0x0000000084d00000| Untracked 
|  24|0x0000000084e00000, 0x0000000084e00000, 0x0000000084f00000|  0%| F|  |TAMS 0x0000000084e00000, 0x0000000084e00000| Untracked 
|  25|0x0000000084f00000, 0x0000000084f00000, 0x0000000085000000|  0%| F|  |TAMS 0x0000000084f00000, 0x0000000084f00000| Untracked 
|  26|0x0000000085000000, 0x0000000085000000, 0x0000000085100000|  0%| F|  |TAMS 0x0000000085000000, 0x0000000085000000| Untracked 
|  27|0x0000000085100000, 0x0000000085100000, 0x0000000085200000|  0%| F|  |TAMS 0x0000000085100000, 0x0000000085100000| Untracked 
|  28|0x0000000085200000, 0x0000000085200000, 0x0000000085300000|  0%| F|  |TAMS 0x0000000085200000, 0x0000000085200000| Untracked 
|  29|0x0000000085300000, 0x0000000085300000, 0x0000000085400000|  0%| F|  |TAMS 0x0000000085300000, 0x0000000085300000| Untracked 
|  30|0x0000000085400000, 0x0000000085400000, 0x0000000085500000|  0%| F|  |TAMS 0x0000000085400000, 0x0000000085400000| Untracked 
|  31|0x0000000085500000, 0x0000000085500000, 0x0000000085600000|  0%| F|  |TAMS 0x0000000085500000, 0x0000000085500000| Untracked 
|  32|0x0000000085600000, 0x0000000085600000, 0x0000000085700000|  0%| F|  |TAMS 0x0000000085600000, 0x0000000085600000| Untracked 
|  33|0x0000000085700000, 0x0000000085700000, 0x0000000085800000|  0%| F|  |TAMS 0x0000000085700000, 0x0000000085700000| Untracked 
|  34|0x0000000085800000, 0x0000000085800000, 0x0000000085900000|  0%| F|  |TAMS 0x0000000085800000, 0x0000000085800000| Untracked 
|  35|0x0000000085900000, 0x0000000085900000, 0x0000000085a00000|  0%| F|  |TAMS 0x0000000085900000, 0x0000000085900000| Untracked 
|  36|0x0000000085a00000, 0x0000000085a00000, 0x0000000085b00000|  0%| F|  |TAMS 0x0000000085a00000, 0x0000000085a00000| Untracked 
|  37|0x0000000085b00000, 0x0000000085b00000, 0x0000000085c00000|  0%| F|  |TAMS 0x0000000085b00000, 0x0000000085b00000| Untracked 
|  38|0x0000000085c00000, 0x0000000085c00000, 0x0000000085d00000|  0%| F|  |TAMS 0x0000000085c00000, 0x0000000085c00000| Untracked 
|  39|0x0000000085d00000, 0x0000000085d00000, 0x0000000085e00000|  0%| F|  |TAMS 0x0000000085d00000, 0x0000000085d00000| Untracked 
|  40|0x0000000085e00000, 0x0000000085e00000, 0x0000000085f00000|  0%| F|  |TAMS 0x0000000085e00000, 0x0000000085e00000| Untracked 
|  41|0x0000000085f00000, 0x0000000085f00000, 0x0000000086000000|  0%| F|  |TAMS 0x0000000085f00000, 0x0000000085f00000| Untracked 
|  42|0x0000000086000000, 0x0000000086000000, 0x0000000086100000|  0%| F|  |TAMS 0x0000000086000000, 0x0000000086000000| Untracked 
|  43|0x0000000086100000, 0x0000000086100000, 0x0000000086200000|  0%| F|  |TAMS 0x0000000086100000, 0x0000000086100000| Untracked 
|  44|0x0000000086200000, 0x0000000086200000, 0x0000000086300000|  0%| F|  |TAMS 0x0000000086200000, 0x0000000086200000| Untracked 
|  45|0x0000000086300000, 0x0000000086300000, 0x0000000086400000|  0%| F|  |TAMS 0x0000000086300000, 0x0000000086300000| Untracked 
|  46|0x0000000086400000, 0x0000000086400000, 0x0000000086500000|  0%| F|  |TAMS 0x0000000086400000, 0x0000000086400000| Untracked 
|  47|0x0000000086500000, 0x0000000086500000, 0x0000000086600000|  0%| F|  |TAMS 0x0000000086500000, 0x0000000086500000| Untracked 
|  48|0x0000000086600000, 0x0000000086600000, 0x0000000086700000|  0%| F|  |TAMS 0x0000000086600000, 0x0000000086600000| Untracked 
|  49|0x0000000086700000, 0x0000000086700000, 0x0000000086800000|  0%| F|  |TAMS 0x0000000086700000, 0x0000000086700000| Untracked 
|  50|0x0000000086800000, 0x0000000086800000, 0x0000000086900000|  0%| F|  |TAMS 0x0000000086800000, 0x0000000086800000| Untracked 
|  51|0x0000000086900000, 0x0000000086900000, 0x0000000086a00000|  0%| F|  |TAMS 0x0000000086900000, 0x0000000086900000| Untracked 
|  52|0x0000000086a00000, 0x0000000086a00000, 0x0000000086b00000|  0%| F|  |TAMS 0x0000000086a00000, 0x0000000086a00000| Untracked 
|  53|0x0000000086b00000, 0x0000000086b00000, 0x0000000086c00000|  0%| F|  |TAMS 0x0000000086b00000, 0x0000000086b00000| Untracked 
|  54|0x0000000086c00000, 0x0000000086c00000, 0x0000000086d00000|  0%| F|  |TAMS 0x0000000086c00000, 0x0000000086c00000| Untracked 
|  55|0x0000000086d00000, 0x0000000086d00000, 0x0000000086e00000|  0%| F|  |TAMS 0x0000000086d00000, 0x0000000086d00000| Untracked 
|  56|0x0000000086e00000, 0x0000000086e00000, 0x0000000086f00000|  0%| F|  |TAMS 0x0000000086e00000, 0x0000000086e00000| Untracked 
|  57|0x0000000086f00000, 0x0000000086f00000, 0x0000000087000000|  0%| F|  |TAMS 0x0000000086f00000, 0x0000000086f00000| Untracked 
|  58|0x0000000087000000, 0x0000000087000000, 0x0000000087100000|  0%| F|  |TAMS 0x0000000087000000, 0x0000000087000000| Untracked 
|  59|0x0000000087100000, 0x0000000087100000, 0x0000000087200000|  0%| F|  |TAMS 0x0000000087100000, 0x0000000087100000| Untracked 
|  60|0x0000000087200000, 0x0000000087200000, 0x0000000087300000|  0%| F|  |TAMS 0x0000000087200000, 0x0000000087200000| Untracked 
|  61|0x0000000087300000, 0x0000000087300000, 0x0000000087400000|  0%| F|  |TAMS 0x0000000087300000, 0x0000000087300000| Untracked 
|  62|0x0000000087400000, 0x0000000087400000, 0x0000000087500000|  0%| F|  |TAMS 0x0000000087400000, 0x0000000087400000| Untracked 
|  63|0x0000000087500000, 0x0000000087500000, 0x0000000087600000|  0%| F|  |TAMS 0x0000000087500000, 0x0000000087500000| Untracked 
|  64|0x0000000087600000, 0x0000000087600000, 0x0000000087700000|  0%| F|  |TAMS 0x0000000087600000, 0x0000000087600000| Untracked 
|  65|0x0000000087700000, 0x0000000087700000, 0x0000000087800000|  0%| F|  |TAMS 0x0000000087700000, 0x0000000087700000| Untracked 
|  66|0x0000000087800000, 0x0000000087800000, 0x0000000087900000|  0%| F|  |TAMS 0x0000000087800000, 0x0000000087800000| Untracked 
|  67|0x0000000087900000, 0x0000000087900000, 0x0000000087a00000|  0%| F|  |TAMS 0x0000000087900000, 0x0000000087900000| Untracked 
|  68|0x0000000087a00000, 0x0000000087a00000, 0x0000000087b00000|  0%| F|  |TAMS 0x0000000087a00000, 0x0000000087a00000| Untracked 
|  69|0x0000000087b00000, 0x0000000087b00000, 0x0000000087c00000|  0%| F|  |TAMS 0x0000000087b00000, 0x0000000087b00000| Untracked 
|  70|0x0000000087c00000, 0x0000000087c00000, 0x0000000087d00000|  0%| F|  |TAMS 0x0000000087c00000, 0x0000000087c00000| Untracked 
|  71|0x0000000087d00000, 0x0000000087d00000, 0x0000000087e00000|  0%| F|  |TAMS 0x0000000087d00000, 0x0000000087d00000| Untracked 
|  72|0x0000000087e00000, 0x0000000087e00000, 0x0000000087f00000|  0%| F|  |TAMS 0x0000000087e00000, 0x0000000087e00000| Untracked 
|  73|0x0000000087f00000, 0x0000000087f00000, 0x0000000088000000|  0%| F|  |TAMS 0x0000000087f00000, 0x0000000087f00000| Untracked 
|  74|0x0000000088000000, 0x0000000088000000, 0x0000000088100000|  0%| F|  |TAMS 0x0000000088000000, 0x0000000088000000| Untracked 
|  75|0x0000000088100000, 0x0000000088100000, 0x0000000088200000|  0%| F|  |TAMS 0x0000000088100000, 0x0000000088100000| Untracked 
|  76|0x0000000088200000, 0x0000000088200000, 0x0000000088300000|  0%| F|  |TAMS 0x0000000088200000, 0x0000000088200000| Untracked 
|  77|0x0000000088300000, 0x0000000088300000, 0x0000000088400000|  0%| F|  |TAMS 0x0000000088300000, 0x0000000088300000| Untracked 
|  78|0x0000000088400000, 0x0000000088400000, 0x0000000088500000|  0%| F|  |TAMS 0x0000000088400000, 0x0000000088400000| Untracked 
|  79|0x0000000088500000, 0x0000000088500000, 0x0000000088600000|  0%| F|  |TAMS 0x0000000088500000, 0x0000000088500000| Untracked 
|  80|0x0000000088600000, 0x0000000088600000, 0x0000000088700000|  0%| F|  |TAMS 0x0000000088600000, 0x0000000088600000| Untracked 
|  81|0x0000000088700000, 0x0000000088700000, 0x0000000088800000|  0%| F|  |TAMS 0x0000000088700000, 0x0000000088700000| Untracked 
|  82|0x0000000088800000, 0x0000000088800000, 0x0000000088900000|  0%| F|  |TAMS 0x0000000088800000, 0x0000000088800000| Untracked 
|  83|0x0000000088900000, 0x0000000088900000, 0x0000000088a00000|  0%| F|  |TAMS 0x0000000088900000, 0x0000000088900000| Untracked 
|  84|0x0000000088a00000, 0x0000000088a00000, 0x0000000088b00000|  0%| F|  |TAMS 0x0000000088a00000, 0x0000000088a00000| Untracked 
|  85|0x0000000088b00000, 0x0000000088b00000, 0x0000000088c00000|  0%| F|  |TAMS 0x0000000088b00000, 0x0000000088b00000| Untracked 
|  86|0x0000000088c00000, 0x0000000088d00000, 0x0000000088d00000|100%| E|  |TAMS 0x0000000088c00000, 0x0000000088c00000| Complete 
|  87|0x0000000088d00000, 0x0000000088e00000, 0x0000000088e00000|100%| E|CS|TAMS 0x0000000088d00000, 0x0000000088d00000| Complete 
|  88|0x0000000088e00000, 0x0000000088e4ff20, 0x0000000088f00000| 31%| S|CS|TAMS 0x0000000088e00000, 0x0000000088e00000| Complete 
|  89|0x0000000088f00000, 0x0000000089000000, 0x0000000089000000|100%| S|CS|TAMS 0x0000000088f00000, 0x0000000088f00000| Complete 
|  90|0x0000000089000000, 0x0000000089100000, 0x0000000089100000|100%| S|CS|TAMS 0x0000000089000000, 0x0000000089000000| Complete 
|  91|0x0000000089100000, 0x0000000089200000, 0x0000000089200000|100%| S|CS|TAMS 0x0000000089100000, 0x0000000089100000| Complete 
|  92|0x0000000089200000, 0x0000000089300000, 0x0000000089300000|100%| S|CS|TAMS 0x0000000089200000, 0x0000000089200000| Complete 
|  93|0x0000000089300000, 0x0000000089400000, 0x0000000089400000|100%| E|CS|TAMS 0x0000000089300000, 0x0000000089300000| Complete 
|  94|0x0000000089400000, 0x0000000089500000, 0x0000000089500000|100%| E|CS|TAMS 0x0000000089400000, 0x0000000089400000| Complete 
|  95|0x0000000089500000, 0x0000000089600000, 0x0000000089600000|100%| E|CS|TAMS 0x0000000089500000, 0x0000000089500000| Complete 
|  96|0x0000000089600000, 0x0000000089700000, 0x0000000089700000|100%| E|CS|TAMS 0x0000000089600000, 0x0000000089600000| Complete 
|  97|0x0000000089700000, 0x0000000089800000, 0x0000000089800000|100%| E|CS|TAMS 0x0000000089700000, 0x0000000089700000| Complete 
|  98|0x0000000089800000, 0x0000000089900000, 0x0000000089900000|100%| E|CS|TAMS 0x0000000089800000, 0x0000000089800000| Complete 
|  99|0x0000000089900000, 0x0000000089a00000, 0x0000000089a00000|100%| E|CS|TAMS 0x0000000089900000, 0x0000000089900000| Complete 
| 100|0x0000000089a00000, 0x0000000089b00000, 0x0000000089b00000|100%| E|CS|TAMS 0x0000000089a00000, 0x0000000089a00000| Complete 
| 101|0x0000000089b00000, 0x0000000089c00000, 0x0000000089c00000|100%| E|CS|TAMS 0x0000000089b00000, 0x0000000089b00000| Complete 
| 102|0x0000000089c00000, 0x0000000089d00000, 0x0000000089d00000|100%| E|CS|TAMS 0x0000000089c00000, 0x0000000089c00000| Complete 
| 103|0x0000000089d00000, 0x0000000089e00000, 0x0000000089e00000|100%| E|CS|TAMS 0x0000000089d00000, 0x0000000089d00000| Complete 
| 104|0x0000000089e00000, 0x0000000089f00000, 0x0000000089f00000|100%| E|CS|TAMS 0x0000000089e00000, 0x0000000089e00000| Complete 
| 105|0x0000000089f00000, 0x000000008a000000, 0x000000008a000000|100%| E|CS|TAMS 0x0000000089f00000, 0x0000000089f00000| Complete 
| 106|0x000000008a000000, 0x000000008a100000, 0x000000008a100000|100%| E|CS|TAMS 0x000000008a000000, 0x000000008a000000| Complete 
| 107|0x000000008a100000, 0x000000008a200000, 0x000000008a200000|100%| E|CS|TAMS 0x000000008a100000, 0x000000008a100000| Complete 
| 108|0x000000008a200000, 0x000000008a300000, 0x000000008a300000|100%| E|CS|TAMS 0x000000008a200000, 0x000000008a200000| Complete 
| 109|0x000000008a300000, 0x000000008a400000, 0x000000008a400000|100%| E|CS|TAMS 0x000000008a300000, 0x000000008a300000| Complete 
| 110|0x000000008a400000, 0x000000008a500000, 0x000000008a500000|100%| E|CS|TAMS 0x000000008a400000, 0x000000008a400000| Complete 
| 111|0x000000008a500000, 0x000000008a600000, 0x000000008a600000|100%| E|CS|TAMS 0x000000008a500000, 0x000000008a500000| Complete 
| 112|0x000000008a600000, 0x000000008a700000, 0x000000008a700000|100%| E|CS|TAMS 0x000000008a600000, 0x000000008a600000| Complete 
| 113|0x000000008a700000, 0x000000008a800000, 0x000000008a800000|100%| E|CS|TAMS 0x000000008a700000, 0x000000008a700000| Complete 
| 114|0x000000008a800000, 0x000000008a900000, 0x000000008a900000|100%| E|CS|TAMS 0x000000008a800000, 0x000000008a800000| Complete 
| 115|0x000000008a900000, 0x000000008aa00000, 0x000000008aa00000|100%| E|CS|TAMS 0x000000008a900000, 0x000000008a900000| Complete 
| 116|0x000000008aa00000, 0x000000008ab00000, 0x000000008ab00000|100%| E|CS|TAMS 0x000000008aa00000, 0x000000008aa00000| Complete 
| 117|0x000000008ab00000, 0x000000008ac00000, 0x000000008ac00000|100%| E|CS|TAMS 0x000000008ab00000, 0x000000008ab00000| Complete 
| 118|0x000000008ac00000, 0x000000008ad00000, 0x000000008ad00000|100%| E|CS|TAMS 0x000000008ac00000, 0x000000008ac00000| Complete 
| 119|0x000000008ad00000, 0x000000008ae00000, 0x000000008ae00000|100%| E|CS|TAMS 0x000000008ad00000, 0x000000008ad00000| Complete 
| 120|0x000000008ae00000, 0x000000008af00000, 0x000000008af00000|100%| E|CS|TAMS 0x000000008ae00000, 0x000000008ae00000| Complete 
| 121|0x000000008af00000, 0x000000008b000000, 0x000000008b000000|100%| E|CS|TAMS 0x000000008af00000, 0x000000008af00000| Complete 
| 122|0x000000008b000000, 0x000000008b100000, 0x000000008b100000|100%| E|CS|TAMS 0x000000008b000000, 0x000000008b000000| Complete 
| 123|0x000000008b100000, 0x000000008b200000, 0x000000008b200000|100%| E|CS|TAMS 0x000000008b100000, 0x000000008b100000| Complete 
| 124|0x000000008b200000, 0x000000008b300000, 0x000000008b300000|100%| E|CS|TAMS 0x000000008b200000, 0x000000008b200000| Complete 
| 125|0x000000008b300000, 0x000000008b400000, 0x000000008b400000|100%| E|CS|TAMS 0x000000008b300000, 0x000000008b300000| Complete 

Card table byte_map: [0x00000210a8040000,0x00000210a8430000] _byte_map_base: 0x00000210a7c25000

Marking Bits (Prev, Next): (CMBitMap*) 0x0000021091154040, (CMBitMap*) 0x0000021091154080
 Prev Bits: [0x00000210a8820000, 0x00000210aa748000)
 Next Bits: [0x00000210aa750000, 0x00000210ac678000)

Polling page: 0x000002108f040000

Metaspace:

Usage:
  Non-class:     16.90 MB used.
      Class:      2.82 MB used.
       Both:     19.72 MB used.

Virtual space:
  Non-class space:       24.00 MB reserved,      17.06 MB ( 71%) committed,  3 nodes.
      Class space:        1.00 GB reserved,       3.00 MB ( <1%) committed,  1 nodes.
             Both:        1.02 GB reserved,      20.06 MB (  2%) committed. 

Chunk freelists:
   Non-Class:  2.73 MB
       Class:  1.05 MB
        Both:  3.78 MB

MaxMetaspaceSize: unlimited
CompressedClassSpaceSize: 1.00 GB
Initial GC threshold: 21.00 MB
Current GC threshold: 21.00 MB
CDS: on
MetaspaceReclaimPolicy: balanced
 - commit_granule_bytes: 65536.
 - commit_granule_words: 8192.
 - virtual_space_node_default_size: 1048576.
 - enlarge_chunks_in_place: 1.
 - new_chunks_are_fully_committed: 0.
 - uncommit_free_chunks: 1.
 - use_allocation_guard: 0.
 - handle_deallocations: 1.


Internal statistics:

num_allocs_failed_limit: 0.
num_arena_births: 222.
num_arena_deaths: 0.
num_vsnodes_births: 4.
num_vsnodes_deaths: 0.
num_space_committed: 321.
num_space_uncommitted: 0.
num_chunks_returned_to_freelist: 0.
num_chunks_taken_from_freelist: 880.
num_chunk_merges: 0.
num_chunk_splits: 618.
num_chunks_enlarged: 488.
num_purges: 0.
num_inconsistent_stats: 0.

CodeHeap 'non-profiled nmethods': size=120000Kb used=1035Kb max_used=1035Kb free=118964Kb
 bounds [0x00000210a03e0000, 0x00000210a0650000, 0x00000210a7910000]
CodeHeap 'profiled nmethods': size=120000Kb used=5957Kb max_used=5957Kb free=114043Kb
 bounds [0x0000021098eb0000, 0x0000021099490000, 0x00000210a03e0000]
CodeHeap 'non-nmethods': size=5760Kb used=1474Kb max_used=1474Kb free=4285Kb
 bounds [0x0000021098910000, 0x0000021098b80000, 0x0000021098eb0000]
 total_blobs=4069 nmethods=3230 adapters=750
 compilation: enabled
              stopped_count=0, restarted_count=0
 full_count=0

Compilation events (20 events):
Event: 17.124 Thread 0x00000210af084600 nmethod 3275 0x0000021099476c90 code [0x0000021099476e40, 0x0000021099477118]
Event: 17.124 Thread 0x00000210af084600 3273       3       com.sun.javafx.geom.transform.Affine3D::almostOne (22 bytes)
Event: 17.124 Thread 0x00000210af084600 nmethod 3273 0x0000021099477290 code [0x0000021099477440, 0x0000021099477618]
Event: 17.125 Thread 0x00000210af084600 3276       3       com.sun.prism.impl.ps.BaseShaderContext::setTexture (52 bytes)
Event: 17.126 Thread 0x00000210af084600 nmethod 3276 0x0000021099477690 code [0x00000210994778a0, 0x00000210994780f8]
Event: 17.126 Thread 0x00000210af084600 3277       3       com.sun.javafx.geom.transform.AffineBase::isTranslateOrIdentity (22 bytes)
Event: 17.127 Thread 0x00000210af084600 nmethod 3277 0x0000021099478410 code [0x00000210994785e0, 0x0000021099478a78]
Event: 17.127 Thread 0x00000210af084600 3278       3       com.sun.prism.impl.BaseGraphics::validateTransformAndPaint (71 bytes)
Event: 17.128 Thread 0x00000210af084600 nmethod 3278 0x0000021099478b90 code [0x0000021099478d60, 0x0000021099479308]
Event: 17.128 Thread 0x00000210af084600 3267       1       com.sun.javafx.font.PrismFontStrike::getSize (5 bytes)
Event: 17.128 Thread 0x00000210af084600 nmethod 3267 0x00000210a04e2290 code [0x00000210a04e2420, 0x00000210a04e24f8]
Event: 17.128 Thread 0x00000210af084600 3268       1       com.sun.javafx.font.directwrite.DWFontFile::getFontFace (5 bytes)
Event: 17.129 Thread 0x00000210af084600 nmethod 3268 0x00000210a04e2590 code [0x00000210a04e2720, 0x00000210a04e27f8]
Event: 17.129 Thread 0x00000210af084600 3281  s    3       com.sun.javafx.font.PrismFontFactory::getFontFactory (123 bytes)
Event: 17.129 Thread 0x00000210af084600 nmethod 3281 0x0000021099479490 code [0x00000210994796a0, 0x0000021099479c68]
Event: 17.129 Thread 0x00000210af084600 3280       3       com.sun.javafx.geom.transform.GeneralTransform3D::updateState (196 bytes)
Event: 17.130 Thread 0x00000210af084600 nmethod 3280 0x0000021099479e10 code [0x000002109947a0c0, 0x000002109947aa78]
Event: 17.130 Thread 0x00000210af084600 3282       3       com.sun.prism.impl.BaseContext::setRenderTarget (47 bytes)
Event: 17.131 Thread 0x00000210af084600 nmethod 3282 0x000002109947ac90 code [0x000002109947ae60, 0x000002109947b518]
Event: 17.131 Thread 0x00000210af084600 3283       3       com.sun.prism.impl.ps.BaseShaderContext::setRenderTarget (278 bytes)

GC Heap History (4 events):
Event: 1.579 GC heap before
{Heap before GC invocations=0 (full 0):
 garbage-first heap   total 129024K, used 22528K [0x0000000083600000, 0x0000000100000000)
  region size 1024K, 23 young (23552K), 0 survivors (0K)
 Metaspace       used 4336K, committed 4480K, reserved 1056768K
  class space    used 502K, committed 576K, reserved 1048576K
}
Event: 1.585 GC heap after
{Heap after GC invocations=1 (full 0):
 garbage-first heap   total 129024K, used 3935K [0x0000000083600000, 0x0000000100000000)
  region size 1024K, 3 young (3072K), 3 survivors (3072K)
 Metaspace       used 4336K, committed 4480K, reserved 1056768K
  class space    used 502K, committed 576K, reserved 1048576K
}
Event: 3.050 GC heap before
{Heap before GC invocations=1 (full 0):
 garbage-first heap   total 129024K, used 33631K [0x0000000083600000, 0x0000000100000000)
  region size 1024K, 33 young (33792K), 3 survivors (3072K)
 Metaspace       used 11717K, committed 12032K, reserved 1064960K
  class space    used 1507K, committed 1664K, reserved 1048576K
}
Event: 3.060 GC heap after
{Heap after GC invocations=2 (full 0):
 garbage-first heap   total 129024K, used 8564K [0x0000000083600000, 0x0000000100000000)
  region size 1024K, 5 young (5120K), 5 survivors (5120K)
 Metaspace       used 11717K, committed 12032K, reserved 1064960K
  class space    used 1507K, committed 1664K, reserved 1048576K
}

Deoptimization events (20 events):
Event: 3.782 Thread 0x00000210b0490090 DEOPT PACKING pc=0x00000210a048e3b4 sp=0x0000005e34df9220
Event: 3.782 Thread 0x00000210b0490090 DEOPT UNPACKING pc=0x0000021098965c23 sp=0x0000005e34df91a8 mode 2
Event: 3.957 Thread 0x00000210b0490090 DEOPT PACKING pc=0x0000021099204e6a sp=0x0000005e34dfc520
Event: 3.957 Thread 0x00000210b0490090 DEOPT UNPACKING pc=0x0000021098966763 sp=0x0000005e34dfba30 mode 0
Event: 3.958 Thread 0x00000210b0490090 DEOPT PACKING pc=0x0000021099234bd6 sp=0x0000005e34dfc1d0
Event: 3.958 Thread 0x00000210b0490090 DEOPT UNPACKING pc=0x0000021098966763 sp=0x0000005e34dfb670 mode 0
Event: 3.958 Thread 0x00000210b0490090 DEOPT PACKING pc=0x000002109909c231 sp=0x0000005e34dfc810
Event: 3.958 Thread 0x00000210b0490090 DEOPT UNPACKING pc=0x0000021098966763 sp=0x0000005e34dfbd08 mode 0
Event: 4.490 Thread 0x00000210b0490090 Uncommon trap: trap_request=0xffffffd6 fr.pc=0x00000210a04b1184 relative=0x0000000000001824
Event: 4.490 Thread 0x00000210b0490090 Uncommon trap: reason=array_check action=maybe_recompile pc=0x00000210a04b1184 method=javafx.css.SimpleSelector.applies(Ljavafx/css/Styleable;[Ljava/util/Set;I)Z @ 37 c2
Event: 4.490 Thread 0x00000210b0490090 DEOPT PACKING pc=0x00000210a04b1184 sp=0x0000005e34dfcb10
Event: 4.490 Thread 0x00000210b0490090 DEOPT UNPACKING pc=0x0000021098965c23 sp=0x0000005e34dfca70 mode 2
Event: 4.490 Thread 0x00000210b0490090 Uncommon trap: trap_request=0xffffffd6 fr.pc=0x00000210a04b1184 relative=0x0000000000001824
Event: 4.490 Thread 0x00000210b0490090 Uncommon trap: reason=array_check action=maybe_recompile pc=0x00000210a04b1184 method=javafx.css.SimpleSelector.applies(Ljavafx/css/Styleable;[Ljava/util/Set;I)Z @ 37 c2
Event: 4.490 Thread 0x00000210b0490090 DEOPT PACKING pc=0x00000210a04b1184 sp=0x0000005e34dfcb10
Event: 4.490 Thread 0x00000210b0490090 DEOPT UNPACKING pc=0x0000021098965c23 sp=0x0000005e34dfca70 mode 2
Event: 4.491 Thread 0x00000210b0490090 Uncommon trap: trap_request=0xffffffd6 fr.pc=0x00000210a04b1184 relative=0x0000000000001824
Event: 4.491 Thread 0x00000210b0490090 Uncommon trap: reason=array_check action=maybe_recompile pc=0x00000210a04b1184 method=javafx.css.SimpleSelector.applies(Ljavafx/css/Styleable;[Ljava/util/Set;I)Z @ 37 c2
Event: 4.491 Thread 0x00000210b0490090 DEOPT PACKING pc=0x00000210a04b1184 sp=0x0000005e34dfcb10
Event: 4.491 Thread 0x00000210b0490090 DEOPT UNPACKING pc=0x0000021098965c23 sp=0x0000005e34dfca70 mode 2

Classes unloaded (0 events):
No events

Classes redefined (0 events):
No events

Internal exceptions (20 events):
Event: 2.498 Thread 0x00000210b0490090 Exception <a 'java/lang/NoSuchMethodError'{0x0000000089f60e60}: 'void java.lang.invoke.DirectMethodHandle$Holder.invokeSpecial(java.lang.Object, java.lang.Object, java.lang.Object, java.lang.Object, java.lang.Object)'> (0x0000000089f60e60) 
thrown [t:\workspace\open\src\hotspot\share\interpreter\linkResolver.cpp, line 766]
Event: 2.843 Thread 0x00000210b0490090 Exception <a 'java/lang/NoSuchMethodError'{0x000000008961a198}: 'java.lang.Object java.lang.invoke.DirectMethodHandle$Holder.invokeInterface(java.lang.Object, java.lang.Object)'> (0x000000008961a198) 
thrown [t:\workspace\open\src\hotspot\share\interpreter\linkResolver.cpp, line 766]
Event: 2.881 Thread 0x00000210b0490090 Exception <a 'java/lang/NoSuchMethodError'{0x000000008969dd98}: 'java.lang.Object java.lang.invoke.DirectMethodHandle$Holder.invokeVirtual(java.lang.Object, java.lang.Object, java.lang.Object)'> (0x000000008969dd98) 
thrown [t:\workspace\open\src\hotspot\share\interpreter\linkResolver.cpp, line 766]
Event: 3.371 Thread 0x00000210b0490090 Exception <a 'java/lang/NoSuchMethodError'{0x000000008aff9b00}: 'void java.lang.invoke.DirectMethodHandle$Holder.invokeInterface(java.lang.Object, java.lang.Object)'> (0x000000008aff9b00) 
thrown [t:\workspace\open\src\hotspot\share\interpreter\linkResolver.cpp, line 766]
Event: 3.428 Thread 0x00000210b0490090 Implicit null exception at 0x00000210a0402c58 to 0x00000210a0402cee
Event: 3.441 Thread 0x00000210b0490090 Implicit null exception at 0x00000210a044ca8e to 0x00000210a044ce70
Event: 3.463 Thread 0x00000210b0490090 Exception <a 'java/io/FileNotFoundException'{0x000000008acc8650}> (0x000000008acc8650) 
thrown [t:\workspace\open\src\hotspot\share\prims\jni.cpp, line 516]
Event: 3.558 Thread 0x00000210b0490090 Implicit null exception at 0x00000210a044b813 to 0x00000210a044bc18
Event: 3.558 Thread 0x00000210b0490090 Implicit null exception at 0x00000210a040250f to 0x00000210a0402589
Event: 3.827 Thread 0x00000210b0490090 Exception <a 'java/lang/NoSuchMethodError'{0x000000008a53c1c8}: 'java.lang.Object java.lang.invoke.DirectMethodHandle$Holder.invokeInterface(java.lang.Object, java.lang.Object, java.lang.Object)'> (0x000000008a53c1c8) 
thrown [t:\workspace\open\src\hotspot\share\interpreter\linkResolver.cpp, line 766]
Event: 3.827 Thread 0x00000210b0490090 Exception <a 'java/lang/IncompatibleClassChangeError'{0x000000008a53f890}: Found class java.lang.Object, but interface was expected> (0x000000008a53f890) 
thrown [t:\workspace\open\src\hotspot\share\interpreter\linkResolver.cpp, line 833]
Event: 3.956 Thread 0x00000210b0490090 Exception <a 'java/lang/ClassNotFoundException'{0x000000008a3efed8}: com/sun/javafx/scene/control/skin/resources/controls> (0x000000008a3efed8) 
thrown [t:\workspace\open\src\hotspot\share\prims\jni.cpp, line 535]
Event: 3.958 Thread 0x00000210b0490090 Exception <a 'java/lang/ClassNotFoundException'{0x000000008a3fe308}: com/sun/javafx/scene/control/skin/resources/controls_fr> (0x000000008a3fe308) 
thrown [t:\workspace\open\src\hotspot\share\prims\jni.cpp, line 535]
Event: 3.959 Thread 0x00000210b0490090 Exception <a 'java/lang/ClassNotFoundException'{0x000000008a20d040}: com/sun/javafx/scene/control/skin/resources/controls_fr_FR> (0x000000008a20d040) 
thrown [t:\workspace\open\src\hotspot\share\prims\jni.cpp, line 535]
Event: 4.019 Thread 0x00000210b0490090 Exception <a 'java/lang/NoSuchMethodError'{0x000000008a18b600}: 'void java.lang.invoke.DirectMethodHandle$Holder.invokeSpecial(java.lang.Object, java.lang.Object, java.lang.Object, java.lang.Object, java.lang.Object, java.lang.Object)'> (0x000000008a18b600) 
thrown [t:\workspace\open\src\hotspot\share\interpreter\linkResolver.cpp, line 766]
Event: 4.519 Thread 0x00000210b0490090 Exception <a 'java/lang/NoSuchMethodError'{0x000000008965f7b8}: 'java.lang.Object java.lang.invoke.DirectMethodHandle$Holder.newInvokeSpecial(java.lang.Object, java.lang.Object, int)'> (0x000000008965f7b8) 
thrown [t:\workspace\open\src\hotspot\share\interpreter\linkResolver.cpp, line 766]
Event: 4.691 Thread 0x00000210affb1ab0 Exception <a 'java/lang/NoSuchMethodError'{0x000000008941a900}: 'int java.lang.invoke.DirectMethodHandle$Holder.invokeStaticInit(java.lang.Object, java.lang.Object)'> (0x000000008941a900) 
thrown [t:\workspace\open\src\hotspot\share\interpreter\linkResolver.cpp, line 766]
Event: 4.710 Thread 0x00000210affb1ab0 Exception <a 'java/lang/NullPointerException'{0x000000008944c208}> (0x000000008944c208) 
thrown [t:\workspace\open\src\hotspot\share\interpreter\linkResolver.cpp, line 1357]
Event: 5.909 Thread 0x00000210b0490090 Exception <a 'java/lang/NoSuchMethodError'{0x00000000895ecc78}: 'java.lang.Object java.lang.invoke.DirectMethodHandle$Holder.newInvokeSpecial(java.lang.Object, java.lang.Object, java.lang.Object, double, double, double, double, int, int, int, int, int, int, int, int, int)'> (0x00000000895ecc78) 
thrown [t:\workspace\open\src\hotspot\share\interpreter\linkResolver.cpp, line 766]
Event: 16.867 Thread 0x00000210affb1ab0 Exception <a 'java/lang/NoSuchMethodError'{0x000000008932f9f8}: 'java.lang.Object java.lang.invoke.DirectMethodHandle$Holder.invokeStaticInit(java.lang.Object, int)'> (0x000000008932f9f8) 
thrown [t:\workspace\open\src\hotspot\share\interpreter\linkResolver.cpp, line 766]

VM Operations (20 events):
Event: 3.323 Executing VM operation: HandshakeAllThreads
Event: 3.323 Executing VM operation: HandshakeAllThreads done
Event: 3.391 Executing VM operation: HandshakeAllThreads
Event: 3.392 Executing VM operation: HandshakeAllThreads done
Event: 3.879 Executing VM operation: ICBufferFull
Event: 3.879 Executing VM operation: ICBufferFull done
Event: 4.016 Executing VM operation: HandshakeAllThreads
Event: 4.016 Executing VM operation: HandshakeAllThreads done
Event: 4.284 Executing VM operation: ICBufferFull
Event: 4.284 Executing VM operation: ICBufferFull done
Event: 5.284 Executing VM operation: Cleanup
Event: 5.285 Executing VM operation: Cleanup done
Event: 7.286 Executing VM operation: Cleanup
Event: 7.286 Executing VM operation: Cleanup done
Event: 14.291 Executing VM operation: Cleanup
Event: 14.291 Executing VM operation: Cleanup done
Event: 15.291 Executing VM operation: Cleanup
Event: 15.291 Executing VM operation: Cleanup done
Event: 16.292 Executing VM operation: Cleanup
Event: 16.292 Executing VM operation: Cleanup done

Events (20 events):
Event: 4.710 loading class java/lang/Throwable$WrappedPrintStream done
Event: 16.921 loading class java/nio/ShortBuffer
Event: 16.922 loading class java/nio/ShortBuffer done
Event: 16.922 loading class java/nio/DoubleBuffer
Event: 16.923 loading class java/nio/DoubleBuffer done
Event: 16.923 loading class java/nio/DirectFloatBufferU
Event: 16.924 loading class java/nio/DirectFloatBufferU done
Event: 16.944 loading class java/util/concurrent/ConcurrentLinkedQueue
Event: 16.944 loading class java/util/concurrent/ConcurrentLinkedQueue done
Event: 16.945 loading class java/util/concurrent/ConcurrentLinkedQueue$Node
Event: 16.945 loading class java/util/concurrent/ConcurrentLinkedQueue$Node done
Event: 16.948 loading class jdk/internal/ref/CleanerImpl$InnocuousThreadFactory
Event: 16.948 loading class jdk/internal/ref/CleanerImpl$InnocuousThreadFactory done
Event: 16.949 Thread 0x00000210b763ced0 Thread added: 0x00000210b763ced0
Event: 16.963 loading class sun/misc/Unsafe
Event: 16.964 loading class sun/misc/Unsafe done
Event: 16.965 loading class jdk/internal/reflect/UnsafeQualifiedStaticObjectFieldAccessorImpl
Event: 16.966 loading class jdk/internal/reflect/UnsafeQualifiedStaticFieldAccessorImpl
Event: 16.967 loading class jdk/internal/reflect/UnsafeQualifiedStaticFieldAccessorImpl done
Event: 16.967 loading class jdk/internal/reflect/UnsafeQualifiedStaticObjectFieldAccessorImpl done


Dynamic libraries:
0x00007ff692110000 - 0x00007ff692120000 	C:\Program Files\Java\jdk-17\bin\javaw.exe
0x00007ffa98530000 - 0x00007ffa98746000 	C:\WINDOWS\SYSTEM32\ntdll.dll
0x00007ffa970c0000 - 0x00007ffa97184000 	C:\WINDOWS\System32\KERNEL32.DLL
0x00007ffa958e0000 - 0x00007ffa95c86000 	C:\WINDOWS\System32\KERNELBASE.dll
0x00007ffa95fc0000 - 0x00007ffa960d1000 	C:\WINDOWS\System32\ucrtbase.dll
0x00007ffa6fd70000 - 0x00007ffa6fd8a000 	C:\Program Files\Java\jdk-17\bin\VCRUNTIME140.dll
0x00007ffa77ec0000 - 0x00007ffa77ed8000 	C:\Program Files\Java\jdk-17\bin\jli.dll
0x00007ffa97360000 - 0x00007ffa97412000 	C:\WINDOWS\System32\ADVAPI32.dll
0x00007ffa967a0000 - 0x00007ffa96847000 	C:\WINDOWS\System32\msvcrt.dll
0x00007ffa97780000 - 0x00007ffa97828000 	C:\WINDOWS\System32\sechost.dll
0x00007ffa95f90000 - 0x00007ffa95fb8000 	C:\WINDOWS\System32\bcrypt.dll
0x00007ffa97240000 - 0x00007ffa97355000 	C:\WINDOWS\System32\RPCRT4.dll
0x00007ffa97420000 - 0x00007ffa975cd000 	C:\WINDOWS\System32\USER32.dll
0x00007ffa960e0000 - 0x00007ffa96106000 	C:\WINDOWS\System32\win32u.dll
0x00007ffa79710000 - 0x00007ffa799a3000 	C:\WINDOWS\WinSxS\amd64_microsoft.windows.common-controls_6595b64144ccf1df_6.0.22621.3235_none_270f74e173860f98\COMCTL32.dll
0x00007ffa976d0000 - 0x00007ffa976f9000 	C:\WINDOWS\System32\GDI32.dll
0x00007ffa95e70000 - 0x00007ffa95f88000 	C:\WINDOWS\System32\gdi32full.dll
0x00007ffa95dd0000 - 0x00007ffa95e6a000 	C:\WINDOWS\System32\msvcp_win.dll
0x00007ffa8a7f0000 - 0x00007ffa8a7fa000 	C:\WINDOWS\SYSTEM32\VERSION.dll
0x00007ffa979f0000 - 0x00007ffa97a21000 	C:\WINDOWS\System32\IMM32.DLL
0x00007ffa7c350000 - 0x00007ffa7c35c000 	C:\Program Files\Java\jdk-17\bin\vcruntime140_1.dll
0x00007ffa6c830000 - 0x00007ffa6c8bd000 	C:\Program Files\Java\jdk-17\bin\msvcp140.dll
0x00007ffa19240000 - 0x00007ffa19dfe000 	C:\Program Files\Java\jdk-17\bin\server\jvm.dll
0x00007ffa96670000 - 0x00007ffa96678000 	C:\WINDOWS\System32\PSAPI.DLL
0x00007ffa697a0000 - 0x00007ffa697a9000 	C:\WINDOWS\SYSTEM32\WSOCK32.dll
0x00007ffa8df80000 - 0x00007ffa8dfb4000 	C:\WINDOWS\SYSTEM32\WINMM.dll
0x00007ffa97700000 - 0x00007ffa97771000 	C:\WINDOWS\System32\WS2_32.dll
0x00007ffa948b0000 - 0x00007ffa948c8000 	C:\WINDOWS\SYSTEM32\kernel.appcore.dll
0x00007ffa90a20000 - 0x00007ffa90a2a000 	C:\Program Files\Java\jdk-17\bin\jimage.dll
0x00007ffa93200000 - 0x00007ffa93433000 	C:\WINDOWS\SYSTEM32\DBGHELP.DLL
0x00007ffa962e0000 - 0x00007ffa96668000 	C:\WINDOWS\System32\combase.dll
0x00007ffa975d0000 - 0x00007ffa976a7000 	C:\WINDOWS\System32\OLEAUT32.dll
0x00007ffa6bd30000 - 0x00007ffa6bd62000 	C:\WINDOWS\SYSTEM32\dbgcore.DLL
0x00007ffa95c90000 - 0x00007ffa95d0a000 	C:\WINDOWS\System32\bcryptPrimitives.dll
0x00007ffa783a0000 - 0x00007ffa783c5000 	C:\Program Files\Java\jdk-17\bin\java.dll
0x00007ffa6fd90000 - 0x00007ffa6fe66000 	C:\Program Files\Java\jdk-17\bin\svml.dll
0x00007ffa97a30000 - 0x00007ffa9828d000 	C:\WINDOWS\System32\SHELL32.dll
0x00007ffa937d0000 - 0x00007ffa940c8000 	C:\WINDOWS\SYSTEM32\windows.storage.dll
0x00007ffa93690000 - 0x00007ffa937ce000 	C:\WINDOWS\SYSTEM32\wintypes.dll
0x00007ffa98290000 - 0x00007ffa98383000 	C:\WINDOWS\System32\SHCORE.dll
0x00007ffa96ff0000 - 0x00007ffa9704e000 	C:\WINDOWS\System32\shlwapi.dll
0x00007ffa957a0000 - 0x00007ffa957c6000 	C:\WINDOWS\SYSTEM32\profapi.dll
0x00007ffa901a0000 - 0x00007ffa901b9000 	C:\Program Files\Java\jdk-17\bin\net.dll
0x00007ffa8e1b0000 - 0x00007ffa8e2e7000 	C:\WINDOWS\SYSTEM32\WINHTTP.dll
0x00007ffa94d90000 - 0x00007ffa94df9000 	C:\WINDOWS\system32\mswsock.dll
0x00007ffa8e850000 - 0x00007ffa8e865000 	C:\Program Files\Java\jdk-17\bin\nio.dll
0x00007ffa7ec00000 - 0x00007ffa7ec18000 	C:\Program Files\Java\jdk-17\bin\zip.dll
0x0000021091020000 - 0x0000021091023000 	C:\Users\yosry\Downloads\openjfx-22_windows-x64_bin-sdk\javafx-sdk-22\bin\api-ms-win-core-console-l1-1-0.dll
0x0000021091030000 - 0x0000021091033000 	C:\Users\yosry\Downloads\openjfx-22_windows-x64_bin-sdk\javafx-sdk-22\bin\api-ms-win-core-console-l1-2-0.dll
0x0000021091040000 - 0x0000021091043000 	C:\Users\yosry\Downloads\openjfx-22_windows-x64_bin-sdk\javafx-sdk-22\bin\api-ms-win-core-datetime-l1-1-0.dll
0x0000021091050000 - 0x0000021091053000 	C:\Users\yosry\Downloads\openjfx-22_windows-x64_bin-sdk\javafx-sdk-22\bin\api-ms-win-core-debug-l1-1-0.dll
0x0000021091060000 - 0x0000021091063000 	C:\Users\yosry\Downloads\openjfx-22_windows-x64_bin-sdk\javafx-sdk-22\bin\api-ms-win-core-errorhandling-l1-1-0.dll
0x0000021091070000 - 0x0000021091074000 	C:\Users\yosry\Downloads\openjfx-22_windows-x64_bin-sdk\javafx-sdk-22\bin\api-ms-win-core-file-l1-1-0.dll
0x0000021091080000 - 0x0000021091083000 	C:\Users\yosry\Downloads\openjfx-22_windows-x64_bin-sdk\javafx-sdk-22\bin\api-ms-win-core-file-l1-2-0.dll
0x0000021091090000 - 0x0000021091093000 	C:\Users\yosry\Downloads\openjfx-22_windows-x64_bin-sdk\javafx-sdk-22\bin\api-ms-win-core-file-l2-1-0.dll
0x00000210910a0000 - 0x00000210910a3000 	C:\Users\yosry\Downloads\openjfx-22_windows-x64_bin-sdk\javafx-sdk-22\bin\api-ms-win-core-handle-l1-1-0.dll
0x00000210910b0000 - 0x00000210910b3000 	C:\Users\yosry\Downloads\openjfx-22_windows-x64_bin-sdk\javafx-sdk-22\bin\api-ms-win-core-heap-l1-1-0.dll
0x00000210910c0000 - 0x00000210910c3000 	C:\Users\yosry\Downloads\openjfx-22_windows-x64_bin-sdk\javafx-sdk-22\bin\api-ms-win-core-interlocked-l1-1-0.dll
0x00000210910d0000 - 0x00000210910d3000 	C:\Users\yosry\Downloads\openjfx-22_windows-x64_bin-sdk\javafx-sdk-22\bin\api-ms-win-core-libraryloader-l1-1-0.dll
0x00000210af230000 - 0x00000210af233000 	C:\Users\yosry\Downloads\openjfx-22_windows-x64_bin-sdk\javafx-sdk-22\bin\api-ms-win-core-localization-l1-2-0.dll
0x00000210af240000 - 0x00000210af243000 	C:\Users\yosry\Downloads\openjfx-22_windows-x64_bin-sdk\javafx-sdk-22\bin\api-ms-win-core-memory-l1-1-0.dll
0x00000210af250000 - 0x00000210af253000 	C:\Users\yosry\Downloads\openjfx-22_windows-x64_bin-sdk\javafx-sdk-22\bin\api-ms-win-core-namedpipe-l1-1-0.dll
0x00000210af260000 - 0x00000210af263000 	C:\Users\yosry\Downloads\openjfx-22_windows-x64_bin-sdk\javafx-sdk-22\bin\api-ms-win-core-processenvironment-l1-1-0.dll
0x00000210af270000 - 0x00000210af273000 	C:\Users\yosry\Downloads\openjfx-22_windows-x64_bin-sdk\javafx-sdk-22\bin\api-ms-win-core-processthreads-l1-1-0.dll
0x00000210af280000 - 0x00000210af283000 	C:\Users\yosry\Downloads\openjfx-22_windows-x64_bin-sdk\javafx-sdk-22\bin\api-ms-win-core-processthreads-l1-1-1.dll
0x00000210af290000 - 0x00000210af293000 	C:\Users\yosry\Downloads\openjfx-22_windows-x64_bin-sdk\javafx-sdk-22\bin\api-ms-win-core-profile-l1-1-0.dll
0x00000210af2a0000 - 0x00000210af2a3000 	C:\Users\yosry\Downloads\openjfx-22_windows-x64_bin-sdk\javafx-sdk-22\bin\api-ms-win-core-rtlsupport-l1-1-0.dll
0x00000210af2b0000 - 0x00000210af2b3000 	C:\Users\yosry\Downloads\openjfx-22_windows-x64_bin-sdk\javafx-sdk-22\bin\api-ms-win-core-string-l1-1-0.dll
0x00000210af2c0000 - 0x00000210af2c3000 	C:\Users\yosry\Downloads\openjfx-22_windows-x64_bin-sdk\javafx-sdk-22\bin\api-ms-win-core-synch-l1-1-0.dll
0x00000210af2d0000 - 0x00000210af2d3000 	C:\Users\yosry\Downloads\openjfx-22_windows-x64_bin-sdk\javafx-sdk-22\bin\api-ms-win-core-synch-l1-2-0.dll
0x00000210af2e0000 - 0x00000210af2e3000 	C:\Users\yosry\Downloads\openjfx-22_windows-x64_bin-sdk\javafx-sdk-22\bin\api-ms-win-core-sysinfo-l1-1-0.dll
0x00000210af2f0000 - 0x00000210af2f3000 	C:\Users\yosry\Downloads\openjfx-22_windows-x64_bin-sdk\javafx-sdk-22\bin\api-ms-win-core-timezone-l1-1-0.dll
0x00000210af300000 - 0x00000210af303000 	C:\Users\yosry\Downloads\openjfx-22_windows-x64_bin-sdk\javafx-sdk-22\bin\api-ms-win-core-util-l1-1-0.dll
0x00000210af310000 - 0x00000210af313000 	C:\Users\yosry\Downloads\openjfx-22_windows-x64_bin-sdk\javafx-sdk-22\bin\api-ms-win-crt-conio-l1-1-0.dll
0x00000210af320000 - 0x00000210af324000 	C:\Users\yosry\Downloads\openjfx-22_windows-x64_bin-sdk\javafx-sdk-22\bin\api-ms-win-crt-convert-l1-1-0.dll
0x00000210af330000 - 0x00000210af333000 	C:\Users\yosry\Downloads\openjfx-22_windows-x64_bin-sdk\javafx-sdk-22\bin\api-ms-win-crt-environment-l1-1-0.dll
0x00000210af340000 - 0x00000210af343000 	C:\Users\yosry\Downloads\openjfx-22_windows-x64_bin-sdk\javafx-sdk-22\bin\api-ms-win-crt-filesystem-l1-1-0.dll
0x00000210af350000 - 0x00000210af353000 	C:\Users\yosry\Downloads\openjfx-22_windows-x64_bin-sdk\javafx-sdk-22\bin\api-ms-win-crt-heap-l1-1-0.dll
0x00000210af360000 - 0x00000210af363000 	C:\Users\yosry\Downloads\openjfx-22_windows-x64_bin-sdk\javafx-sdk-22\bin\api-ms-win-crt-locale-l1-1-0.dll
0x00000210af370000 - 0x00000210af375000 	C:\Users\yosry\Downloads\openjfx-22_windows-x64_bin-sdk\javafx-sdk-22\bin\api-ms-win-crt-math-l1-1-0.dll
0x00000210af380000 - 0x00000210af385000 	C:\Users\yosry\Downloads\openjfx-22_windows-x64_bin-sdk\javafx-sdk-22\bin\api-ms-win-crt-multibyte-l1-1-0.dll
0x00000210af390000 - 0x00000210af3a0000 	C:\Users\yosry\Downloads\openjfx-22_windows-x64_bin-sdk\javafx-sdk-22\bin\api-ms-win-crt-private-l1-1-0.dll
0x00000210af3a0000 - 0x00000210af3a3000 	C:\Users\yosry\Downloads\openjfx-22_windows-x64_bin-sdk\javafx-sdk-22\bin\api-ms-win-crt-process-l1-1-0.dll
0x00000210af3b0000 - 0x00000210af3b4000 	C:\Users\yosry\Downloads\openjfx-22_windows-x64_bin-sdk\javafx-sdk-22\bin\api-ms-win-crt-runtime-l1-1-0.dll
0x00000210af3c0000 - 0x00000210af3c4000 	C:\Users\yosry\Downloads\openjfx-22_windows-x64_bin-sdk\javafx-sdk-22\bin\api-ms-win-crt-stdio-l1-1-0.dll
0x00000210af3d0000 - 0x00000210af3d4000 	C:\Users\yosry\Downloads\openjfx-22_windows-x64_bin-sdk\javafx-sdk-22\bin\api-ms-win-crt-string-l1-1-0.dll
0x00000210af3e0000 - 0x00000210af3e3000 	C:\Users\yosry\Downloads\openjfx-22_windows-x64_bin-sdk\javafx-sdk-22\bin\api-ms-win-crt-time-l1-1-0.dll
0x00000210af3f0000 - 0x00000210af3f3000 	C:\Users\yosry\Downloads\openjfx-22_windows-x64_bin-sdk\javafx-sdk-22\bin\api-ms-win-crt-utility-l1-1-0.dll
0x00007ffa1a170000 - 0x00007ffa1a26c000 	C:\Users\yosry\Downloads\openjfx-22_windows-x64_bin-sdk\javafx-sdk-22\bin\ucrtbase.dll
0x00007ffa6c810000 - 0x00007ffa6c82b000 	C:\Users\yosry\Downloads\openjfx-22_windows-x64_bin-sdk\javafx-sdk-22\bin\vcruntime140.dll
0x00007ffa78690000 - 0x00007ffa7869c000 	C:\Users\yosry\Downloads\openjfx-22_windows-x64_bin-sdk\javafx-sdk-22\bin\vcruntime140_1.dll
0x00007ffa58750000 - 0x00007ffa587de000 	C:\Users\yosry\Downloads\openjfx-22_windows-x64_bin-sdk\javafx-sdk-22\bin\msvcp140.dll
0x00007ffa6fd30000 - 0x00007ffa6fd39000 	C:\Users\yosry\Downloads\openjfx-22_windows-x64_bin-sdk\javafx-sdk-22\bin\msvcp140_1.dll
0x00007ffa56480000 - 0x00007ffa564c1000 	C:\Users\yosry\Downloads\openjfx-22_windows-x64_bin-sdk\javafx-sdk-22\bin\msvcp140_2.dll
0x00007ffa6a0e0000 - 0x00007ffa6a110000 	C:\Users\yosry\Downloads\openjfx-22_windows-x64_bin-sdk\javafx-sdk-22\bin\prism_d3d.dll
0x00007ffa153c0000 - 0x00007ffa15569000 	C:\WINDOWS\system32\d3d9.dll
0x00007ffa92c60000 - 0x00007ffa92c8b000 	C:\WINDOWS\SYSTEM32\dwmapi.dll
0x00007ffa92b10000 - 0x00007ffa92b49000 	C:\WINDOWS\SYSTEM32\dxcore.dll
0x00007ffa92a00000 - 0x00007ffa92aab000 	C:\WINDOWS\system32\uxtheme.dll
0x00007ffa15210000 - 0x00007ffa153bc000 	C:\WINDOWS\System32\DriverStore\FileRepository\iigd_dch.inf_amd64_9b53505f87f3498b\igdumdim64.dll
0x00007ffa96e50000 - 0x00007ffa96fef000 	C:\WINDOWS\System32\ole32.dll
0x00007ffa0e5a0000 - 0x00007ffa12e04000 	C:\WINDOWS\System32\DriverStore\FileRepository\iigd_dch.inf_amd64_9b53505f87f3498b\igd9dxva64.dll
0x00007ffa96850000 - 0x00007ffa96cc4000 	C:\WINDOWS\System32\SETUPAPI.dll
0x00007ffa95560000 - 0x00007ffa955ae000 	C:\WINDOWS\SYSTEM32\cfgmgr32.dll
0x00007ffa84ee0000 - 0x00007ffa852e9000 	C:\WINDOWS\System32\DriverStore\FileRepository\iigd_dch.inf_amd64_9b53505f87f3498b\igdgmm64.dll
0x00007ffa8e360000 - 0x00007ffa8e3aa000 	C:\WINDOWS\SYSTEM32\directxdatabasehelper.dll
0x00007ffa56430000 - 0x00007ffa56475000 	C:\Users\yosry\Downloads\openjfx-22_windows-x64_bin-sdk\javafx-sdk-22\bin\glass.dll
0x00007ffa96680000 - 0x00007ffa96779000 	C:\WINDOWS\System32\COMDLG32.dll
0x00007ffa98390000 - 0x00007ffa984e4000 	C:\WINDOWS\System32\MSCTF.dll
0x00007ffa7d000000 - 0x00007ffa7d027000 	C:\WINDOWS\System32\DriverStore\FileRepository\iigd_dch.inf_amd64_9b53505f87f3498b\igdinfo64.dll
0x00007ffa80800000 - 0x00007ffa84e84000 	C:\WINDOWS\System32\DriverStore\FileRepository\iigd_dch.inf_amd64_9b53505f87f3498b\igc64.dll
0x00007ffa97190000 - 0x00007ffa97240000 	C:\WINDOWS\System32\clbcatq.dll
0x00007ffa7d060000 - 0x00007ffa7d1d4000 	C:\Windows\System32\Windows.UI.dll
0x00007ffa7bba0000 - 0x00007ffa7bd15000 	C:\Windows\System32\Windows.UI.Immersive.dll
0x00007ffa58b90000 - 0x00007ffa58ba4000 	C:\Users\yosry\Downloads\openjfx-22_windows-x64_bin-sdk\javafx-sdk-22\bin\javafx_font.dll
0x00007ffa91000000 - 0x00007ffa91274000 	C:\WINDOWS\SYSTEM32\dwrite.dll
0x00007ffa943a0000 - 0x00007ffa94499000 	C:\WINDOWS\SYSTEM32\DNSAPI.dll
0x00007ffa94330000 - 0x00007ffa9435d000 	C:\WINDOWS\SYSTEM32\IPHLPAPI.DLL
0x00007ffa96d30000 - 0x00007ffa96d39000 	C:\WINDOWS\System32\NSI.dll
0x00007ffa87780000 - 0x00007ffa8778a000 	C:\Windows\System32\rasadhlp.dll
0x00007ffa89120000 - 0x00007ffa891a3000 	C:\WINDOWS\System32\fwpuclnt.dll
0x00007ffa90e50000 - 0x00007ffa91000000 	C:\WINDOWS\SYSTEM32\WindowsCodecs.dll
0x00007ffa64550000 - 0x00007ffa645ae000 	C:\WINDOWS\system32\dataexchange.dll
0x00007ffa8f290000 - 0x00007ffa8f51f000 	C:\WINDOWS\system32\twinapi.appcore.dll
0x00007ffa78650000 - 0x00007ffa78682000 	C:\Program Files\Common Files\Microsoft Shared\Ink\rtscom.dll
0x00007ffa7a7b0000 - 0x00007ffa7a8fa000 	C:\WINDOWS\SYSTEM32\textinputframework.dll
0x00007ffa922a0000 - 0x00007ffa923d4000 	C:\WINDOWS\SYSTEM32\CoreMessaging.dll
0x00007ffa8a120000 - 0x00007ffa8a48c000 	C:\WINDOWS\SYSTEM32\CoreUIComponents.dll

dbghelp: loaded successfully - version: 4.0.5 - missing functions: none
symbol engine: initialized successfully - sym options: 0x614 - pdb path: .;C:\Program Files\Java\jdk-17\bin;C:\WINDOWS\SYSTEM32;C:\WINDOWS\WinSxS\amd64_microsoft.windows.common-controls_6595b64144ccf1df_6.0.22621.3235_none_270f74e173860f98;C:\Program Files\Java\jdk-17\bin\server;C:\Users\yosry\Downloads\openjfx-22_windows-x64_bin-sdk\javafx-sdk-22\bin;C:\WINDOWS\System32\DriverStore\FileRepository\iigd_dch.inf_amd64_9b53505f87f3498b;C:\Program Files\Common Files\Microsoft Shared\Ink

VM Arguments:
jvm_args: --module-path=C:\Users\yosry\Downloads\openjfx-22_windows-x64_bin-sdk\javafx-sdk-22\lib --add-modules=javafx.controls,javafx.fxml -Dfile.encoding=UTF-8 -Dstdout.encoding=UTF-8 -Dstderr.encoding=UTF-8 --module-path=C:\Users\yosry\.p2\pool\plugins\org.eclipse.fx.ide.css.jfx8_3.8.0.202204150904.jar;C:\Users\yosry\Downloads\openjfx-22_windows-x64_bin-sdk\javafx-sdk-22\lib\javafx.base.jar;C:\Users\yosry\Downloads\openjfx-22_windows-x64_bin-sdk\javafx-sdk-22\lib\javafx.controls.jar;C:\Users\yosry\Downloads\openjfx-22_windows-x64_bin-sdk\javafx-sdk-22\lib\javafx.fxml.jar;C:\Users\yosry\Downloads\openjfx-22_windows-x64_bin-sdk\javafx-sdk-22\lib\javafx.graphics.jar;C:\Users\yosry\Downloads\openjfx-22_windows-x64_bin-sdk\javafx-sdk-22\lib\javafx.media.jar;C:\Users\yosry\Downloads\openjfx-22_windows-x64_bin-sdk\javafx-sdk-22\lib\javafx.swing.jar;C:\Users\yosry\Downloads\openjfx-22_windows-x64_bin-sdk\javafx-sdk-22\lib\javafx.web.jar;C:\Users\yosry\Downloads\openjfx-22_windows-x64_bin-sdk\javafx-sdk-22\lib\javafx-swt.jar -XX:+ShowCodeDetailsInExceptionMessages 
java_command: application.Main
java_class_path (initial): C:\Users\yosry\eclipse-workspace\IDE_2024\TuniCollab\bin;C:\Users\yosry\Downloads\mysql-connector-j-8.3.0\mysql-connector-j-8.3.0\mysql-connector-j-8.3.0.jar
Launcher Type: SUN_STANDARD

[Global flags]
     intx CICompilerCount                          = 4                                         {product} {ergonomic}
     uint ConcGCThreads                            = 2                                         {product} {ergonomic}
     uint G1ConcRefinementThreads                  = 8                                         {product} {ergonomic}
   size_t G1HeapRegionSize                         = 1048576                                   {product} {ergonomic}
    uintx GCDrainStackTargetSize                   = 64                                        {product} {ergonomic}
   size_t InitialHeapSize                          = 132120576                                 {product} {ergonomic}
   size_t MarkStackSize                            = 4194304                                   {product} {ergonomic}
   size_t MaxHeapSize                              = 2090860544                                {product} {ergonomic}
   size_t MaxNewSize                               = 1254096896                                {product} {ergonomic}
   size_t MinHeapDeltaBytes                        = 1048576                                   {product} {ergonomic}
   size_t MinHeapSize                              = 8388608                                   {product} {ergonomic}
    uintx NonNMethodCodeHeapSize                   = 5839372                                {pd product} {ergonomic}
    uintx NonProfiledCodeHeapSize                  = 122909434                              {pd product} {ergonomic}
    uintx ProfiledCodeHeapSize                     = 122909434                              {pd product} {ergonomic}
    uintx ReservedCodeCacheSize                    = 251658240                              {pd product} {ergonomic}
     bool SegmentedCodeCache                       = true                                      {product} {ergonomic}
     bool ShowCodeDetailsInExceptionMessages       = true                                   {manageable} {command line}
   size_t SoftMaxHeapSize                          = 2090860544                             {manageable} {ergonomic}
     bool UseCompressedClassPointers               = true                           {product lp64_product} {ergonomic}
     bool UseCompressedOops                        = true                           {product lp64_product} {ergonomic}
     bool UseG1GC                                  = true                                      {product} {ergonomic}
     bool UseLargePagesIndividualAllocation        = false                                  {pd product} {ergonomic}

Logging:
Log output configuration:
 #0: stdout all=warning uptime,level,tags
 #1: stderr all=off uptime,level,tags

Environment Variables:
JAVA_HOME=C:\Program Files\Java\jdk-17
PATH=C:/Program Files/Java/jdk-17/bin/server;C:/Program Files/Java/jdk-17/bin;C:\Python311\Scripts\;C:\Python311\;C:\Program Files\Java\jdk-11.0.16.1\bin;C:\oraclexe\app\oracle\product\11.2.0\server\bin;C:\Program Files\Common Files\Oracle\Java\javapath;C:\Program Files (x86)\Common Files\Oracle\Java\javapath;C:\windows\system32;C:\windows;C:\windows\System32\Wbem;C:\windows\System32\WindowsPowerShell\v1.0\;C:\windows\System32\OpenSSH\;C:\Program Files (x86)\NVIDIA Corporation\PhysX\Common;C:\Program Files\NVIDIA Corporation\NVIDIA NvDLISR;C:\Program Files\Git\cmd;C:\xampp\php;C:\ProgramData\ComposerSetup\bin;C:\Program Files\OpenSSL-Win64\bin;C:\WINDOWS\system32;C:\WINDOWS;C:\WINDOWS\System32\Wbem;C:\WINDOWS\System32\WindowsPowerShell\v1.0\;C:\WINDOWS\System32\OpenSSH\;C:\ProgramData\chocolatey\bin;C:\Users\yosry\AppData\Roaming\nvm;C:\Program Files\nodejs;C:\Program Files (x86)\GnuWin32\bin;C:\Program Files (x86)\CodeBlocks\MinGW\bin;C:\Users\yosry\scoop\shims;C:\Program Files\Java\jdk-17;C:\Program Files\MySQL\MySQL Shell 8.0\bin\;C:\Users\yosry\AppData\Local\Microsoft\WindowsApps;C:\Users\yosry\AppData\Local\Programs\Microsoft VS Code\bin;C:\src\flutter\bin;C:\Users\yosry\AppData\Roaming\Composer\vendor\bin;C:\Program Files\OpenSSL-Win64;C:\Users\yosry\AppData\Roaming\npm;C:\Users\yosry\AppData\Roaming\nvm;C:\Program Files\nodejs;C:\Program Files\JetBrains\IntelliJ IDEA 2023.2.2\bin;;C:\Program Files (x86)\CodeBlocks\MinGW\bin;C:\Users\yosry\AppData\Local\GitHubDesktop\bin;C:\WINDOWS\System32;
USERNAME=yosry
OS=Windows_NT
PROCESSOR_IDENTIFIER=Intel64 Family 6 Model 126 Stepping 5, GenuineIntel



---------------  S Y S T E M  ---------------

OS:
 Windows 10 , 64 bit Build 22621 (10.0.22621.3235)
OS uptime: 8 days 7:17 hours

CPU: total 8 (initial active 8) (4 cores per cpu, 2 threads per core) family 6 model 126 stepping 5 microcode 0x96, cx8, cmov, fxsr, ht, mmx, 3dnowpref, sse, sse2, sse3, ssse3, sse4.1, sse4.2, popcnt, lzcnt, tsc, tscinvbit, avx, avx2, aes, erms, clmul, bmi1, bmi2, adx, avx512f, avx512dq, avx512cd, avx512bw, avx512vl, sha, fma, vzeroupper, avx512_vpopcntdq, avx512_vpclmulqdq, avx512_vaes, avx512_vnni, clflush, clflushopt, avx512_vbmi2, avx512_vbmi

Memory: 4k page, system-wide physical 7973M (303M free)
TotalPageFile size 32549M (AvailPageFile size 4M)
current process WorkingSet (physical memory assigned to process): 182M, peak: 182M
current process commit charge ("private bytes"): 301M, peak: 307M

vm_info: Java HotSpot(TM) 64-Bit Server VM (17+35-LTS-2724) for windows-amd64 JRE (17+35-LTS-2724), built on Aug  5 2021 23:28:28 by "mach5one" with MS VC++ 16.8 (VS2019)

END.
