#
# There is insufficient memory for the Java Runtime Environment to continue.
# Native memory allocation (malloc) failed to allocate 756976 bytes for Chunk::new
# Possible reasons:
#   The system is out of physical RAM or swap space
#   The process is running with CompressedOops enabled, and the Java Heap may be blocking the growth of the native heap
# Possible solutions:
#   Reduce memory load on the system
#   Increase physical memory or swap space
#   Check if swap backing store is full
#   Decrease Java heap size (-Xmx/-Xms)
#   Decrease number of Java threads
#   Decrease Java thread stack sizes (-Xss)
#   Set larger code cache with -XX:ReservedCodeCacheSize=
#   JVM is running with Unscaled Compressed Oops mode in which the Java heap is
#     placed in the first 4GB address space. The Java Heap base address is the
#     maximum limit for the native heap growth. Please use -XX:HeapBaseMinAddress
#     to set the Java Heap base and to place the Java Heap above 4GB virtual address.
# This output file may be truncated or incomplete.
#
#  Out of Memory Error (arena.cpp:189), pid=61000, tid=34704
#
# JRE version: Java(TM) SE Runtime Environment (17.0+35) (build 17+35-LTS-2724)
# Java VM: Java HotSpot(TM) 64-Bit Server VM (17+35-LTS-2724, mixed mode, sharing, tiered, compressed oops, compressed class ptrs, g1 gc, windows-amd64)
# No core dump will be written. Minidumps are not enabled by default on client versions of Windows
#

---------------  S U M M A R Y ------------

Command Line: --module-path=C:\Users\yosry\Downloads\openjfx-22_windows-x64_bin-sdk\javafx-sdk-22\lib --add-modules=javafx.controls,javafx.fxml -Dfile.encoding=UTF-8 -Dstdout.encoding=UTF-8 -Dstderr.encoding=UTF-8 --module-path=C:\Users\yosry\.p2\pool\plugins\org.eclipse.fx.ide.css.jfx8_3.8.0.202204150904.jar;C:\Users\yosry\Downloads\openjfx-22_windows-x64_bin-sdk\javafx-sdk-22\lib\javafx.base.jar;C:\Users\yosry\Downloads\openjfx-22_windows-x64_bin-sdk\javafx-sdk-22\lib\javafx.controls.jar;C:\Users\yosry\Downloads\openjfx-22_windows-x64_bin-sdk\javafx-sdk-22\lib\javafx.fxml.jar;C:\Users\yosry\Downloads\openjfx-22_windows-x64_bin-sdk\javafx-sdk-22\lib\javafx.graphics.jar;C:\Users\yosry\Downloads\openjfx-22_windows-x64_bin-sdk\javafx-sdk-22\lib\javafx.media.jar;C:\Users\yosry\Downloads\openjfx-22_windows-x64_bin-sdk\javafx-sdk-22\lib\javafx.swing.jar;C:\Users\yosry\Downloads\openjfx-22_windows-x64_bin-sdk\javafx-sdk-22\lib\javafx.web.jar;C:\Users\yosry\Downloads\openjfx-22_windows-x64_bin-sdk\javafx-sdk-22\lib\javafx-swt.jar -XX:+ShowCodeDetailsInExceptionMessages application.Main

Host: Intel(R) Core(TM) i7-1065G7 CPU @ 1.30GHz, 8 cores, 7G,  Windows 10 , 64 bit Build 22621 (10.0.22621.3235)
Time: Mon Mar 25 05:54:00 2024 Afr. centrale Ouest elapsed time: 3.617506 seconds (0d 0h 0m 3s)

---------------  T H R E A D  ---------------

Current thread (0x0000026e256e7d80):  JavaThread "C2 CompilerThread0" daemon [_thread_in_native, id=34704, stack(0x000000903d200000,0x000000903d300000)]


Current CompileTask:
C2:   3617 1979       4       java.util.Locale::forLanguageTag (74 bytes)

Stack: [0x000000903d200000,0x000000903d300000]
Native frames: (J=compiled Java code, j=interpreted, Vv=VM code, C=native code)
V  [jvm.dll+0x66f8ea]
V  [jvm.dll+0x7ce224]
V  [jvm.dll+0x7cf9ce]
V  [jvm.dll+0x7d0033]
V  [jvm.dll+0x242bb5]
V  [jvm.dll+0xaa05b]
V  [jvm.dll+0xaa5ec]
V  [jvm.dll+0x2a954f]
V  [jvm.dll+0x5784b9]
V  [jvm.dll+0x21de2d]
V  [jvm.dll+0x217789]
V  [jvm.dll+0x214fb5]
V  [jvm.dll+0x1a168d]
V  [jvm.dll+0x2248f8]
V  [jvm.dll+0x222a5c]
V  [jvm.dll+0x78422b]
V  [jvm.dll+0x77e7ea]
V  [jvm.dll+0x66e715]
C  [ucrtbase.dll+0x29363]
C  [KERNEL32.DLL+0x1257d]
C  [ntdll.dll+0x5aa58]


---------------  P R O C E S S  ---------------

Threads class SMR info:
_java_thread_list=0x0000026e2b7f2140, length=18, elements={
0x0000026e077735e0, 0x0000026e256bc340, 0x0000026e256bc900, 0x0000026e256d2900,
0x0000026e256d2ec0, 0x0000026e256d66c0, 0x0000026e256d7ba0, 0x0000026e256e7d80,
0x0000026e256e8750, 0x0000026e256f8c40, 0x0000026e261b1420, 0x0000026e2631aa80,
0x0000026e26482050, 0x0000026e265271b0, 0x0000026e264d3880, 0x0000026e26aed8d0,
0x0000026e26a30cc0, 0x0000026e26e61870
}

Java Threads: ( => current thread )
  0x0000026e077735e0 JavaThread "main" [_thread_blocked, id=49716, stack(0x000000903c500000,0x000000903c600000)]
  0x0000026e256bc340 JavaThread "Reference Handler" daemon [_thread_blocked, id=60716, stack(0x000000903cc00000,0x000000903cd00000)]
  0x0000026e256bc900 JavaThread "Finalizer" daemon [_thread_blocked, id=61420, stack(0x000000903cd00000,0x000000903ce00000)]
  0x0000026e256d2900 JavaThread "Signal Dispatcher" daemon [_thread_blocked, id=32348, stack(0x000000903ce00000,0x000000903cf00000)]
  0x0000026e256d2ec0 JavaThread "Attach Listener" daemon [_thread_blocked, id=61332, stack(0x000000903cf00000,0x000000903d000000)]
  0x0000026e256d66c0 JavaThread "Service Thread" daemon [_thread_blocked, id=60324, stack(0x000000903d000000,0x000000903d100000)]
  0x0000026e256d7ba0 JavaThread "Monitor Deflation Thread" daemon [_thread_blocked, id=60880, stack(0x000000903d100000,0x000000903d200000)]
=>0x0000026e256e7d80 JavaThread "C2 CompilerThread0" daemon [_thread_in_native, id=34704, stack(0x000000903d200000,0x000000903d300000)]
  0x0000026e256e8750 JavaThread "C1 CompilerThread0" daemon [_thread_in_vm, id=59020, stack(0x000000903d300000,0x000000903d400000)]
  0x0000026e256f8c40 JavaThread "Sweeper thread" daemon [_thread_blocked, id=46580, stack(0x000000903d400000,0x000000903d500000)]
  0x0000026e261b1420 JavaThread "Common-Cleaner" daemon [_thread_blocked, id=58636, stack(0x000000903d500000,0x000000903d600000)]
  0x0000026e2631aa80 JavaThread "Notification Thread" daemon [_thread_blocked, id=49804, stack(0x000000903d600000,0x000000903d700000)]
  0x0000026e26482050 JavaThread "QuantumRenderer-0" daemon [_thread_blocked, id=43796, stack(0x000000903d800000,0x000000903d900000)]
  0x0000026e265271b0 JavaThread "InvokeLaterDispatcher" daemon [_thread_blocked, id=43912, stack(0x000000903d900000,0x000000903da00000)]
  0x0000026e264d3880 JavaThread "JavaFX Application Thread" [_thread_in_Java, id=29132, stack(0x000000903da00000,0x000000903db00000)]
  0x0000026e26aed8d0 JavaThread "JavaFX-Launcher" [_thread_blocked, id=61116, stack(0x000000903df00000,0x000000903e000000)]
  0x0000026e26a30cc0 JavaThread "Thread-2" daemon [_thread_in_native, id=60480, stack(0x000000903de00000,0x000000903df00000)]
  0x0000026e26e61870 JavaThread "mysql-cj-abandoned-connection-cleanup" daemon [_thread_blocked, id=60220, stack(0x000000903e500000,0x000000903e600000)]

Other Threads:
  0x0000026e256b99b0 VMThread "VM Thread" [stack: 0x000000903cb00000,0x000000903cc00000] [id=28876]
  0x0000026e26340150 WatcherThread [stack: 0x000000903d700000,0x000000903d800000] [id=61244]
  0x0000026e077b4cb0 GCTaskThread "GC Thread#0" [stack: 0x000000903c600000,0x000000903c700000] [id=60816]
  0x0000026e26f4bba0 GCTaskThread "GC Thread#1" [stack: 0x000000903e000000,0x000000903e100000] [id=59580]
  0x0000026e26d542e0 GCTaskThread "GC Thread#2" [stack: 0x000000903e100000,0x000000903e200000] [id=60908]
  0x0000026e26d54590 GCTaskThread "GC Thread#3" [stack: 0x000000903e200000,0x000000903e300000] [id=60920]
  0x0000026e26cef120 GCTaskThread "GC Thread#4" [stack: 0x000000903e300000,0x000000903e400000] [id=60224]
  0x0000026e26cef3d0 GCTaskThread "GC Thread#5" [stack: 0x000000903e400000,0x000000903e500000] [id=61036]
  0x0000026e2ba1f6d0 GCTaskThread "GC Thread#6" [stack: 0x000000903e600000,0x000000903e700000] [id=30360]
  0x0000026e2b825060 GCTaskThread "GC Thread#7" [stack: 0x000000903e700000,0x000000903e800000] [id=56800]
  0x0000026e077c5bd0 ConcurrentGCThread "G1 Main Marker" [stack: 0x000000903c700000,0x000000903c800000] [id=37076]
  0x0000026e077c74f0 ConcurrentGCThread "G1 Conc#0" [stack: 0x000000903c800000,0x000000903c900000] [id=59624]
  0x0000026e078317b0 ConcurrentGCThread "G1 Refine#0" [stack: 0x000000903c900000,0x000000903ca00000] [id=60972]
  0x0000026e255820b0 ConcurrentGCThread "G1 Service" [stack: 0x000000903ca00000,0x000000903cb00000] [id=60864]

Threads with active compile tasks:
C2 CompilerThread0     3663 1979       4       java.util.Locale::forLanguageTag (74 bytes)

VM state: not at safepoint (normal execution)

VM Mutex/Monitor currently owned by a thread: None

Heap address: 0x0000000083600000, size: 1994 MB, Compressed Oops mode: 32-bit

CDS archive(s) mapped at: [0x0000000800000000-0x0000000800bc0000-0x0000000800bc0000), size 12320768, SharedBaseAddress: 0x0000000800000000, ArchiveRelocationMode: 0.
Compressed class space mapped at: 0x0000000800c00000-0x0000000840c00000, reserved size: 1073741824
Narrow klass base: 0x0000000800000000, Narrow klass shift: 0, Narrow klass range: 0x100000000

GC Precious Log:
 CPUs: 8 total, 8 available
 Memory: 7973M
 Large Page Support: Disabled
 NUMA Support: Disabled
 Compressed Oops: Enabled (32-bit)
 Heap Region Size: 1M
 Heap Min Capacity: 8M
 Heap Initial Capacity: 126M
 Heap Max Capacity: 1994M
 Pre-touch: Disabled
 Parallel Workers: 8
 Concurrent Workers: 2
 Concurrent Refinement Workers: 8
 Periodic GC: Disabled

Heap:
 garbage-first heap   total 129024K, used 16416K [0x0000000083600000, 0x0000000100000000)
  region size 1024K, 14 young (14336K), 5 survivors (5120K)
 Metaspace       used 14332K, committed 14592K, reserved 1064960K
  class space    used 1902K, committed 2048K, reserved 1048576K

Heap Regions: E=young(eden), S=young(survivor), O=old, HS=humongous(starts), HC=humongous(continues), CS=collection set, F=free, OA=open archive, CA=closed archive, TAMS=top-at-mark-start (previous, next)
|   0|0x0000000083600000, 0x0000000083700000, 0x0000000083700000|100%| O|  |TAMS 0x0000000083600000, 0x0000000083600000| Untracked 
|   1|0x0000000083700000, 0x0000000083800000, 0x0000000083800000|100%| O|  |TAMS 0x0000000083700000, 0x0000000083700000| Untracked 
|   2|0x0000000083800000, 0x0000000083900000, 0x0000000083900000|100%| O|  |TAMS 0x0000000083800000, 0x0000000083800000| Untracked 
|   3|0x0000000083900000, 0x00000000839c1c00, 0x0000000083a00000| 75%| O|  |TAMS 0x0000000083900000, 0x0000000083900000| Untracked 
|   4|0x0000000083a00000, 0x0000000083a00000, 0x0000000083b00000|  0%| F|  |TAMS 0x0000000083a00000, 0x0000000083a00000| Untracked 
|   5|0x0000000083b00000, 0x0000000083b00000, 0x0000000083c00000|  0%| F|  |TAMS 0x0000000083b00000, 0x0000000083b00000| Untracked 
|   6|0x0000000083c00000, 0x0000000083c00000, 0x0000000083d00000|  0%| F|  |TAMS 0x0000000083c00000, 0x0000000083c00000| Untracked 
|   7|0x0000000083d00000, 0x0000000083d00000, 0x0000000083e00000|  0%| F|  |TAMS 0x0000000083d00000, 0x0000000083d00000| Untracked 
|   8|0x0000000083e00000, 0x0000000083e00000, 0x0000000083f00000|  0%| F|  |TAMS 0x0000000083e00000, 0x0000000083e00000| Untracked 
|   9|0x0000000083f00000, 0x0000000083f00000, 0x0000000084000000|  0%| F|  |TAMS 0x0000000083f00000, 0x0000000083f00000| Untracked 
|  10|0x0000000084000000, 0x0000000084000000, 0x0000000084100000|  0%| F|  |TAMS 0x0000000084000000, 0x0000000084000000| Untracked 
|  11|0x0000000084100000, 0x0000000084100000, 0x0000000084200000|  0%| F|  |TAMS 0x0000000084100000, 0x0000000084100000| Untracked 
|  12|0x0000000084200000, 0x0000000084200000, 0x0000000084300000|  0%| F|  |TAMS 0x0000000084200000, 0x0000000084200000| Untracked 
|  13|0x0000000084300000, 0x0000000084300000, 0x0000000084400000|  0%| F|  |TAMS 0x0000000084300000, 0x0000000084300000| Untracked 
|  14|0x0000000084400000, 0x0000000084400000, 0x0000000084500000|  0%| F|  |TAMS 0x0000000084400000, 0x0000000084400000| Untracked 
|  15|0x0000000084500000, 0x0000000084500000, 0x0000000084600000|  0%| F|  |TAMS 0x0000000084500000, 0x0000000084500000| Untracked 
|  16|0x0000000084600000, 0x0000000084600000, 0x0000000084700000|  0%| F|  |TAMS 0x0000000084600000, 0x0000000084600000| Untracked 
|  17|0x0000000084700000, 0x0000000084700000, 0x0000000084800000|  0%| F|  |TAMS 0x0000000084700000, 0x0000000084700000| Untracked 
|  18|0x0000000084800000, 0x0000000084800000, 0x0000000084900000|  0%| F|  |TAMS 0x0000000084800000, 0x0000000084800000| Untracked 
|  19|0x0000000084900000, 0x0000000084900000, 0x0000000084a00000|  0%| F|  |TAMS 0x0000000084900000, 0x0000000084900000| Untracked 
|  20|0x0000000084a00000, 0x0000000084a00000, 0x0000000084b00000|  0%| F|  |TAMS 0x0000000084a00000, 0x0000000084a00000| Untracked 
|  21|0x0000000084b00000, 0x0000000084b00000, 0x0000000084c00000|  0%| F|  |TAMS 0x0000000084b00000, 0x0000000084b00000| Untracked 
|  22|0x0000000084c00000, 0x0000000084c00000, 0x0000000084d00000|  0%| F|  |TAMS 0x0000000084c00000, 0x0000000084c00000| Untracked 
|  23|0x0000000084d00000, 0x0000000084d00000, 0x0000000084e00000|  0%| F|  |TAMS 0x0000000084d00000, 0x0000000084d00000| Untracked 
|  24|0x0000000084e00000, 0x0000000084e00000, 0x0000000084f00000|  0%| F|  |TAMS 0x0000000084e00000, 0x0000000084e00000| Untracked 
|  25|0x0000000084f00000, 0x0000000084f00000, 0x0000000085000000|  0%| F|  |TAMS 0x0000000084f00000, 0x0000000084f00000| Untracked 
|  26|0x0000000085000000, 0x0000000085000000, 0x0000000085100000|  0%| F|  |TAMS 0x0000000085000000, 0x0000000085000000| Untracked 
|  27|0x0000000085100000, 0x0000000085100000, 0x0000000085200000|  0%| F|  |TAMS 0x0000000085100000, 0x0000000085100000| Untracked 
|  28|0x0000000085200000, 0x0000000085200000, 0x0000000085300000|  0%| F|  |TAMS 0x0000000085200000, 0x0000000085200000| Untracked 
|  29|0x0000000085300000, 0x0000000085300000, 0x0000000085400000|  0%| F|  |TAMS 0x0000000085300000, 0x0000000085300000| Untracked 
|  30|0x0000000085400000, 0x0000000085400000, 0x0000000085500000|  0%| F|  |TAMS 0x0000000085400000, 0x0000000085400000| Untracked 
|  31|0x0000000085500000, 0x0000000085500000, 0x0000000085600000|  0%| F|  |TAMS 0x0000000085500000, 0x0000000085500000| Untracked 
|  32|0x0000000085600000, 0x0000000085600000, 0x0000000085700000|  0%| F|  |TAMS 0x0000000085600000, 0x0000000085600000| Untracked 
|  33|0x0000000085700000, 0x0000000085700000, 0x0000000085800000|  0%| F|  |TAMS 0x0000000085700000, 0x0000000085700000| Untracked 
|  34|0x0000000085800000, 0x0000000085800000, 0x0000000085900000|  0%| F|  |TAMS 0x0000000085800000, 0x0000000085800000| Untracked 
|  35|0x0000000085900000, 0x0000000085900000, 0x0000000085a00000|  0%| F|  |TAMS 0x0000000085900000, 0x0000000085900000| Untracked 
|  36|0x0000000085a00000, 0x0000000085a00000, 0x0000000085b00000|  0%| F|  |TAMS 0x0000000085a00000, 0x0000000085a00000| Untracked 
|  37|0x0000000085b00000, 0x0000000085b00000, 0x0000000085c00000|  0%| F|  |TAMS 0x0000000085b00000, 0x0000000085b00000| Untracked 
|  38|0x0000000085c00000, 0x0000000085c00000, 0x0000000085d00000|  0%| F|  |TAMS 0x0000000085c00000, 0x0000000085c00000| Untracked 
|  39|0x0000000085d00000, 0x0000000085d00000, 0x0000000085e00000|  0%| F|  |TAMS 0x0000000085d00000, 0x0000000085d00000| Untracked 
|  40|0x0000000085e00000, 0x0000000085e00000, 0x0000000085f00000|  0%| F|  |TAMS 0x0000000085e00000, 0x0000000085e00000| Untracked 
|  41|0x0000000085f00000, 0x0000000085f00000, 0x0000000086000000|  0%| F|  |TAMS 0x0000000085f00000, 0x0000000085f00000| Untracked 
|  42|0x0000000086000000, 0x0000000086000000, 0x0000000086100000|  0%| F|  |TAMS 0x0000000086000000, 0x0000000086000000| Untracked 
|  43|0x0000000086100000, 0x0000000086100000, 0x0000000086200000|  0%| F|  |TAMS 0x0000000086100000, 0x0000000086100000| Untracked 
|  44|0x0000000086200000, 0x0000000086200000, 0x0000000086300000|  0%| F|  |TAMS 0x0000000086200000, 0x0000000086200000| Untracked 
|  45|0x0000000086300000, 0x0000000086300000, 0x0000000086400000|  0%| F|  |TAMS 0x0000000086300000, 0x0000000086300000| Untracked 
|  46|0x0000000086400000, 0x0000000086400000, 0x0000000086500000|  0%| F|  |TAMS 0x0000000086400000, 0x0000000086400000| Untracked 
|  47|0x0000000086500000, 0x0000000086500000, 0x0000000086600000|  0%| F|  |TAMS 0x0000000086500000, 0x0000000086500000| Untracked 
|  48|0x0000000086600000, 0x0000000086600000, 0x0000000086700000|  0%| F|  |TAMS 0x0000000086600000, 0x0000000086600000| Untracked 
|  49|0x0000000086700000, 0x0000000086700000, 0x0000000086800000|  0%| F|  |TAMS 0x0000000086700000, 0x0000000086700000| Untracked 
|  50|0x0000000086800000, 0x0000000086800000, 0x0000000086900000|  0%| F|  |TAMS 0x0000000086800000, 0x0000000086800000| Untracked 
|  51|0x0000000086900000, 0x0000000086900000, 0x0000000086a00000|  0%| F|  |TAMS 0x0000000086900000, 0x0000000086900000| Untracked 
|  52|0x0000000086a00000, 0x0000000086a00000, 0x0000000086b00000|  0%| F|  |TAMS 0x0000000086a00000, 0x0000000086a00000| Untracked 
|  53|0x0000000086b00000, 0x0000000086b00000, 0x0000000086c00000|  0%| F|  |TAMS 0x0000000086b00000, 0x0000000086b00000| Untracked 
|  54|0x0000000086c00000, 0x0000000086c00000, 0x0000000086d00000|  0%| F|  |TAMS 0x0000000086c00000, 0x0000000086c00000| Untracked 
|  55|0x0000000086d00000, 0x0000000086d00000, 0x0000000086e00000|  0%| F|  |TAMS 0x0000000086d00000, 0x0000000086d00000| Untracked 
|  56|0x0000000086e00000, 0x0000000086e00000, 0x0000000086f00000|  0%| F|  |TAMS 0x0000000086e00000, 0x0000000086e00000| Untracked 
|  57|0x0000000086f00000, 0x0000000086f00000, 0x0000000087000000|  0%| F|  |TAMS 0x0000000086f00000, 0x0000000086f00000| Untracked 
|  58|0x0000000087000000, 0x0000000087000000, 0x0000000087100000|  0%| F|  |TAMS 0x0000000087000000, 0x0000000087000000| Untracked 
|  59|0x0000000087100000, 0x0000000087100000, 0x0000000087200000|  0%| F|  |TAMS 0x0000000087100000, 0x0000000087100000| Untracked 
|  60|0x0000000087200000, 0x0000000087200000, 0x0000000087300000|  0%| F|  |TAMS 0x0000000087200000, 0x0000000087200000| Untracked 
|  61|0x0000000087300000, 0x0000000087300000, 0x0000000087400000|  0%| F|  |TAMS 0x0000000087300000, 0x0000000087300000| Untracked 
|  62|0x0000000087400000, 0x0000000087400000, 0x0000000087500000|  0%| F|  |TAMS 0x0000000087400000, 0x0000000087400000| Untracked 
|  63|0x0000000087500000, 0x0000000087500000, 0x0000000087600000|  0%| F|  |TAMS 0x0000000087500000, 0x0000000087500000| Untracked 
|  64|0x0000000087600000, 0x0000000087600000, 0x0000000087700000|  0%| F|  |TAMS 0x0000000087600000, 0x0000000087600000| Untracked 
|  65|0x0000000087700000, 0x0000000087700000, 0x0000000087800000|  0%| F|  |TAMS 0x0000000087700000, 0x0000000087700000| Untracked 
|  66|0x0000000087800000, 0x0000000087800000, 0x0000000087900000|  0%| F|  |TAMS 0x0000000087800000, 0x0000000087800000| Untracked 
|  67|0x0000000087900000, 0x0000000087900000, 0x0000000087a00000|  0%| F|  |TAMS 0x0000000087900000, 0x0000000087900000| Untracked 
|  68|0x0000000087a00000, 0x0000000087a00000, 0x0000000087b00000|  0%| F|  |TAMS 0x0000000087a00000, 0x0000000087a00000| Untracked 
|  69|0x0000000087b00000, 0x0000000087b00000, 0x0000000087c00000|  0%| F|  |TAMS 0x0000000087b00000, 0x0000000087b00000| Untracked 
|  70|0x0000000087c00000, 0x0000000087c00000, 0x0000000087d00000|  0%| F|  |TAMS 0x0000000087c00000, 0x0000000087c00000| Untracked 
|  71|0x0000000087d00000, 0x0000000087d00000, 0x0000000087e00000|  0%| F|  |TAMS 0x0000000087d00000, 0x0000000087d00000| Untracked 
|  72|0x0000000087e00000, 0x0000000087e00000, 0x0000000087f00000|  0%| F|  |TAMS 0x0000000087e00000, 0x0000000087e00000| Untracked 
|  73|0x0000000087f00000, 0x0000000087f00000, 0x0000000088000000|  0%| F|  |TAMS 0x0000000087f00000, 0x0000000087f00000| Untracked 
|  74|0x0000000088000000, 0x0000000088000000, 0x0000000088100000|  0%| F|  |TAMS 0x0000000088000000, 0x0000000088000000| Untracked 
|  75|0x0000000088100000, 0x0000000088100000, 0x0000000088200000|  0%| F|  |TAMS 0x0000000088100000, 0x0000000088100000| Untracked 
|  76|0x0000000088200000, 0x0000000088200000, 0x0000000088300000|  0%| F|  |TAMS 0x0000000088200000, 0x0000000088200000| Untracked 
|  77|0x0000000088300000, 0x0000000088300000, 0x0000000088400000|  0%| F|  |TAMS 0x0000000088300000, 0x0000000088300000| Untracked 
|  78|0x0000000088400000, 0x0000000088400000, 0x0000000088500000|  0%| F|  |TAMS 0x0000000088400000, 0x0000000088400000| Untracked 
|  79|0x0000000088500000, 0x0000000088500000, 0x0000000088600000|  0%| F|  |TAMS 0x0000000088500000, 0x0000000088500000| Untracked 
|  80|0x0000000088600000, 0x0000000088600000, 0x0000000088700000|  0%| F|  |TAMS 0x0000000088600000, 0x0000000088600000| Untracked 
|  81|0x0000000088700000, 0x0000000088700000, 0x0000000088800000|  0%| F|  |TAMS 0x0000000088700000, 0x0000000088700000| Untracked 
|  82|0x0000000088800000, 0x0000000088800000, 0x0000000088900000|  0%| F|  |TAMS 0x0000000088800000, 0x0000000088800000| Untracked 
|  83|0x0000000088900000, 0x0000000088900000, 0x0000000088a00000|  0%| F|  |TAMS 0x0000000088900000, 0x0000000088900000| Untracked 
|  84|0x0000000088a00000, 0x0000000088a00000, 0x0000000088b00000|  0%| F|  |TAMS 0x0000000088a00000, 0x0000000088a00000| Untracked 
|  85|0x0000000088b00000, 0x0000000088b00000, 0x0000000088c00000|  0%| F|  |TAMS 0x0000000088b00000, 0x0000000088b00000| Untracked 
|  86|0x0000000088c00000, 0x0000000088c00000, 0x0000000088d00000|  0%| F|  |TAMS 0x0000000088c00000, 0x0000000088c00000| Untracked 
|  87|0x0000000088d00000, 0x0000000088d00000, 0x0000000088e00000|  0%| F|  |TAMS 0x0000000088d00000, 0x0000000088d00000| Untracked 
|  88|0x0000000088e00000, 0x0000000088e467d0, 0x0000000088f00000| 27%| S|CS|TAMS 0x0000000088e00000, 0x0000000088e00000| Complete 
|  89|0x0000000088f00000, 0x0000000089000000, 0x0000000089000000|100%| S|CS|TAMS 0x0000000088f00000, 0x0000000088f00000| Complete 
|  90|0x0000000089000000, 0x0000000089100000, 0x0000000089100000|100%| S|CS|TAMS 0x0000000089000000, 0x0000000089000000| Complete 
|  91|0x0000000089100000, 0x0000000089200000, 0x0000000089200000|100%| S|CS|TAMS 0x0000000089100000, 0x0000000089100000| Complete 
|  92|0x0000000089200000, 0x0000000089300000, 0x0000000089300000|100%| S|CS|TAMS 0x0000000089200000, 0x0000000089200000| Complete 
|  93|0x0000000089300000, 0x0000000089300000, 0x0000000089400000|  0%| F|  |TAMS 0x0000000089300000, 0x0000000089300000| Untracked 
|  94|0x0000000089400000, 0x0000000089400000, 0x0000000089500000|  0%| F|  |TAMS 0x0000000089400000, 0x0000000089400000| Untracked 
|  95|0x0000000089500000, 0x0000000089500000, 0x0000000089600000|  0%| F|  |TAMS 0x0000000089500000, 0x0000000089500000| Untracked 
|  96|0x0000000089600000, 0x0000000089600000, 0x0000000089700000|  0%| F|  |TAMS 0x0000000089600000, 0x0000000089600000| Untracked 
|  97|0x0000000089700000, 0x0000000089700000, 0x0000000089800000|  0%| F|  |TAMS 0x0000000089700000, 0x0000000089700000| Untracked 
|  98|0x0000000089800000, 0x0000000089800000, 0x0000000089900000|  0%| F|  |TAMS 0x0000000089800000, 0x0000000089800000| Untracked 
|  99|0x0000000089900000, 0x0000000089900000, 0x0000000089a00000|  0%| F|  |TAMS 0x0000000089900000, 0x0000000089900000| Untracked 
| 100|0x0000000089a00000, 0x0000000089a00000, 0x0000000089b00000|  0%| F|  |TAMS 0x0000000089a00000, 0x0000000089a00000| Untracked 
| 101|0x0000000089b00000, 0x0000000089b00000, 0x0000000089c00000|  0%| F|  |TAMS 0x0000000089b00000, 0x0000000089b00000| Untracked 
| 102|0x0000000089c00000, 0x0000000089c00000, 0x0000000089d00000|  0%| F|  |TAMS 0x0000000089c00000, 0x0000000089c00000| Untracked 
| 103|0x0000000089d00000, 0x0000000089d00000, 0x0000000089e00000|  0%| F|  |TAMS 0x0000000089d00000, 0x0000000089d00000| Untracked 
| 104|0x0000000089e00000, 0x0000000089e00000, 0x0000000089f00000|  0%| F|  |TAMS 0x0000000089e00000, 0x0000000089e00000| Untracked 
| 105|0x0000000089f00000, 0x0000000089f00000, 0x000000008a000000|  0%| F|  |TAMS 0x0000000089f00000, 0x0000000089f00000| Untracked 
| 106|0x000000008a000000, 0x000000008a000000, 0x000000008a100000|  0%| F|  |TAMS 0x000000008a000000, 0x000000008a000000| Untracked 
| 107|0x000000008a100000, 0x000000008a100000, 0x000000008a200000|  0%| F|  |TAMS 0x000000008a100000, 0x000000008a100000| Untracked 
| 108|0x000000008a200000, 0x000000008a200000, 0x000000008a300000|  0%| F|  |TAMS 0x000000008a200000, 0x000000008a200000| Untracked 
| 109|0x000000008a300000, 0x000000008a300000, 0x000000008a400000|  0%| F|  |TAMS 0x000000008a300000, 0x000000008a300000| Untracked 
| 110|0x000000008a400000, 0x000000008a400000, 0x000000008a500000|  0%| F|  |TAMS 0x000000008a400000, 0x000000008a400000| Untracked 
| 111|0x000000008a500000, 0x000000008a500000, 0x000000008a600000|  0%| F|  |TAMS 0x000000008a500000, 0x000000008a500000| Untracked 
| 112|0x000000008a600000, 0x000000008a600000, 0x000000008a700000|  0%| F|  |TAMS 0x000000008a600000, 0x000000008a600000| Untracked 
| 113|0x000000008a700000, 0x000000008a700000, 0x000000008a800000|  0%| F|  |TAMS 0x000000008a700000, 0x000000008a700000| Untracked 
| 114|0x000000008a800000, 0x000000008a800000, 0x000000008a900000|  0%| F|  |TAMS 0x000000008a800000, 0x000000008a800000| Untracked 
| 115|0x000000008a900000, 0x000000008a900000, 0x000000008aa00000|  0%| F|  |TAMS 0x000000008a900000, 0x000000008a900000| Untracked 
| 116|0x000000008aa00000, 0x000000008aa00000, 0x000000008ab00000|  0%| F|  |TAMS 0x000000008aa00000, 0x000000008aa00000| Untracked 
| 117|0x000000008ab00000, 0x000000008ac00000, 0x000000008ac00000|100%| E|  |TAMS 0x000000008ab00000, 0x000000008ab00000| Complete 
| 118|0x000000008ac00000, 0x000000008ad00000, 0x000000008ad00000|100%| E|CS|TAMS 0x000000008ac00000, 0x000000008ac00000| Complete 
| 119|0x000000008ad00000, 0x000000008ae00000, 0x000000008ae00000|100%| E|CS|TAMS 0x000000008ad00000, 0x000000008ad00000| Complete 
| 120|0x000000008ae00000, 0x000000008af00000, 0x000000008af00000|100%| E|CS|TAMS 0x000000008ae00000, 0x000000008ae00000| Complete 
| 121|0x000000008af00000, 0x000000008b000000, 0x000000008b000000|100%| E|CS|TAMS 0x000000008af00000, 0x000000008af00000| Complete 
| 122|0x000000008b000000, 0x000000008b100000, 0x000000008b100000|100%| E|CS|TAMS 0x000000008b000000, 0x000000008b000000| Complete 
| 123|0x000000008b100000, 0x000000008b200000, 0x000000008b200000|100%| E|CS|TAMS 0x000000008b100000, 0x000000008b100000| Complete 
| 124|0x000000008b200000, 0x000000008b300000, 0x000000008b300000|100%| E|CS|TAMS 0x000000008b200000, 0x000000008b200000| Complete 
| 125|0x000000008b300000, 0x000000008b400000, 0x000000008b400000|100%| E|CS|TAMS 0x000000008b300000, 0x000000008b300000| Complete 

Card table byte_map: [0x0000026e1e690000,0x0000026e1ea80000] _byte_map_base: 0x0000026e1e275000

Marking Bits (Prev, Next): (CMBitMap*) 0x0000026e077b51c0, (CMBitMap*) 0x0000026e077b5200
 Prev Bits: [0x0000026e1ee70000, 0x0000026e20d98000)
 Next Bits: [0x0000026e20da0000, 0x0000026e22cc8000)

Polling page: 0x0000026e06f40000

Metaspace:

Usage:
  Non-class:     12.18 MB used.
      Class:      1.86 MB used.
       Both:     14.04 MB used.

Virtual space:
  Non-class space:       16.00 MB reserved,      12.31 MB ( 77%) committed,  2 nodes.
      Class space:        1.00 GB reserved,       2.00 MB ( <1%) committed,  1 nodes.
             Both:        1.02 GB reserved,      14.31 MB (  1%) committed. 

Chunk freelists:
   Non-Class:  3.61 MB
       Class:  1.95 MB
        Both:  5.56 MB

MaxMetaspaceSize: unlimited
CompressedClassSpaceSize: 1.00 GB
Initial GC threshold: 21.00 MB
Current GC threshold: 21.00 MB
CDS: on
MetaspaceReclaimPolicy: balanced
 - commit_granule_bytes: 65536.
 - commit_granule_words: 8192.
 - virtual_space_node_default_size: 1048576.
 - enlarge_chunks_in_place: 1.
 - new_chunks_are_fully_committed: 0.
 - uncommit_free_chunks: 1.
 - use_allocation_guard: 0.
 - handle_deallocations: 1.


Internal statistics:

num_allocs_failed_limit: 0.
num_arena_births: 176.
num_arena_deaths: 0.
num_vsnodes_births: 3.
num_vsnodes_deaths: 0.
num_space_committed: 229.
num_space_uncommitted: 0.
num_chunks_returned_to_freelist: 0.
num_chunks_taken_from_freelist: 623.
num_chunk_merges: 0.
num_chunk_splits: 436.
num_chunks_enlarged: 333.
num_purges: 0.
num_inconsistent_stats: 0.

CodeHeap 'non-profiled nmethods': size=120000Kb used=694Kb max_used=694Kb free=119305Kb
 bounds [0x0000026e16a40000, 0x0000026e16cb0000, 0x0000026e1df70000]
CodeHeap 'profiled nmethods': size=120000Kb used=3997Kb max_used=3997Kb free=116002Kb
 bounds [0x0000026e0f510000, 0x0000026e0f900000, 0x0000026e16a40000]
CodeHeap 'non-nmethods': size=5760Kb used=1337Kb max_used=1349Kb free=4423Kb
 bounds [0x0000026e0ef70000, 0x0000026e0f1e0000, 0x0000026e0f510000]
 total_blobs=2730 nmethods=2069 adapters=573
 compilation: enabled
              stopped_count=0, restarted_count=0
 full_count=0

Compilation events (20 events):
Event: 3.564 Thread 0x0000026e256e8750 2054       3       sun.invoke.util.VerifyAccess::isTypeVisible (47 bytes)
Event: 3.565 Thread 0x0000026e256e8750 nmethod 2054 0x0000026e0f8e4590 code [0x0000026e0f8e4780, 0x0000026e0f8e4b98]
Event: 3.592 Thread 0x0000026e256e8750 2056       3       java.lang.invoke.MethodHandles$Lookup::findBoundCallerLookup (30 bytes)
Event: 3.593 Thread 0x0000026e256e8750 nmethod 2056 0x0000026e0f8e4d90 code [0x0000026e0f8e4fa0, 0x0000026e0f8e5758]
Event: 3.593 Thread 0x0000026e256e8750 2057       3       java.lang.invoke.MethodHandles$Lookup::getDirectMethodCommon (280 bytes)
Event: 3.596 Thread 0x0000026e256e8750 nmethod 2057 0x0000026e0f8e5a10 code [0x0000026e0f8e5d20, 0x0000026e0f8e6db8]
Event: 3.596 Thread 0x0000026e256e8750 2058       3       java.lang.invoke.MethodHandles$Lookup::maybeBindCaller (72 bytes)
Event: 3.597 Thread 0x0000026e256e8750 nmethod 2058 0x0000026e0f8e7390 code [0x0000026e0f8e75c0, 0x0000026e0f8e7e88]
Event: 3.600 Thread 0x0000026e256e8750 2059       3       com.sun.javafx.css.StyleClassSet::containsAll (6 bytes)
Event: 3.600 Thread 0x0000026e256e8750 nmethod 2059 0x0000026e0f8e8190 code [0x0000026e0f8e8320, 0x0000026e0f8e8468]
Event: 3.602 Thread 0x0000026e256e8750 2061       3       java.lang.invoke.MemberName::getModifiers (8 bytes)
Event: 3.602 Thread 0x0000026e256e8750 nmethod 2061 0x0000026e0f8e8510 code [0x0000026e0f8e86a0, 0x0000026e0f8e87b8]
Event: 3.602 Thread 0x0000026e256e8750 2060       3       java.util.concurrent.atomic.AtomicInteger::incrementAndGet (14 bytes)
Event: 3.603 Thread 0x0000026e256e8750 nmethod 2060 0x0000026e0f8e8890 code [0x0000026e0f8e8a20, 0x0000026e0f8e8b38]
Event: 3.608 Thread 0x0000026e256e8750 2062       3       javafx.scene.Node::isDirtyEmpty (10 bytes)
Event: 3.609 Thread 0x0000026e256e8750 nmethod 2062 0x0000026e0f8e8c10 code [0x0000026e0f8e8dc0, 0x0000026e0f8e8f88]
Event: 3.609 Thread 0x0000026e256e8750 2063       1       javafx.css.Selector::getOrdinal (5 bytes)
Event: 3.609 Thread 0x0000026e256e8750 nmethod 2063 0x0000026e16aec810 code [0x0000026e16aec9a0, 0x0000026e16aeca78]
Event: 3.610 Thread 0x0000026e256e8750 2064       3       com.sun.javafx.collections.SetListenerHelper::hasListeners (10 bytes)
Event: 3.610 Thread 0x0000026e256e8750 nmethod 2064 0x0000026e0f8e9090 code [0x0000026e0f8e9220, 0x0000026e0f8e9378]

GC Heap History (4 events):
Event: 1.579 GC heap before
{Heap before GC invocations=0 (full 0):
 garbage-first heap   total 129024K, used 22528K [0x0000000083600000, 0x0000000100000000)
  region size 1024K, 23 young (23552K), 0 survivors (0K)
 Metaspace       used 4336K, committed 4480K, reserved 1056768K
  class space    used 502K, committed 576K, reserved 1048576K
}
Event: 1.586 GC heap after
{Heap after GC invocations=1 (full 0):
 garbage-first heap   total 129024K, used 3904K [0x0000000083600000, 0x0000000100000000)
  region size 1024K, 3 young (3072K), 3 survivors (3072K)
 Metaspace       used 4336K, committed 4480K, reserved 1056768K
  class space    used 502K, committed 576K, reserved 1048576K
}
Event: 3.189 GC heap before
{Heap before GC invocations=1 (full 0):
 garbage-first heap   total 129024K, used 34624K [0x0000000083600000, 0x0000000100000000)
  region size 1024K, 33 young (33792K), 3 survivors (3072K)
 Metaspace       used 11945K, committed 12224K, reserved 1064960K
  class space    used 1534K, committed 1664K, reserved 1048576K
}
Event: 3.199 GC heap after
{Heap after GC invocations=2 (full 0):
 garbage-first heap   total 129024K, used 8224K [0x0000000083600000, 0x0000000100000000)
  region size 1024K, 5 young (5120K), 5 survivors (5120K)
 Metaspace       used 11945K, committed 12224K, reserved 1064960K
  class space    used 1534K, committed 1664K, reserved 1048576K
}

Deoptimization events (20 events):
Event: 2.980 Thread 0x0000026e264d3880 DEOPT PACKING pc=0x0000026e0f7ea665 sp=0x000000903daf6d10
Event: 2.980 Thread 0x0000026e264d3880 DEOPT UNPACKING pc=0x0000026e0efc6763 sp=0x000000903daf6160 mode 0
Event: 3.060 Thread 0x0000026e264d3880 DEOPT PACKING pc=0x0000026e0f7ea665 sp=0x000000903daf8460
Event: 3.060 Thread 0x0000026e264d3880 DEOPT UNPACKING pc=0x0000026e0efc6763 sp=0x000000903daf78b0 mode 0
Event: 3.098 Thread 0x0000026e264d3880 DEOPT PACKING pc=0x0000026e0f7ea665 sp=0x000000903daf6520
Event: 3.098 Thread 0x0000026e264d3880 DEOPT UNPACKING pc=0x0000026e0efc6763 sp=0x000000903daf5970 mode 0
Event: 3.508 Thread 0x0000026e264d3880 Uncommon trap: trap_request=0xffffff45 fr.pc=0x0000026e16a500f4 relative=0x0000000000000174
Event: 3.508 Thread 0x0000026e264d3880 Uncommon trap: reason=unstable_if action=reinterpret pc=0x0000026e16a500f4 method=java.lang.StringCoding.hasNegatives([BII)Z @ 12 c2
Event: 3.508 Thread 0x0000026e264d3880 DEOPT PACKING pc=0x0000026e16a500f4 sp=0x000000903dafca80
Event: 3.508 Thread 0x0000026e264d3880 DEOPT UNPACKING pc=0x0000026e0efc5c23 sp=0x000000903dafca28 mode 2
Event: 3.591 Thread 0x0000026e264d3880 DEOPT PACKING pc=0x0000026e0f72e3b1 sp=0x000000903dafc580
Event: 3.591 Thread 0x0000026e264d3880 DEOPT UNPACKING pc=0x0000026e0efc6763 sp=0x000000903dafba78 mode 0
Event: 3.600 Thread 0x0000026e264d3880 Uncommon trap: trap_request=0xffffff45 fr.pc=0x0000026e16a6b8f8 relative=0x00000000000000d8
Event: 3.600 Thread 0x0000026e264d3880 Uncommon trap: reason=unstable_if action=reinterpret pc=0x0000026e16a6b8f8 method=java.util.HashMap.hash(Ljava/lang/Object;)I @ 1 c2
Event: 3.600 Thread 0x0000026e264d3880 DEOPT PACKING pc=0x0000026e16a6b8f8 sp=0x000000903dafd6e0
Event: 3.600 Thread 0x0000026e264d3880 DEOPT UNPACKING pc=0x0000026e0efc5c23 sp=0x000000903dafd620 mode 2
Event: 3.608 Thread 0x0000026e264d3880 Uncommon trap: trap_request=0xffffff45 fr.pc=0x0000026e16ab75f0 relative=0x0000000000000430
Event: 3.608 Thread 0x0000026e264d3880 Uncommon trap: reason=unstable_if action=reinterpret pc=0x0000026e16ab75f0 method=java.util.HashMap.hash(Ljava/lang/Object;)I @ 1 c2
Event: 3.608 Thread 0x0000026e264d3880 DEOPT PACKING pc=0x0000026e16ab75f0 sp=0x000000903dafd6e0
Event: 3.608 Thread 0x0000026e264d3880 DEOPT UNPACKING pc=0x0000026e0efc5c23 sp=0x000000903dafd588 mode 2

Classes unloaded (0 events):
No events

Classes redefined (0 events):
No events

Internal exceptions (20 events):
Event: 2.079 Thread 0x0000026e264d3880 Exception <a 'java/lang/ClassNotFoundException'{0x000000008ac23b40}: com/sun/glass/ui/win/themes_sv_AX> (0x000000008ac23b40) 
thrown [t:\workspace\open\src\hotspot\share\prims\jni.cpp, line 535]
Event: 2.080 Thread 0x0000026e264d3880 Exception <a 'java/lang/ClassNotFoundException'{0x000000008ac25370}: com/sun/glass/ui/win/themes_cs_Latn> (0x000000008ac25370) 
thrown [t:\workspace\open\src\hotspot\share\prims\jni.cpp, line 535]
Event: 2.080 Thread 0x0000026e264d3880 Exception <a 'java/lang/ClassNotFoundException'{0x000000008ac26798}: com/sun/glass/ui/win/themes_cs_Latn_CZ> (0x000000008ac26798) 
thrown [t:\workspace\open\src\hotspot\share\prims\jni.cpp, line 535]
Event: 2.080 Thread 0x0000026e264d3880 Exception <a 'java/lang/ClassNotFoundException'{0x000000008ac27e78}: com/sun/glass/ui/win/themes_af_NA> (0x000000008ac27e78) 
thrown [t:\workspace\open\src\hotspot\share\prims\jni.cpp, line 535]
Event: 2.081 Thread 0x0000026e264d3880 Exception <a 'java/lang/ClassNotFoundException'{0x000000008ac296f8}: com/sun/glass/ui/win/themes_en_IN> (0x000000008ac296f8) 
thrown [t:\workspace\open\src\hotspot\share\prims\jni.cpp, line 535]
Event: 2.081 Thread 0x0000026e264d3880 Exception <a 'java/lang/ClassNotFoundException'{0x000000008ac2b170}: com/sun/glass/ui/win/themes_es_NI> (0x000000008ac2b170) 
thrown [t:\workspace\open\src\hotspot\share\prims\jni.cpp, line 535]
Event: 2.081 Thread 0x0000026e264d3880 Exception <a 'java/lang/ClassNotFoundException'{0x000000008ac2c9a0}: com/sun/glass/ui/win/themes_ii_Yiii> (0x000000008ac2c9a0) 
thrown [t:\workspace\open\src\hotspot\share\prims\jni.cpp, line 535]
Event: 2.082 Thread 0x0000026e264d3880 Exception <a 'java/lang/ClassNotFoundException'{0x000000008ac2ddc8}: com/sun/glass/ui/win/themes_ii_Yiii_CN> (0x000000008ac2ddc8) 
thrown [t:\workspace\open\src\hotspot\share\prims\jni.cpp, line 535]
Event: 2.082 Thread 0x0000026e264d3880 Exception <a 'java/lang/ClassNotFoundException'{0x000000008ac2f720}: com/sun/glass/ui/win/themes_mas_TZ> (0x000000008ac2f720) 
thrown [t:\workspace\open\src\hotspot\share\prims\jni.cpp, line 535]
Event: 2.082 Thread 0x0000026e264d3880 Exception <a 'java/lang/ClassNotFoundException'{0x000000008ac30fe0}: com/sun/glass/ui/win/themes_ms_BN> (0x000000008ac30fe0) 
thrown [t:\workspace\open\src\hotspot\share\prims\jni.cpp, line 535]
Event: 2.083 Thread 0x0000026e264d3880 Exception <a 'java/lang/ClassNotFoundException'{0x000000008ac32690}: com/sun/glass/ui/win/themes_ccp_IN> (0x000000008ac32690) 
thrown [t:\workspace\open\src\hotspot\share\prims\jni.cpp, line 535]
Event: 2.242 Thread 0x0000026e264d3880 Exception <a 'java/lang/NoSuchMethodError'{0x000000008a99a0a8}: 'java.lang.Object java.lang.invoke.DirectMethodHandle$Holder.invokeStaticInit(java.lang.Object, java.lang.Object, java.lang.Object, java.lang.Object)'> (0x000000008a99a0a8) 
thrown [t:\workspace\open\src\hotspot\share\interpreter\linkResolver.cpp, line 766]
Event: 2.244 Thread 0x0000026e264d3880 Exception <a 'java/lang/NullPointerException'{0x000000008a9a5d70}> (0x000000008a9a5d70) 
thrown [t:\workspace\open\src\hotspot\share\interpreter\linkResolver.cpp, line 1357]
Event: 2.600 Thread 0x0000026e264d3880 Exception <a 'java/lang/NoSuchMethodError'{0x0000000089f21118}: 'void java.lang.invoke.DirectMethodHandle$Holder.invokeStaticInit(java.lang.Object, java.lang.Object)'> (0x0000000089f21118) 
thrown [t:\workspace\open\src\hotspot\share\interpreter\linkResolver.cpp, line 766]
Event: 2.608 Thread 0x0000026e264d3880 Exception <a 'java/lang/NoSuchMethodError'{0x0000000089f564e8}: 'void java.lang.invoke.DirectMethodHandle$Holder.invokeSpecial(java.lang.Object, java.lang.Object, java.lang.Object, java.lang.Object, java.lang.Object)'> (0x0000000089f564e8) 
thrown [t:\workspace\open\src\hotspot\share\interpreter\linkResolver.cpp, line 766]
Event: 2.919 Thread 0x0000026e264d3880 Exception <a 'java/lang/NoSuchMethodError'{0x00000000897934b8}: 'java.lang.Object java.lang.invoke.DirectMethodHandle$Holder.invokeInterface(java.lang.Object, java.lang.Object)'> (0x00000000897934b8) 
thrown [t:\workspace\open\src\hotspot\share\interpreter\linkResolver.cpp, line 766]
Event: 2.954 Thread 0x0000026e264d3880 Exception <a 'java/lang/NoSuchMethodError'{0x0000000089617638}: 'java.lang.Object java.lang.invoke.DirectMethodHandle$Holder.invokeVirtual(java.lang.Object, java.lang.Object, java.lang.Object)'> (0x0000000089617638) 
thrown [t:\workspace\open\src\hotspot\share\interpreter\linkResolver.cpp, line 766]
Event: 3.538 Thread 0x0000026e264d3880 Exception <a 'java/lang/NoSuchMethodError'{0x000000008afe0008}: 'void java.lang.invoke.DirectMethodHandle$Holder.invokeInterface(java.lang.Object, java.lang.Object)'> (0x000000008afe0008) 
thrown [t:\workspace\open\src\hotspot\share\interpreter\linkResolver.cpp, line 766]
Event: 3.600 Thread 0x0000026e264d3880 Implicit null exception at 0x0000026e16a6b858 to 0x0000026e16a6b8ee
Event: 3.608 Thread 0x0000026e264d3880 Implicit null exception at 0x0000026e16ab720e to 0x0000026e16ab75d4

VM Operations (20 events):
Event: 2.874 Executing VM operation: HandshakeAllThreads
Event: 2.874 Executing VM operation: HandshakeAllThreads done
Event: 2.889 Executing VM operation: HandshakeAllThreads
Event: 2.889 Executing VM operation: HandshakeAllThreads done
Event: 2.889 Executing VM operation: HandshakeAllThreads
Event: 2.890 Executing VM operation: HandshakeAllThreads done
Event: 2.944 Executing VM operation: HandshakeAllThreads
Event: 2.945 Executing VM operation: HandshakeAllThreads done
Event: 2.951 Executing VM operation: HandshakeAllThreads
Event: 2.951 Executing VM operation: HandshakeAllThreads done
Event: 3.118 Executing VM operation: HandshakeAllThreads
Event: 3.118 Executing VM operation: HandshakeAllThreads done
Event: 3.189 Executing VM operation: G1CollectForAllocation
Event: 3.199 Executing VM operation: G1CollectForAllocation done
Event: 3.362 Executing VM operation: HandshakeAllThreads
Event: 3.362 Executing VM operation: HandshakeAllThreads done
Event: 3.485 Executing VM operation: HandshakeAllThreads
Event: 3.485 Executing VM operation: HandshakeAllThreads done
Event: 3.563 Executing VM operation: HandshakeAllThreads
Event: 3.563 Executing VM operation: HandshakeAllThreads done

Events (20 events):
Event: 3.530 loading class javax/crypto/IllegalBlockSizeException
Event: 3.530 loading class javax/crypto/IllegalBlockSizeException done
Event: 3.530 loading class javax/crypto/BadPaddingException
Event: 3.530 loading class javax/crypto/BadPaddingException done
Event: 3.583 loading class jdk/internal/logger/LazyLoggers
Event: 3.583 loading class jdk/internal/logger/LazyLoggers done
Event: 3.583 loading class jdk/internal/logger/LazyLoggers$1
Event: 3.583 loading class jdk/internal/logger/LazyLoggers$1 done
Event: 3.583 loading class jdk/internal/logger/LazyLoggers$LazyLoggerFactories
Event: 3.583 loading class jdk/internal/logger/LazyLoggers$LazyLoggerFactories done
Event: 3.584 loading class jdk/internal/logger/LoggerFinderLoader
Event: 3.584 loading class jdk/internal/logger/LoggerFinderLoader done
Event: 3.585 loading class java/io/FilePermission$1
Event: 3.585 loading class jdk/internal/access/JavaIOFilePermissionAccess
Event: 3.585 loading class jdk/internal/access/JavaIOFilePermissionAccess done
Event: 3.585 loading class java/io/FilePermission$1 done
Event: 3.594 loading class sun/util/logging/internal/LoggingProviderImpl$JULWrapper
Event: 3.594 loading class sun/util/logging/PlatformLogger$ConfigurableBridge$LoggerConfiguration
Event: 3.594 loading class sun/util/logging/PlatformLogger$ConfigurableBridge$LoggerConfiguration done
Event: 3.595 loading class sun/util/logging/internal/LoggingProviderImpl$JULWrapper done


Dynamic libraries:
0x00007ff692110000 - 0x00007ff692120000 	C:\Program Files\Java\jdk-17\bin\javaw.exe
0x00007ffa98530000 - 0x00007ffa98746000 	C:\WINDOWS\SYSTEM32\ntdll.dll
0x00007ffa970c0000 - 0x00007ffa97184000 	C:\WINDOWS\System32\KERNEL32.DLL
0x00007ffa958e0000 - 0x00007ffa95c86000 	C:\WINDOWS\System32\KERNELBASE.dll
0x00007ffa95fc0000 - 0x00007ffa960d1000 	C:\WINDOWS\System32\ucrtbase.dll
0x00007ffa77ec0000 - 0x00007ffa77ed8000 	C:\Program Files\Java\jdk-17\bin\jli.dll
0x00007ffa6fd70000 - 0x00007ffa6fd8a000 	C:\Program Files\Java\jdk-17\bin\VCRUNTIME140.dll
0x00007ffa97360000 - 0x00007ffa97412000 	C:\WINDOWS\System32\ADVAPI32.dll
0x00007ffa967a0000 - 0x00007ffa96847000 	C:\WINDOWS\System32\msvcrt.dll
0x00007ffa97780000 - 0x00007ffa97828000 	C:\WINDOWS\System32\sechost.dll
0x00007ffa95f90000 - 0x00007ffa95fb8000 	C:\WINDOWS\System32\bcrypt.dll
0x00007ffa97240000 - 0x00007ffa97355000 	C:\WINDOWS\System32\RPCRT4.dll
0x00007ffa97420000 - 0x00007ffa975cd000 	C:\WINDOWS\System32\USER32.dll
0x00007ffa960e0000 - 0x00007ffa96106000 	C:\WINDOWS\System32\win32u.dll
0x00007ffa79710000 - 0x00007ffa799a3000 	C:\WINDOWS\WinSxS\amd64_microsoft.windows.common-controls_6595b64144ccf1df_6.0.22621.3235_none_270f74e173860f98\COMCTL32.dll
0x00007ffa976d0000 - 0x00007ffa976f9000 	C:\WINDOWS\System32\GDI32.dll
0x00007ffa95e70000 - 0x00007ffa95f88000 	C:\WINDOWS\System32\gdi32full.dll
0x00007ffa95dd0000 - 0x00007ffa95e6a000 	C:\WINDOWS\System32\msvcp_win.dll
0x00007ffa8a7f0000 - 0x00007ffa8a7fa000 	C:\WINDOWS\SYSTEM32\VERSION.dll
0x00007ffa979f0000 - 0x00007ffa97a21000 	C:\WINDOWS\System32\IMM32.DLL
0x00007ffa7c350000 - 0x00007ffa7c35c000 	C:\Program Files\Java\jdk-17\bin\vcruntime140_1.dll
0x00007ffa6c830000 - 0x00007ffa6c8bd000 	C:\Program Files\Java\jdk-17\bin\msvcp140.dll
0x00007ffa19240000 - 0x00007ffa19dfe000 	C:\Program Files\Java\jdk-17\bin\server\jvm.dll
0x00007ffa96670000 - 0x00007ffa96678000 	C:\WINDOWS\System32\PSAPI.DLL
0x00007ffa697a0000 - 0x00007ffa697a9000 	C:\WINDOWS\SYSTEM32\WSOCK32.dll
0x00007ffa8df80000 - 0x00007ffa8dfb4000 	C:\WINDOWS\SYSTEM32\WINMM.dll
0x00007ffa97700000 - 0x00007ffa97771000 	C:\WINDOWS\System32\WS2_32.dll
0x00007ffa948b0000 - 0x00007ffa948c8000 	C:\WINDOWS\SYSTEM32\kernel.appcore.dll
0x00007ffa90a20000 - 0x00007ffa90a2a000 	C:\Program Files\Java\jdk-17\bin\jimage.dll
0x00007ffa93200000 - 0x00007ffa93433000 	C:\WINDOWS\SYSTEM32\DBGHELP.DLL
0x00007ffa962e0000 - 0x00007ffa96668000 	C:\WINDOWS\System32\combase.dll
0x00007ffa975d0000 - 0x00007ffa976a7000 	C:\WINDOWS\System32\OLEAUT32.dll
0x00007ffa6bd30000 - 0x00007ffa6bd62000 	C:\WINDOWS\SYSTEM32\dbgcore.DLL
0x00007ffa95c90000 - 0x00007ffa95d0a000 	C:\WINDOWS\System32\bcryptPrimitives.dll
0x00007ffa783a0000 - 0x00007ffa783c5000 	C:\Program Files\Java\jdk-17\bin\java.dll
0x00007ffa6fd90000 - 0x00007ffa6fe66000 	C:\Program Files\Java\jdk-17\bin\svml.dll
0x00007ffa97a30000 - 0x00007ffa9828d000 	C:\WINDOWS\System32\SHELL32.dll
0x00007ffa937d0000 - 0x00007ffa940c8000 	C:\WINDOWS\SYSTEM32\windows.storage.dll
0x00007ffa93690000 - 0x00007ffa937ce000 	C:\WINDOWS\SYSTEM32\wintypes.dll
0x00007ffa98290000 - 0x00007ffa98383000 	C:\WINDOWS\System32\SHCORE.dll
0x00007ffa96ff0000 - 0x00007ffa9704e000 	C:\WINDOWS\System32\shlwapi.dll
0x00007ffa957a0000 - 0x00007ffa957c6000 	C:\WINDOWS\SYSTEM32\profapi.dll
0x00007ffa901a0000 - 0x00007ffa901b9000 	C:\Program Files\Java\jdk-17\bin\net.dll
0x00007ffa8e1b0000 - 0x00007ffa8e2e7000 	C:\WINDOWS\SYSTEM32\WINHTTP.dll
0x00007ffa94d90000 - 0x00007ffa94df9000 	C:\WINDOWS\system32\mswsock.dll
0x00007ffa8e850000 - 0x00007ffa8e865000 	C:\Program Files\Java\jdk-17\bin\nio.dll
0x00007ffa7ec00000 - 0x00007ffa7ec18000 	C:\Program Files\Java\jdk-17\bin\zip.dll
0x0000026e25790000 - 0x0000026e25793000 	C:\Users\yosry\Downloads\openjfx-22_windows-x64_bin-sdk\javafx-sdk-22\bin\api-ms-win-core-console-l1-1-0.dll
0x0000026e257a0000 - 0x0000026e257a3000 	C:\Users\yosry\Downloads\openjfx-22_windows-x64_bin-sdk\javafx-sdk-22\bin\api-ms-win-core-console-l1-2-0.dll
0x0000026e257b0000 - 0x0000026e257b3000 	C:\Users\yosry\Downloads\openjfx-22_windows-x64_bin-sdk\javafx-sdk-22\bin\api-ms-win-core-datetime-l1-1-0.dll
0x0000026e257c0000 - 0x0000026e257c3000 	C:\Users\yosry\Downloads\openjfx-22_windows-x64_bin-sdk\javafx-sdk-22\bin\api-ms-win-core-debug-l1-1-0.dll
0x0000026e257d0000 - 0x0000026e257d3000 	C:\Users\yosry\Downloads\openjfx-22_windows-x64_bin-sdk\javafx-sdk-22\bin\api-ms-win-core-errorhandling-l1-1-0.dll
0x0000026e257e0000 - 0x0000026e257e4000 	C:\Users\yosry\Downloads\openjfx-22_windows-x64_bin-sdk\javafx-sdk-22\bin\api-ms-win-core-file-l1-1-0.dll
0x0000026e257f0000 - 0x0000026e257f3000 	C:\Users\yosry\Downloads\openjfx-22_windows-x64_bin-sdk\javafx-sdk-22\bin\api-ms-win-core-file-l1-2-0.dll
0x0000026e26530000 - 0x0000026e26533000 	C:\Users\yosry\Downloads\openjfx-22_windows-x64_bin-sdk\javafx-sdk-22\bin\api-ms-win-core-file-l2-1-0.dll
0x0000026e26540000 - 0x0000026e26543000 	C:\Users\yosry\Downloads\openjfx-22_windows-x64_bin-sdk\javafx-sdk-22\bin\api-ms-win-core-handle-l1-1-0.dll
0x0000026e26550000 - 0x0000026e26553000 	C:\Users\yosry\Downloads\openjfx-22_windows-x64_bin-sdk\javafx-sdk-22\bin\api-ms-win-core-heap-l1-1-0.dll
0x0000026e26560000 - 0x0000026e26563000 	C:\Users\yosry\Downloads\openjfx-22_windows-x64_bin-sdk\javafx-sdk-22\bin\api-ms-win-core-interlocked-l1-1-0.dll
0x0000026e26570000 - 0x0000026e26573000 	C:\Users\yosry\Downloads\openjfx-22_windows-x64_bin-sdk\javafx-sdk-22\bin\api-ms-win-core-libraryloader-l1-1-0.dll
0x0000026e26580000 - 0x0000026e26583000 	C:\Users\yosry\Downloads\openjfx-22_windows-x64_bin-sdk\javafx-sdk-22\bin\api-ms-win-core-localization-l1-2-0.dll
0x0000026e26590000 - 0x0000026e26593000 	C:\Users\yosry\Downloads\openjfx-22_windows-x64_bin-sdk\javafx-sdk-22\bin\api-ms-win-core-memory-l1-1-0.dll
0x0000026e265a0000 - 0x0000026e265a3000 	C:\Users\yosry\Downloads\openjfx-22_windows-x64_bin-sdk\javafx-sdk-22\bin\api-ms-win-core-namedpipe-l1-1-0.dll
0x0000026e265b0000 - 0x0000026e265b3000 	C:\Users\yosry\Downloads\openjfx-22_windows-x64_bin-sdk\javafx-sdk-22\bin\api-ms-win-core-processenvironment-l1-1-0.dll
0x0000026e265c0000 - 0x0000026e265c3000 	C:\Users\yosry\Downloads\openjfx-22_windows-x64_bin-sdk\javafx-sdk-22\bin\api-ms-win-core-processthreads-l1-1-0.dll
0x0000026e265d0000 - 0x0000026e265d3000 	C:\Users\yosry\Downloads\openjfx-22_windows-x64_bin-sdk\javafx-sdk-22\bin\api-ms-win-core-processthreads-l1-1-1.dll
0x0000026e265e0000 - 0x0000026e265e3000 	C:\Users\yosry\Downloads\openjfx-22_windows-x64_bin-sdk\javafx-sdk-22\bin\api-ms-win-core-profile-l1-1-0.dll
0x0000026e265f0000 - 0x0000026e265f3000 	C:\Users\yosry\Downloads\openjfx-22_windows-x64_bin-sdk\javafx-sdk-22\bin\api-ms-win-core-rtlsupport-l1-1-0.dll
0x0000026e26600000 - 0x0000026e26603000 	C:\Users\yosry\Downloads\openjfx-22_windows-x64_bin-sdk\javafx-sdk-22\bin\api-ms-win-core-string-l1-1-0.dll
0x0000026e26610000 - 0x0000026e26613000 	C:\Users\yosry\Downloads\openjfx-22_windows-x64_bin-sdk\javafx-sdk-22\bin\api-ms-win-core-synch-l1-1-0.dll
0x0000026e26620000 - 0x0000026e26623000 	C:\Users\yosry\Downloads\openjfx-22_windows-x64_bin-sdk\javafx-sdk-22\bin\api-ms-win-core-synch-l1-2-0.dll
0x0000026e26630000 - 0x0000026e26633000 	C:\Users\yosry\Downloads\openjfx-22_windows-x64_bin-sdk\javafx-sdk-22\bin\api-ms-win-core-sysinfo-l1-1-0.dll
0x0000026e26640000 - 0x0000026e26643000 	C:\Users\yosry\Downloads\openjfx-22_windows-x64_bin-sdk\javafx-sdk-22\bin\api-ms-win-core-timezone-l1-1-0.dll
0x0000026e26650000 - 0x0000026e26653000 	C:\Users\yosry\Downloads\openjfx-22_windows-x64_bin-sdk\javafx-sdk-22\bin\api-ms-win-core-util-l1-1-0.dll
0x0000026e26660000 - 0x0000026e26663000 	C:\Users\yosry\Downloads\openjfx-22_windows-x64_bin-sdk\javafx-sdk-22\bin\api-ms-win-crt-conio-l1-1-0.dll
0x0000026e26670000 - 0x0000026e26674000 	C:\Users\yosry\Downloads\openjfx-22_windows-x64_bin-sdk\javafx-sdk-22\bin\api-ms-win-crt-convert-l1-1-0.dll
0x0000026e26680000 - 0x0000026e26683000 	C:\Users\yosry\Downloads\openjfx-22_windows-x64_bin-sdk\javafx-sdk-22\bin\api-ms-win-crt-environment-l1-1-0.dll
0x0000026e26690000 - 0x0000026e26693000 	C:\Users\yosry\Downloads\openjfx-22_windows-x64_bin-sdk\javafx-sdk-22\bin\api-ms-win-crt-filesystem-l1-1-0.dll
0x0000026e266a0000 - 0x0000026e266a3000 	C:\Users\yosry\Downloads\openjfx-22_windows-x64_bin-sdk\javafx-sdk-22\bin\api-ms-win-crt-heap-l1-1-0.dll
0x0000026e266b0000 - 0x0000026e266b3000 	C:\Users\yosry\Downloads\openjfx-22_windows-x64_bin-sdk\javafx-sdk-22\bin\api-ms-win-crt-locale-l1-1-0.dll
0x0000026e266c0000 - 0x0000026e266c5000 	C:\Users\yosry\Downloads\openjfx-22_windows-x64_bin-sdk\javafx-sdk-22\bin\api-ms-win-crt-math-l1-1-0.dll
0x0000026e266d0000 - 0x0000026e266d5000 	C:\Users\yosry\Downloads\openjfx-22_windows-x64_bin-sdk\javafx-sdk-22\bin\api-ms-win-crt-multibyte-l1-1-0.dll
0x0000026e266e0000 - 0x0000026e266f0000 	C:\Users\yosry\Downloads\openjfx-22_windows-x64_bin-sdk\javafx-sdk-22\bin\api-ms-win-crt-private-l1-1-0.dll
0x0000026e266f0000 - 0x0000026e266f3000 	C:\Users\yosry\Downloads\openjfx-22_windows-x64_bin-sdk\javafx-sdk-22\bin\api-ms-win-crt-process-l1-1-0.dll
0x0000026e26700000 - 0x0000026e26704000 	C:\Users\yosry\Downloads\openjfx-22_windows-x64_bin-sdk\javafx-sdk-22\bin\api-ms-win-crt-runtime-l1-1-0.dll
0x0000026e26710000 - 0x0000026e26714000 	C:\Users\yosry\Downloads\openjfx-22_windows-x64_bin-sdk\javafx-sdk-22\bin\api-ms-win-crt-stdio-l1-1-0.dll
0x0000026e26720000 - 0x0000026e26724000 	C:\Users\yosry\Downloads\openjfx-22_windows-x64_bin-sdk\javafx-sdk-22\bin\api-ms-win-crt-string-l1-1-0.dll
0x0000026e26730000 - 0x0000026e26733000 	C:\Users\yosry\Downloads\openjfx-22_windows-x64_bin-sdk\javafx-sdk-22\bin\api-ms-win-crt-time-l1-1-0.dll
0x0000026e26740000 - 0x0000026e26743000 	C:\Users\yosry\Downloads\openjfx-22_windows-x64_bin-sdk\javafx-sdk-22\bin\api-ms-win-crt-utility-l1-1-0.dll
0x00007ffa1a170000 - 0x00007ffa1a26c000 	C:\Users\yosry\Downloads\openjfx-22_windows-x64_bin-sdk\javafx-sdk-22\bin\ucrtbase.dll
0x00007ffa6c810000 - 0x00007ffa6c82b000 	C:\Users\yosry\Downloads\openjfx-22_windows-x64_bin-sdk\javafx-sdk-22\bin\vcruntime140.dll
0x00007ffa78690000 - 0x00007ffa7869c000 	C:\Users\yosry\Downloads\openjfx-22_windows-x64_bin-sdk\javafx-sdk-22\bin\vcruntime140_1.dll
0x00007ffa58750000 - 0x00007ffa587de000 	C:\Users\yosry\Downloads\openjfx-22_windows-x64_bin-sdk\javafx-sdk-22\bin\msvcp140.dll
0x00007ffa6fd30000 - 0x00007ffa6fd39000 	C:\Users\yosry\Downloads\openjfx-22_windows-x64_bin-sdk\javafx-sdk-22\bin\msvcp140_1.dll
0x00007ffa56480000 - 0x00007ffa564c1000 	C:\Users\yosry\Downloads\openjfx-22_windows-x64_bin-sdk\javafx-sdk-22\bin\msvcp140_2.dll
0x00007ffa6a0e0000 - 0x00007ffa6a110000 	C:\Users\yosry\Downloads\openjfx-22_windows-x64_bin-sdk\javafx-sdk-22\bin\prism_d3d.dll
0x00007ffa153c0000 - 0x00007ffa15569000 	C:\WINDOWS\system32\d3d9.dll
0x00007ffa92c60000 - 0x00007ffa92c8b000 	C:\WINDOWS\SYSTEM32\dwmapi.dll
0x00007ffa92b10000 - 0x00007ffa92b49000 	C:\WINDOWS\SYSTEM32\dxcore.dll
0x00007ffa92a00000 - 0x00007ffa92aab000 	C:\WINDOWS\system32\uxtheme.dll
0x00007ffa15210000 - 0x00007ffa153bc000 	C:\WINDOWS\System32\DriverStore\FileRepository\iigd_dch.inf_amd64_9b53505f87f3498b\igdumdim64.dll
0x00007ffa96e50000 - 0x00007ffa96fef000 	C:\WINDOWS\System32\ole32.dll
0x00007ffa0e5a0000 - 0x00007ffa12e04000 	C:\WINDOWS\System32\DriverStore\FileRepository\iigd_dch.inf_amd64_9b53505f87f3498b\igd9dxva64.dll
0x00007ffa96850000 - 0x00007ffa96cc4000 	C:\WINDOWS\System32\SETUPAPI.dll
0x00007ffa95560000 - 0x00007ffa955ae000 	C:\WINDOWS\SYSTEM32\cfgmgr32.dll
0x00007ffa84ee0000 - 0x00007ffa852e9000 	C:\WINDOWS\System32\DriverStore\FileRepository\iigd_dch.inf_amd64_9b53505f87f3498b\igdgmm64.dll
0x00007ffa8e360000 - 0x00007ffa8e3aa000 	C:\WINDOWS\SYSTEM32\directxdatabasehelper.dll
0x00007ffa56430000 - 0x00007ffa56475000 	C:\Users\yosry\Downloads\openjfx-22_windows-x64_bin-sdk\javafx-sdk-22\bin\glass.dll
0x00007ffa96680000 - 0x00007ffa96779000 	C:\WINDOWS\System32\COMDLG32.dll
0x00007ffa98390000 - 0x00007ffa984e4000 	C:\WINDOWS\System32\MSCTF.dll
0x00007ffa7d000000 - 0x00007ffa7d027000 	C:\WINDOWS\System32\DriverStore\FileRepository\iigd_dch.inf_amd64_9b53505f87f3498b\igdinfo64.dll
0x00007ffa80800000 - 0x00007ffa84e84000 	C:\WINDOWS\System32\DriverStore\FileRepository\iigd_dch.inf_amd64_9b53505f87f3498b\igc64.dll
0x00007ffa97190000 - 0x00007ffa97240000 	C:\WINDOWS\System32\clbcatq.dll
0x00007ffa7d060000 - 0x00007ffa7d1d4000 	C:\Windows\System32\Windows.UI.dll
0x00007ffa7bba0000 - 0x00007ffa7bd15000 	C:\Windows\System32\Windows.UI.Immersive.dll
0x00007ffa58b90000 - 0x00007ffa58ba4000 	C:\Users\yosry\Downloads\openjfx-22_windows-x64_bin-sdk\javafx-sdk-22\bin\javafx_font.dll
0x00007ffa91000000 - 0x00007ffa91274000 	C:\WINDOWS\SYSTEM32\dwrite.dll
0x00007ffa943a0000 - 0x00007ffa94499000 	C:\WINDOWS\SYSTEM32\DNSAPI.dll
0x00007ffa94330000 - 0x00007ffa9435d000 	C:\WINDOWS\SYSTEM32\IPHLPAPI.DLL
0x00007ffa96d30000 - 0x00007ffa96d39000 	C:\WINDOWS\System32\NSI.dll
0x00007ffa87780000 - 0x00007ffa8778a000 	C:\Windows\System32\rasadhlp.dll
0x00007ffa89120000 - 0x00007ffa891a3000 	C:\WINDOWS\System32\fwpuclnt.dll

dbghelp: loaded successfully - version: 4.0.5 - missing functions: none
symbol engine: initialized successfully - sym options: 0x614 - pdb path: .;C:\Program Files\Java\jdk-17\bin;C:\WINDOWS\SYSTEM32;C:\WINDOWS\WinSxS\amd64_microsoft.windows.common-controls_6595b64144ccf1df_6.0.22621.3235_none_270f74e173860f98;C:\Program Files\Java\jdk-17\bin\server;C:\Users\yosry\Downloads\openjfx-22_windows-x64_bin-sdk\javafx-sdk-22\bin;C:\WINDOWS\System32\DriverStore\FileRepository\iigd_dch.inf_amd64_9b53505f87f3498b

VM Arguments:
jvm_args: --module-path=C:\Users\yosry\Downloads\openjfx-22_windows-x64_bin-sdk\javafx-sdk-22\lib --add-modules=javafx.controls,javafx.fxml -Dfile.encoding=UTF-8 -Dstdout.encoding=UTF-8 -Dstderr.encoding=UTF-8 --module-path=C:\Users\yosry\.p2\pool\plugins\org.eclipse.fx.ide.css.jfx8_3.8.0.202204150904.jar;C:\Users\yosry\Downloads\openjfx-22_windows-x64_bin-sdk\javafx-sdk-22\lib\javafx.base.jar;C:\Users\yosry\Downloads\openjfx-22_windows-x64_bin-sdk\javafx-sdk-22\lib\javafx.controls.jar;C:\Users\yosry\Downloads\openjfx-22_windows-x64_bin-sdk\javafx-sdk-22\lib\javafx.fxml.jar;C:\Users\yosry\Downloads\openjfx-22_windows-x64_bin-sdk\javafx-sdk-22\lib\javafx.graphics.jar;C:\Users\yosry\Downloads\openjfx-22_windows-x64_bin-sdk\javafx-sdk-22\lib\javafx.media.jar;C:\Users\yosry\Downloads\openjfx-22_windows-x64_bin-sdk\javafx-sdk-22\lib\javafx.swing.jar;C:\Users\yosry\Downloads\openjfx-22_windows-x64_bin-sdk\javafx-sdk-22\lib\javafx.web.jar;C:\Users\yosry\Downloads\openjfx-22_windows-x64_bin-sdk\javafx-sdk-22\lib\javafx-swt.jar -XX:+ShowCodeDetailsInExceptionMessages 
java_command: application.Main
java_class_path (initial): C:\Users\yosry\eclipse-workspace\IDE_2024\TuniCollab\bin;C:\Users\yosry\Downloads\mysql-connector-j-8.3.0\mysql-connector-j-8.3.0\mysql-connector-j-8.3.0.jar
Launcher Type: SUN_STANDARD

[Global flags]
     intx CICompilerCount                          = 4                                         {product} {ergonomic}
     uint ConcGCThreads                            = 2                                         {product} {ergonomic}
     uint G1ConcRefinementThreads                  = 8                                         {product} {ergonomic}
   size_t G1HeapRegionSize                         = 1048576                                   {product} {ergonomic}
    uintx GCDrainStackTargetSize                   = 64                                        {product} {ergonomic}
   size_t InitialHeapSize                          = 132120576                                 {product} {ergonomic}
   size_t MarkStackSize                            = 4194304                                   {product} {ergonomic}
   size_t MaxHeapSize                              = 2090860544                                {product} {ergonomic}
   size_t MaxNewSize                               = 1254096896                                {product} {ergonomic}
   size_t MinHeapDeltaBytes                        = 1048576                                   {product} {ergonomic}
   size_t MinHeapSize                              = 8388608                                   {product} {ergonomic}
    uintx NonNMethodCodeHeapSize                   = 5839372                                {pd product} {ergonomic}
    uintx NonProfiledCodeHeapSize                  = 122909434                              {pd product} {ergonomic}
    uintx ProfiledCodeHeapSize                     = 122909434                              {pd product} {ergonomic}
    uintx ReservedCodeCacheSize                    = 251658240                              {pd product} {ergonomic}
     bool SegmentedCodeCache                       = true                                      {product} {ergonomic}
     bool ShowCodeDetailsInExceptionMessages       = true                                   {manageable} {command line}
   size_t SoftMaxHeapSize                          = 2090860544                             {manageable} {ergonomic}
     bool UseCompressedClassPointers               = true                           {product lp64_product} {ergonomic}
     bool UseCompressedOops                        = true                           {product lp64_product} {ergonomic}
     bool UseG1GC                                  = true                                      {product} {ergonomic}
     bool UseLargePagesIndividualAllocation        = false                                  {pd product} {ergonomic}

Logging:
Log output configuration:
 #0: stdout all=warning uptime,level,tags
 #1: stderr all=off uptime,level,tags

Environment Variables:
JAVA_HOME=C:\Program Files\Java\jdk-17
PATH=C:/Program Files/Java/jdk-17/bin/server;C:/Program Files/Java/jdk-17/bin;C:\Python311\Scripts\;C:\Python311\;C:\Program Files\Java\jdk-11.0.16.1\bin;C:\oraclexe\app\oracle\product\11.2.0\server\bin;C:\Program Files\Common Files\Oracle\Java\javapath;C:\Program Files (x86)\Common Files\Oracle\Java\javapath;C:\windows\system32;C:\windows;C:\windows\System32\Wbem;C:\windows\System32\WindowsPowerShell\v1.0\;C:\windows\System32\OpenSSH\;C:\Program Files (x86)\NVIDIA Corporation\PhysX\Common;C:\Program Files\NVIDIA Corporation\NVIDIA NvDLISR;C:\Program Files\Git\cmd;C:\xampp\php;C:\ProgramData\ComposerSetup\bin;C:\Program Files\OpenSSL-Win64\bin;C:\WINDOWS\system32;C:\WINDOWS;C:\WINDOWS\System32\Wbem;C:\WINDOWS\System32\WindowsPowerShell\v1.0\;C:\WINDOWS\System32\OpenSSH\;C:\ProgramData\chocolatey\bin;C:\Users\yosry\AppData\Roaming\nvm;C:\Program Files\nodejs;C:\Program Files (x86)\GnuWin32\bin;C:\Program Files (x86)\CodeBlocks\MinGW\bin;C:\Users\yosry\scoop\shims;C:\Program Files\Java\jdk-17;C:\Program Files\MySQL\MySQL Shell 8.0\bin\;C:\Users\yosry\AppData\Local\Microsoft\WindowsApps;C:\Users\yosry\AppData\Local\Programs\Microsoft VS Code\bin;C:\src\flutter\bin;C:\Users\yosry\AppData\Roaming\Composer\vendor\bin;C:\Program Files\OpenSSL-Win64;C:\Users\yosry\AppData\Roaming\npm;C:\Users\yosry\AppData\Roaming\nvm;C:\Program Files\nodejs;C:\Program Files\JetBrains\IntelliJ IDEA 2023.2.2\bin;;C:\Program Files (x86)\CodeBlocks\MinGW\bin;C:\Users\yosry\AppData\Local\GitHubDesktop\bin;C:\WINDOWS\System32;
USERNAME=yosry
OS=Windows_NT
PROCESSOR_IDENTIFIER=Intel64 Family 6 Model 126 Stepping 5, GenuineIntel



---------------  S Y S T E M  ---------------

OS:
 Windows 10 , 64 bit Build 22621 (10.0.22621.3235)
OS uptime: 8 days 7:17 hours

CPU: total 8 (initial active 8) (4 cores per cpu, 2 threads per core) family 6 model 126 stepping 5 microcode 0x96, cx8, cmov, fxsr, ht, mmx, 3dnowpref, sse, sse2, sse3, ssse3, sse4.1, sse4.2, popcnt, lzcnt, tsc, tscinvbit, avx, avx2, aes, erms, clmul, bmi1, bmi2, adx, avx512f, avx512dq, avx512cd, avx512bw, avx512vl, sha, fma, vzeroupper, avx512_vpopcntdq, avx512_vpclmulqdq, avx512_vaes, avx512_vnni, clflush, clflushopt, avx512_vbmi2, avx512_vbmi

Memory: 4k page, system-wide physical 7973M (311M free)
TotalPageFile size 32549M (AvailPageFile size 5M)
current process WorkingSet (physical memory assigned to process): 139M, peak: 139M
current process commit charge ("private bytes"): 266M, peak: 266M

vm_info: Java HotSpot(TM) 64-Bit Server VM (17+35-LTS-2724) for windows-amd64 JRE (17+35-LTS-2724), built on Aug  5 2021 23:28:28 by "mach5one" with MS VC++ 16.8 (VS2019)

END.
