#
# There is insufficient memory for the Java Runtime Environment to continue.
# Native memory allocation (mmap) failed to map 132120576 bytes for G1 virtual space
# Possible reasons:
#   The system is out of physical RAM or swap space
#   The process is running with CompressedOops enabled, and the Java Heap may be blocking the growth of the native heap
# Possible solutions:
#   Reduce memory load on the system
#   Increase physical memory or swap space
#   Check if swap backing store is full
#   Decrease Java heap size (-Xmx/-Xms)
#   Decrease number of Java threads
#   Decrease Java thread stack sizes (-Xss)
#   Set larger code cache with -XX:ReservedCodeCacheSize=
#   JVM is running with Unscaled Compressed Oops mode in which the Java heap is
#     placed in the first 4GB address space. The Java Heap base address is the
#     maximum limit for the native heap growth. Please use -XX:HeapBaseMinAddress
#     to set the Java Heap base and to place the Java Heap above 4GB virtual address.
# This output file may be truncated or incomplete.
#
#  Out of Memory Error (os_windows.cpp:3469), pid=61848, tid=61936
#
# JRE version:  (17.0+35) (build )
# Java VM: Java HotSpot(TM) 64-Bit Server VM (17+35-LTS-2724, mixed mode, sharing, tiered, compressed oops, compressed class ptrs, g1 gc, windows-amd64)
# No core dump will be written. Minidumps are not enabled by default on client versions of Windows
#

---------------  S U M M A R Y ------------

Command Line: --module-path=C:\Users\yosry\Downloads\openjfx-22_windows-x64_bin-sdk\javafx-sdk-22\lib --add-modules=javafx.controls,javafx.fxml -Dfile.encoding=UTF-8 -Dstdout.encoding=UTF-8 -Dstderr.encoding=UTF-8 --module-path=C:\Users\yosry\.p2\pool\plugins\org.eclipse.fx.ide.css.jfx8_3.8.0.202204150904.jar;C:\Users\yosry\Downloads\openjfx-22_windows-x64_bin-sdk\javafx-sdk-22\lib\javafx.base.jar;C:\Users\yosry\Downloads\openjfx-22_windows-x64_bin-sdk\javafx-sdk-22\lib\javafx.controls.jar;C:\Users\yosry\Downloads\openjfx-22_windows-x64_bin-sdk\javafx-sdk-22\lib\javafx.fxml.jar;C:\Users\yosry\Downloads\openjfx-22_windows-x64_bin-sdk\javafx-sdk-22\lib\javafx.graphics.jar;C:\Users\yosry\Downloads\openjfx-22_windows-x64_bin-sdk\javafx-sdk-22\lib\javafx.media.jar;C:\Users\yosry\Downloads\openjfx-22_windows-x64_bin-sdk\javafx-sdk-22\lib\javafx.swing.jar;C:\Users\yosry\Downloads\openjfx-22_windows-x64_bin-sdk\javafx-sdk-22\lib\javafx.web.jar;C:\Users\yosry\Downloads\openjfx-22_windows-x64_bin-sdk\javafx-sdk-22\lib\javafx-swt.jar -XX:+ShowCodeDetailsInExceptionMessages application.Main

Host: Intel(R) Core(TM) i7-1065G7 CPU @ 1.30GHz, 8 cores, 7G,  Windows 10 , 64 bit Build 22621 (10.0.22621.3235)
Time: Mon Mar 25 05:59:43 2024 Afr. centrale Ouest elapsed time: 0.031738 seconds (0d 0h 0m 0s)

---------------  T H R E A D  ---------------

Current thread (0x00000272418e23a0):  JavaThread "Unknown thread" [_thread_in_vm, id=61936, stack(0x000000cd5d500000,0x000000cd5d600000)]

Stack: [0x000000cd5d500000,0x000000cd5d600000]
Native frames: (J=compiled Java code, j=interpreted, Vv=VM code, C=native code)
V  [jvm.dll+0x66f8ea]
V  [jvm.dll+0x7ce224]
V  [jvm.dll+0x7cf9ce]
V  [jvm.dll+0x7d0033]
V  [jvm.dll+0x242bb5]
V  [jvm.dll+0x66c909]
V  [jvm.dll+0x6613d2]
V  [jvm.dll+0x30082b]
V  [jvm.dll+0x307db6]
V  [jvm.dll+0x357a0e]
V  [jvm.dll+0x357c3f]
V  [jvm.dll+0x2d7ae8]
V  [jvm.dll+0x2d8a54]
V  [jvm.dll+0x7a00a1]
V  [jvm.dll+0x365781]
V  [jvm.dll+0x77f59c]
V  [jvm.dll+0x3e805f]
V  [jvm.dll+0x3e9b01]
C  [jli.dll+0x527b]
C  [ucrtbase.dll+0x29363]
C  [KERNEL32.DLL+0x1257d]
C  [ntdll.dll+0x5aa58]


---------------  P R O C E S S  ---------------

Threads class SMR info:
_java_thread_list=0x00007ffa19cd7818, length=0, elements={
}

Java Threads: ( => current thread )

Other Threads:
  0x0000027241923c70 GCTaskThread "GC Thread#0" [stack: 0x000000cd5d600000,0x000000cd5d700000] [id=61928]
  0x0000027241934c90 ConcurrentGCThread "G1 Main Marker" [stack: 0x000000cd5d700000,0x000000cd5d800000] [id=61920]
  0x00000272419366b0 ConcurrentGCThread "G1 Conc#0" [stack: 0x000000cd5d800000,0x000000cd5d900000] [id=61940]

[error occurred during error reporting (printing all threads), id 0xc0000005, EXCEPTION_ACCESS_VIOLATION (0xc0000005) at pc=0x00007ffa195284c7]

VM state: not at safepoint (not fully initialized)

VM Mutex/Monitor currently owned by a thread:  ([mutex/lock_event])
[0x00000272418dd590] Heap_lock - owner thread: 0x00000272418e23a0

Heap address: 0x0000000083600000, size: 1994 MB, Compressed Oops mode: 32-bit

CDS archive(s) mapped at: [0x0000000000000000-0x0000000000000000-0x0000000000000000), size 0, SharedBaseAddress: 0x0000000800000000, ArchiveRelocationMode: 0.
Narrow klass base: 0x0000000000000000, Narrow klass shift: 0, Narrow klass range: 0x0

GC Precious Log:
<Empty>

Heap:
 garbage-first heap   total 0K, used 0K [0x0000000083600000, 0x0000000100000000)
  region size 1024K, 0 young (0K), 0 survivors (0K)

[error occurred during error reporting (printing heap information), id 0xc0000005, EXCEPTION_ACCESS_VIOLATION (0xc0000005) at pc=0x00007ffa19908c59]

GC Heap History (0 events):
No events

Deoptimization events (0 events):
No events

Classes unloaded (0 events):
No events

Classes redefined (0 events):
No events

Internal exceptions (0 events):
No events

VM Operations (0 events):
No events

Events (1 events):
Event: 0.021 Loaded shared library C:\Program Files\Java\jdk-17\bin\java.dll


Dynamic libraries:
0x00007ff692110000 - 0x00007ff692120000 	C:\Program Files\Java\jdk-17\bin\javaw.exe
0x00007ffa98530000 - 0x00007ffa98746000 	C:\WINDOWS\SYSTEM32\ntdll.dll
0x00007ffa970c0000 - 0x00007ffa97184000 	C:\WINDOWS\System32\KERNEL32.DLL
0x00007ffa958e0000 - 0x00007ffa95c86000 	C:\WINDOWS\System32\KERNELBASE.dll
0x00007ffa95fc0000 - 0x00007ffa960d1000 	C:\WINDOWS\System32\ucrtbase.dll
0x00007ffa6fd70000 - 0x00007ffa6fd8a000 	C:\Program Files\Java\jdk-17\bin\VCRUNTIME140.dll
0x00007ffa77ec0000 - 0x00007ffa77ed8000 	C:\Program Files\Java\jdk-17\bin\jli.dll
0x00007ffa97360000 - 0x00007ffa97412000 	C:\WINDOWS\System32\ADVAPI32.dll
0x00007ffa967a0000 - 0x00007ffa96847000 	C:\WINDOWS\System32\msvcrt.dll
0x00007ffa97780000 - 0x00007ffa97828000 	C:\WINDOWS\System32\sechost.dll
0x00007ffa95f90000 - 0x00007ffa95fb8000 	C:\WINDOWS\System32\bcrypt.dll
0x00007ffa97240000 - 0x00007ffa97355000 	C:\WINDOWS\System32\RPCRT4.dll
0x00007ffa97420000 - 0x00007ffa975cd000 	C:\WINDOWS\System32\USER32.dll
0x00007ffa79710000 - 0x00007ffa799a3000 	C:\WINDOWS\WinSxS\amd64_microsoft.windows.common-controls_6595b64144ccf1df_6.0.22621.3235_none_270f74e173860f98\COMCTL32.dll
0x00007ffa976d0000 - 0x00007ffa976f9000 	C:\WINDOWS\System32\GDI32.dll
0x00007ffa960e0000 - 0x00007ffa96106000 	C:\WINDOWS\System32\win32u.dll
0x00007ffa95e70000 - 0x00007ffa95f88000 	C:\WINDOWS\System32\gdi32full.dll
0x00007ffa95dd0000 - 0x00007ffa95e6a000 	C:\WINDOWS\System32\msvcp_win.dll
0x00007ffa8a7f0000 - 0x00007ffa8a7fa000 	C:\WINDOWS\SYSTEM32\VERSION.dll
0x00007ffa979f0000 - 0x00007ffa97a21000 	C:\WINDOWS\System32\IMM32.DLL
0x00007ffa7c350000 - 0x00007ffa7c35c000 	C:\Program Files\Java\jdk-17\bin\vcruntime140_1.dll
0x00007ffa6c830000 - 0x00007ffa6c8bd000 	C:\Program Files\Java\jdk-17\bin\msvcp140.dll
0x00007ffa19240000 - 0x00007ffa19dfe000 	C:\Program Files\Java\jdk-17\bin\server\jvm.dll
0x00007ffa96670000 - 0x00007ffa96678000 	C:\WINDOWS\System32\PSAPI.DLL
0x00007ffa8df80000 - 0x00007ffa8dfb4000 	C:\WINDOWS\SYSTEM32\WINMM.dll
0x00007ffa697a0000 - 0x00007ffa697a9000 	C:\WINDOWS\SYSTEM32\WSOCK32.dll
0x00007ffa97700000 - 0x00007ffa97771000 	C:\WINDOWS\System32\WS2_32.dll
0x00007ffa948b0000 - 0x00007ffa948c8000 	C:\WINDOWS\SYSTEM32\kernel.appcore.dll
0x00007ffa90a20000 - 0x00007ffa90a2a000 	C:\Program Files\Java\jdk-17\bin\jimage.dll
0x00007ffa93200000 - 0x00007ffa93433000 	C:\WINDOWS\SYSTEM32\DBGHELP.DLL
0x00007ffa962e0000 - 0x00007ffa96668000 	C:\WINDOWS\System32\combase.dll
0x00007ffa975d0000 - 0x00007ffa976a7000 	C:\WINDOWS\System32\OLEAUT32.dll
0x00007ffa6bd30000 - 0x00007ffa6bd62000 	C:\WINDOWS\SYSTEM32\dbgcore.DLL
0x00007ffa95c90000 - 0x00007ffa95d0a000 	C:\WINDOWS\System32\bcryptPrimitives.dll
0x00007ffa783a0000 - 0x00007ffa783c5000 	C:\Program Files\Java\jdk-17\bin\java.dll

dbghelp: loaded successfully - version: 4.0.5 - missing functions: none
symbol engine: initialized successfully - sym options: 0x614 - pdb path: .;C:\Program Files\Java\jdk-17\bin;C:\WINDOWS\SYSTEM32;C:\WINDOWS\WinSxS\amd64_microsoft.windows.common-controls_6595b64144ccf1df_6.0.22621.3235_none_270f74e173860f98;C:\Program Files\Java\jdk-17\bin\server

VM Arguments:
jvm_args: --module-path=C:\Users\yosry\Downloads\openjfx-22_windows-x64_bin-sdk\javafx-sdk-22\lib --add-modules=javafx.controls,javafx.fxml -Dfile.encoding=UTF-8 -Dstdout.encoding=UTF-8 -Dstderr.encoding=UTF-8 --module-path=C:\Users\yosry\.p2\pool\plugins\org.eclipse.fx.ide.css.jfx8_3.8.0.202204150904.jar;C:\Users\yosry\Downloads\openjfx-22_windows-x64_bin-sdk\javafx-sdk-22\lib\javafx.base.jar;C:\Users\yosry\Downloads\openjfx-22_windows-x64_bin-sdk\javafx-sdk-22\lib\javafx.controls.jar;C:\Users\yosry\Downloads\openjfx-22_windows-x64_bin-sdk\javafx-sdk-22\lib\javafx.fxml.jar;C:\Users\yosry\Downloads\openjfx-22_windows-x64_bin-sdk\javafx-sdk-22\lib\javafx.graphics.jar;C:\Users\yosry\Downloads\openjfx-22_windows-x64_bin-sdk\javafx-sdk-22\lib\javafx.media.jar;C:\Users\yosry\Downloads\openjfx-22_windows-x64_bin-sdk\javafx-sdk-22\lib\javafx.swing.jar;C:\Users\yosry\Downloads\openjfx-22_windows-x64_bin-sdk\javafx-sdk-22\lib\javafx.web.jar;C:\Users\yosry\Downloads\openjfx-22_windows-x64_bin-sdk\javafx-sdk-22\lib\javafx-swt.jar -XX:+ShowCodeDetailsInExceptionMessages 
java_command: application.Main
java_class_path (initial): C:\Users\yosry\eclipse-workspace\IDE_2024\TuniCollab\bin;C:\Users\yosry\Downloads\mysql-connector-j-8.3.0\mysql-connector-j-8.3.0\mysql-connector-j-8.3.0.jar
Launcher Type: SUN_STANDARD

[Global flags]
     intx CICompilerCount                          = 4                                         {product} {ergonomic}
     uint ConcGCThreads                            = 2                                         {product} {ergonomic}
     uint G1ConcRefinementThreads                  = 8                                         {product} {ergonomic}
   size_t G1HeapRegionSize                         = 1048576                                   {product} {ergonomic}
    uintx GCDrainStackTargetSize                   = 64                                        {product} {ergonomic}
   size_t InitialHeapSize                          = 132120576                                 {product} {ergonomic}
   size_t MarkStackSize                            = 4194304                                   {product} {ergonomic}
   size_t MaxHeapSize                              = 2090860544                                {product} {ergonomic}
   size_t MinHeapDeltaBytes                        = 1048576                                   {product} {ergonomic}
   size_t MinHeapSize                              = 8388608                                   {product} {ergonomic}
    uintx NonNMethodCodeHeapSize                   = 5839372                                {pd product} {ergonomic}
    uintx NonProfiledCodeHeapSize                  = 122909434                              {pd product} {ergonomic}
    uintx ProfiledCodeHeapSize                     = 122909434                              {pd product} {ergonomic}
    uintx ReservedCodeCacheSize                    = 251658240                              {pd product} {ergonomic}
     bool SegmentedCodeCache                       = true                                      {product} {ergonomic}
     bool ShowCodeDetailsInExceptionMessages       = true                                   {manageable} {command line}
   size_t SoftMaxHeapSize                          = 2090860544                             {manageable} {ergonomic}
     bool UseCompressedClassPointers               = true                           {product lp64_product} {ergonomic}
     bool UseCompressedOops                        = true                           {product lp64_product} {ergonomic}
     bool UseG1GC                                  = true                                      {product} {ergonomic}
     bool UseLargePagesIndividualAllocation        = false                                  {pd product} {ergonomic}

Logging:
Log output configuration:
 #0: stdout all=warning uptime,level,tags
 #1: stderr all=off uptime,level,tags

Environment Variables:
JAVA_HOME=C:\Program Files\Java\jdk-17
PATH=C:/Program Files/Java/jdk-17/bin/server;C:/Program Files/Java/jdk-17/bin;C:\Python311\Scripts\;C:\Python311\;C:\Program Files\Java\jdk-11.0.16.1\bin;C:\oraclexe\app\oracle\product\11.2.0\server\bin;C:\Program Files\Common Files\Oracle\Java\javapath;C:\Program Files (x86)\Common Files\Oracle\Java\javapath;C:\windows\system32;C:\windows;C:\windows\System32\Wbem;C:\windows\System32\WindowsPowerShell\v1.0\;C:\windows\System32\OpenSSH\;C:\Program Files (x86)\NVIDIA Corporation\PhysX\Common;C:\Program Files\NVIDIA Corporation\NVIDIA NvDLISR;C:\Program Files\Git\cmd;C:\xampp\php;C:\ProgramData\ComposerSetup\bin;C:\Program Files\OpenSSL-Win64\bin;C:\WINDOWS\system32;C:\WINDOWS;C:\WINDOWS\System32\Wbem;C:\WINDOWS\System32\WindowsPowerShell\v1.0\;C:\WINDOWS\System32\OpenSSH\;C:\ProgramData\chocolatey\bin;C:\Users\yosry\AppData\Roaming\nvm;C:\Program Files\nodejs;C:\Program Files (x86)\GnuWin32\bin;C:\Program Files (x86)\CodeBlocks\MinGW\bin;C:\Users\yosry\scoop\shims;C:\Program Files\Java\jdk-17;C:\Program Files\MySQL\MySQL Shell 8.0\bin\;C:\Users\yosry\AppData\Local\Microsoft\WindowsApps;C:\Users\yosry\AppData\Local\Programs\Microsoft VS Code\bin;C:\src\flutter\bin;C:\Users\yosry\AppData\Roaming\Composer\vendor\bin;C:\Program Files\OpenSSL-Win64;C:\Users\yosry\AppData\Roaming\npm;C:\Users\yosry\AppData\Roaming\nvm;C:\Program Files\nodejs;C:\Program Files\JetBrains\IntelliJ IDEA 2023.2.2\bin;;C:\Program Files (x86)\CodeBlocks\MinGW\bin;C:\Users\yosry\AppData\Local\GitHubDesktop\bin;C:\WINDOWS\System32;
USERNAME=yosry
OS=Windows_NT
PROCESSOR_IDENTIFIER=Intel64 Family 6 Model 126 Stepping 5, GenuineIntel



---------------  S Y S T E M  ---------------

OS:
 Windows 10 , 64 bit Build 22621 (10.0.22621.3235)
OS uptime: 8 days 7:23 hours

CPU: total 8 (initial active 8) (4 cores per cpu, 2 threads per core) family 6 model 126 stepping 5 microcode 0x96, cx8, cmov, fxsr, ht, mmx, 3dnowpref, sse, sse2, sse3, ssse3, sse4.1, sse4.2, popcnt, lzcnt, tsc, tscinvbit, avx, avx2, aes, erms, clmul, bmi1, bmi2, adx, avx512f, avx512dq, avx512cd, avx512bw, avx512vl, sha, fma, vzeroupper, avx512_vpopcntdq, avx512_vpclmulqdq, avx512_vaes, avx512_vnni, clflush, clflushopt, avx512_vbmi2, avx512_vbmi

Memory: 4k page, system-wide physical 7973M (257M free)
TotalPageFile size 32549M (AvailPageFile size 47M)
current process WorkingSet (physical memory assigned to process): 11M, peak: 11M
current process commit charge ("private bytes"): 60M, peak: 186M

vm_info: Java HotSpot(TM) 64-Bit Server VM (17+35-LTS-2724) for windows-amd64 JRE (17+35-LTS-2724), built on Aug  5 2021 23:28:28 by "mach5one" with MS VC++ 16.8 (VS2019)

END.
