#
# There is insufficient memory for the Java Runtime Environment to continue.
# Native memory allocation (malloc) failed to allocate 431920 bytes for Chunk::new
# Possible reasons:
#   The system is out of physical RAM or swap space
#   The process is running with CompressedOops enabled, and the Java Heap may be blocking the growth of the native heap
# Possible solutions:
#   Reduce memory load on the system
#   Increase physical memory or swap space
#   Check if swap backing store is full
#   Decrease Java heap size (-Xmx/-Xms)
#   Decrease number of Java threads
#   Decrease Java thread stack sizes (-Xss)
#   Set larger code cache with -XX:ReservedCodeCacheSize=
#   JVM is running with Unscaled Compressed Oops mode in which the Java heap is
#     placed in the first 4GB address space. The Java Heap base address is the
#     maximum limit for the native heap growth. Please use -XX:HeapBaseMinAddress
#     to set the Java Heap base and to place the Java Heap above 4GB virtual address.
# This output file may be truncated or incomplete.
#
#  Out of Memory Error (arena.cpp:189), pid=60800, tid=61224
#
# JRE version: Java(TM) SE Runtime Environment (17.0+35) (build 17+35-LTS-2724)
# Java VM: Java HotSpot(TM) 64-Bit Server VM (17+35-LTS-2724, mixed mode, sharing, tiered, compressed oops, compressed class ptrs, g1 gc, windows-amd64)
# No core dump will be written. Minidumps are not enabled by default on client versions of Windows
#

---------------  S U M M A R Y ------------

Command Line: --module-path=C:\Users\yosry\Downloads\openjfx-22_windows-x64_bin-sdk\javafx-sdk-22\lib --add-modules=javafx.controls,javafx.fxml -Dfile.encoding=UTF-8 -Dstdout.encoding=UTF-8 -Dstderr.encoding=UTF-8 --module-path=C:\Users\yosry\.p2\pool\plugins\org.eclipse.fx.ide.css.jfx8_3.8.0.202204150904.jar;C:\Users\yosry\Downloads\openjfx-22_windows-x64_bin-sdk\javafx-sdk-22\lib\javafx.base.jar;C:\Users\yosry\Downloads\openjfx-22_windows-x64_bin-sdk\javafx-sdk-22\lib\javafx.controls.jar;C:\Users\yosry\Downloads\openjfx-22_windows-x64_bin-sdk\javafx-sdk-22\lib\javafx.fxml.jar;C:\Users\yosry\Downloads\openjfx-22_windows-x64_bin-sdk\javafx-sdk-22\lib\javafx.graphics.jar;C:\Users\yosry\Downloads\openjfx-22_windows-x64_bin-sdk\javafx-sdk-22\lib\javafx.media.jar;C:\Users\yosry\Downloads\openjfx-22_windows-x64_bin-sdk\javafx-sdk-22\lib\javafx.swing.jar;C:\Users\yosry\Downloads\openjfx-22_windows-x64_bin-sdk\javafx-sdk-22\lib\javafx.web.jar;C:\Users\yosry\Downloads\openjfx-22_windows-x64_bin-sdk\javafx-sdk-22\lib\javafx-swt.jar -XX:+ShowCodeDetailsInExceptionMessages application.Main

Host: Intel(R) Core(TM) i7-1065G7 CPU @ 1.30GHz, 8 cores, 7G,  Windows 10 , 64 bit Build 22621 (10.0.22621.3235)
Time: Mon Mar 25 05:54:37 2024 Afr. centrale Ouest elapsed time: 3.991116 seconds (0d 0h 0m 3s)

---------------  T H R E A D  ---------------

Current thread (0x000001bc5cb19650):  JavaThread "C2 CompilerThread0" daemon [_thread_in_native, id=61224, stack(0x0000002166d00000,0x0000002166e00000)]


Current CompileTask:
C2:   3991 2158       4       java.util.jar.JarFile::getEntry (35 bytes)

Stack: [0x0000002166d00000,0x0000002166e00000]
Native frames: (J=compiled Java code, j=interpreted, Vv=VM code, C=native code)
V  [jvm.dll+0x66f8ea]
V  [jvm.dll+0x7ce224]
V  [jvm.dll+0x7cf9ce]
V  [jvm.dll+0x7d0033]
V  [jvm.dll+0x242bb5]
V  [jvm.dll+0xaa05b]
V  [jvm.dll+0xaa5ec]
V  [jvm.dll+0x35f9f7]
V  [jvm.dll+0x329f61]
V  [jvm.dll+0x32940a]
V  [jvm.dll+0x215ca1]
V  [jvm.dll+0x2150c1]
V  [jvm.dll+0x1a168d]
V  [jvm.dll+0x2248f8]
V  [jvm.dll+0x222a5c]
V  [jvm.dll+0x78422b]
V  [jvm.dll+0x77e7ea]
V  [jvm.dll+0x66e715]
C  [ucrtbase.dll+0x29363]
C  [KERNEL32.DLL+0x1257d]
C  [ntdll.dll+0x5aa58]


---------------  P R O C E S S  ---------------

Threads class SMR info:
_java_thread_list=0x000001bc62c54030, length=19, elements={
0x000001bc3cbe1900, 0x000001bc5caf94c0, 0x000001bc5cafc080, 0x000001bc5cb0e9d0,
0x000001bc5cb0f580, 0x000001bc5cb13150, 0x000001bc5cb24730, 0x000001bc5cb19650,
0x000001bc5cb1a500, 0x000001bc5cb1ae00, 0x000001bc5d5aebf0, 0x000001bc5d6d9f50,
0x000001bc5d876a70, 0x000001bc5dd6f220, 0x000001bc5dd81680, 0x000001bc5df64680,
0x000001bc5df5f4a0, 0x000001bc62b9f2d0, 0x000001bc62d52ff0
}

Java Threads: ( => current thread )
  0x000001bc3cbe1900 JavaThread "main" [_thread_blocked, id=60824, stack(0x0000002166000000,0x0000002166100000)]
  0x000001bc5caf94c0 JavaThread "Reference Handler" daemon [_thread_blocked, id=59200, stack(0x0000002166700000,0x0000002166800000)]
  0x000001bc5cafc080 JavaThread "Finalizer" daemon [_thread_blocked, id=61372, stack(0x0000002166800000,0x0000002166900000)]
  0x000001bc5cb0e9d0 JavaThread "Signal Dispatcher" daemon [_thread_blocked, id=58192, stack(0x0000002166900000,0x0000002166a00000)]
  0x000001bc5cb0f580 JavaThread "Attach Listener" daemon [_thread_blocked, id=35072, stack(0x0000002166a00000,0x0000002166b00000)]
  0x000001bc5cb13150 JavaThread "Service Thread" daemon [_thread_blocked, id=61364, stack(0x0000002166b00000,0x0000002166c00000)]
  0x000001bc5cb24730 JavaThread "Monitor Deflation Thread" daemon [_thread_blocked, id=61208, stack(0x0000002166c00000,0x0000002166d00000)]
=>0x000001bc5cb19650 JavaThread "C2 CompilerThread0" daemon [_thread_in_native, id=61224, stack(0x0000002166d00000,0x0000002166e00000)]
  0x000001bc5cb1a500 JavaThread "C1 CompilerThread0" daemon [_thread_in_vm, id=34768, stack(0x0000002166e00000,0x0000002166f00000)]
  0x000001bc5cb1ae00 JavaThread "Sweeper thread" daemon [_thread_blocked, id=58880, stack(0x0000002166f00000,0x0000002167000000)]
  0x000001bc5d5aebf0 JavaThread "Common-Cleaner" daemon [_thread_blocked, id=60300, stack(0x0000002167000000,0x0000002167100000)]
  0x000001bc5d6d9f50 JavaThread "Notification Thread" daemon [_thread_blocked, id=38592, stack(0x0000002167100000,0x0000002167200000)]
  0x000001bc5d876a70 JavaThread "QuantumRenderer-0" daemon [_thread_blocked, id=35588, stack(0x0000002167300000,0x0000002167400000)]
  0x000001bc5dd6f220 JavaThread "InvokeLaterDispatcher" daemon [_thread_blocked, id=60864, stack(0x0000002167400000,0x0000002167500000)]
  0x000001bc5dd81680 JavaThread "JavaFX Application Thread" [_thread_blocked, id=49716, stack(0x0000002167500000,0x0000002167600000)]
  0x000001bc5df64680 JavaThread "JavaFX-Launcher" [_thread_blocked, id=60220, stack(0x0000002167a00000,0x0000002167b00000)]
  0x000001bc5df5f4a0 JavaThread "Thread-2" daemon [_thread_in_native, id=30360, stack(0x0000002167900000,0x0000002167a00000)]
  0x000001bc62b9f2d0 JavaThread "mysql-cj-abandoned-connection-cleanup" daemon [_thread_blocked, id=46580, stack(0x0000002168000000,0x0000002168100000)]
  0x000001bc62d52ff0 JavaThread "Prism Font Disposer" daemon [_thread_blocked, id=55636, stack(0x0000002168600000,0x0000002168700000)]

Other Threads:
  0x000001bc5caf5ff0 VMThread "VM Thread" [stack: 0x0000002166600000,0x0000002166700000] [id=60932]
  0x000001bc5d6f80e0 WatcherThread [stack: 0x0000002167200000,0x0000002167300000] [id=37076]
  0x000001bc3cc23250 GCTaskThread "GC Thread#0" [stack: 0x0000002166100000,0x0000002166200000] [id=50956]
  0x000001bc5e183e70 GCTaskThread "GC Thread#1" [stack: 0x0000002167b00000,0x0000002167c00000] [id=60480]
  0x000001bc5e184120 GCTaskThread "GC Thread#2" [stack: 0x0000002167c00000,0x0000002167d00000] [id=16088]
  0x000001bc5e435e00 GCTaskThread "GC Thread#3" [stack: 0x0000002167d00000,0x0000002167e00000] [id=61188]
  0x000001bc5e4368c0 GCTaskThread "GC Thread#4" [stack: 0x0000002167e00000,0x0000002167f00000] [id=6696]
  0x000001bc5e435b50 GCTaskThread "GC Thread#5" [stack: 0x0000002167f00000,0x0000002168000000] [id=60324]
  0x000001bc5e436360 GCTaskThread "GC Thread#6" [stack: 0x0000002168100000,0x0000002168200000] [id=59020]
  0x000001bc5e4358a0 GCTaskThread "GC Thread#7" [stack: 0x0000002168200000,0x0000002168300000] [id=60796]
  0x000001bc3cc34270 ConcurrentGCThread "G1 Main Marker" [stack: 0x0000002166200000,0x0000002166300000] [id=61008]
  0x000001bc3cc34c80 ConcurrentGCThread "G1 Conc#0" [stack: 0x0000002166300000,0x0000002166400000] [id=60916]
  0x000001bc3ccae880 ConcurrentGCThread "G1 Refine#0" [stack: 0x0000002166400000,0x0000002166500000] [id=61152]
  0x000001bc5c9b13f0 ConcurrentGCThread "G1 Service" [stack: 0x0000002166500000,0x0000002166600000] [id=38952]

Threads with active compile tasks:
C2 CompilerThread0     4044 2158       4       java.util.jar.JarFile::getEntry (35 bytes)
C1 CompilerThread0     4044 2214       3       java.util.EnumSet::typeCheck (59 bytes)

VM state: not at safepoint (normal execution)

VM Mutex/Monitor currently owned by a thread: None

Heap address: 0x0000000083600000, size: 1994 MB, Compressed Oops mode: 32-bit

CDS archive(s) mapped at: [0x0000000800000000-0x0000000800bc0000-0x0000000800bc0000), size 12320768, SharedBaseAddress: 0x0000000800000000, ArchiveRelocationMode: 0.
Compressed class space mapped at: 0x0000000800c00000-0x0000000840c00000, reserved size: 1073741824
Narrow klass base: 0x0000000800000000, Narrow klass shift: 0, Narrow klass range: 0x100000000

GC Precious Log:
 CPUs: 8 total, 8 available
 Memory: 7973M
 Large Page Support: Disabled
 NUMA Support: Disabled
 Compressed Oops: Enabled (32-bit)
 Heap Region Size: 1M
 Heap Min Capacity: 8M
 Heap Initial Capacity: 126M
 Heap Max Capacity: 1994M
 Pre-touch: Disabled
 Parallel Workers: 8
 Concurrent Workers: 2
 Concurrent Refinement Workers: 8
 Periodic GC: Disabled

Heap:
 garbage-first heap   total 129024K, used 23604K [0x0000000083600000, 0x0000000100000000)
  region size 1024K, 21 young (21504K), 5 survivors (5120K)
 Metaspace       used 16276K, committed 16448K, reserved 1064960K
  class space    used 2204K, committed 2304K, reserved 1048576K

Heap Regions: E=young(eden), S=young(survivor), O=old, HS=humongous(starts), HC=humongous(continues), CS=collection set, F=free, OA=open archive, CA=closed archive, TAMS=top-at-mark-start (previous, next)
|   0|0x0000000083600000, 0x0000000083700000, 0x0000000083700000|100%| O|  |TAMS 0x0000000083600000, 0x0000000083600000| Untracked 
|   1|0x0000000083700000, 0x0000000083800000, 0x0000000083800000|100%| O|  |TAMS 0x0000000083700000, 0x0000000083700000| Untracked 
|   2|0x0000000083800000, 0x0000000083900000, 0x0000000083900000|100%| O|  |TAMS 0x0000000083800000, 0x0000000083800000| Untracked 
|   3|0x0000000083900000, 0x00000000839c4200, 0x0000000083a00000| 76%| O|  |TAMS 0x0000000083900000, 0x0000000083900000| Untracked 
|   4|0x0000000083a00000, 0x0000000083a00000, 0x0000000083b00000|  0%| F|  |TAMS 0x0000000083a00000, 0x0000000083a00000| Untracked 
|   5|0x0000000083b00000, 0x0000000083b00000, 0x0000000083c00000|  0%| F|  |TAMS 0x0000000083b00000, 0x0000000083b00000| Untracked 
|   6|0x0000000083c00000, 0x0000000083c00000, 0x0000000083d00000|  0%| F|  |TAMS 0x0000000083c00000, 0x0000000083c00000| Untracked 
|   7|0x0000000083d00000, 0x0000000083d00000, 0x0000000083e00000|  0%| F|  |TAMS 0x0000000083d00000, 0x0000000083d00000| Untracked 
|   8|0x0000000083e00000, 0x0000000083e00000, 0x0000000083f00000|  0%| F|  |TAMS 0x0000000083e00000, 0x0000000083e00000| Untracked 
|   9|0x0000000083f00000, 0x0000000083f00000, 0x0000000084000000|  0%| F|  |TAMS 0x0000000083f00000, 0x0000000083f00000| Untracked 
|  10|0x0000000084000000, 0x0000000084000000, 0x0000000084100000|  0%| F|  |TAMS 0x0000000084000000, 0x0000000084000000| Untracked 
|  11|0x0000000084100000, 0x0000000084100000, 0x0000000084200000|  0%| F|  |TAMS 0x0000000084100000, 0x0000000084100000| Untracked 
|  12|0x0000000084200000, 0x0000000084200000, 0x0000000084300000|  0%| F|  |TAMS 0x0000000084200000, 0x0000000084200000| Untracked 
|  13|0x0000000084300000, 0x0000000084300000, 0x0000000084400000|  0%| F|  |TAMS 0x0000000084300000, 0x0000000084300000| Untracked 
|  14|0x0000000084400000, 0x0000000084400000, 0x0000000084500000|  0%| F|  |TAMS 0x0000000084400000, 0x0000000084400000| Untracked 
|  15|0x0000000084500000, 0x0000000084500000, 0x0000000084600000|  0%| F|  |TAMS 0x0000000084500000, 0x0000000084500000| Untracked 
|  16|0x0000000084600000, 0x0000000084600000, 0x0000000084700000|  0%| F|  |TAMS 0x0000000084600000, 0x0000000084600000| Untracked 
|  17|0x0000000084700000, 0x0000000084700000, 0x0000000084800000|  0%| F|  |TAMS 0x0000000084700000, 0x0000000084700000| Untracked 
|  18|0x0000000084800000, 0x0000000084800000, 0x0000000084900000|  0%| F|  |TAMS 0x0000000084800000, 0x0000000084800000| Untracked 
|  19|0x0000000084900000, 0x0000000084900000, 0x0000000084a00000|  0%| F|  |TAMS 0x0000000084900000, 0x0000000084900000| Untracked 
|  20|0x0000000084a00000, 0x0000000084a00000, 0x0000000084b00000|  0%| F|  |TAMS 0x0000000084a00000, 0x0000000084a00000| Untracked 
|  21|0x0000000084b00000, 0x0000000084b00000, 0x0000000084c00000|  0%| F|  |TAMS 0x0000000084b00000, 0x0000000084b00000| Untracked 
|  22|0x0000000084c00000, 0x0000000084c00000, 0x0000000084d00000|  0%| F|  |TAMS 0x0000000084c00000, 0x0000000084c00000| Untracked 
|  23|0x0000000084d00000, 0x0000000084d00000, 0x0000000084e00000|  0%| F|  |TAMS 0x0000000084d00000, 0x0000000084d00000| Untracked 
|  24|0x0000000084e00000, 0x0000000084e00000, 0x0000000084f00000|  0%| F|  |TAMS 0x0000000084e00000, 0x0000000084e00000| Untracked 
|  25|0x0000000084f00000, 0x0000000084f00000, 0x0000000085000000|  0%| F|  |TAMS 0x0000000084f00000, 0x0000000084f00000| Untracked 
|  26|0x0000000085000000, 0x0000000085000000, 0x0000000085100000|  0%| F|  |TAMS 0x0000000085000000, 0x0000000085000000| Untracked 
|  27|0x0000000085100000, 0x0000000085100000, 0x0000000085200000|  0%| F|  |TAMS 0x0000000085100000, 0x0000000085100000| Untracked 
|  28|0x0000000085200000, 0x0000000085200000, 0x0000000085300000|  0%| F|  |TAMS 0x0000000085200000, 0x0000000085200000| Untracked 
|  29|0x0000000085300000, 0x0000000085300000, 0x0000000085400000|  0%| F|  |TAMS 0x0000000085300000, 0x0000000085300000| Untracked 
|  30|0x0000000085400000, 0x0000000085400000, 0x0000000085500000|  0%| F|  |TAMS 0x0000000085400000, 0x0000000085400000| Untracked 
|  31|0x0000000085500000, 0x0000000085500000, 0x0000000085600000|  0%| F|  |TAMS 0x0000000085500000, 0x0000000085500000| Untracked 
|  32|0x0000000085600000, 0x0000000085600000, 0x0000000085700000|  0%| F|  |TAMS 0x0000000085600000, 0x0000000085600000| Untracked 
|  33|0x0000000085700000, 0x0000000085700000, 0x0000000085800000|  0%| F|  |TAMS 0x0000000085700000, 0x0000000085700000| Untracked 
|  34|0x0000000085800000, 0x0000000085800000, 0x0000000085900000|  0%| F|  |TAMS 0x0000000085800000, 0x0000000085800000| Untracked 
|  35|0x0000000085900000, 0x0000000085900000, 0x0000000085a00000|  0%| F|  |TAMS 0x0000000085900000, 0x0000000085900000| Untracked 
|  36|0x0000000085a00000, 0x0000000085a00000, 0x0000000085b00000|  0%| F|  |TAMS 0x0000000085a00000, 0x0000000085a00000| Untracked 
|  37|0x0000000085b00000, 0x0000000085b00000, 0x0000000085c00000|  0%| F|  |TAMS 0x0000000085b00000, 0x0000000085b00000| Untracked 
|  38|0x0000000085c00000, 0x0000000085c00000, 0x0000000085d00000|  0%| F|  |TAMS 0x0000000085c00000, 0x0000000085c00000| Untracked 
|  39|0x0000000085d00000, 0x0000000085d00000, 0x0000000085e00000|  0%| F|  |TAMS 0x0000000085d00000, 0x0000000085d00000| Untracked 
|  40|0x0000000085e00000, 0x0000000085e00000, 0x0000000085f00000|  0%| F|  |TAMS 0x0000000085e00000, 0x0000000085e00000| Untracked 
|  41|0x0000000085f00000, 0x0000000085f00000, 0x0000000086000000|  0%| F|  |TAMS 0x0000000085f00000, 0x0000000085f00000| Untracked 
|  42|0x0000000086000000, 0x0000000086000000, 0x0000000086100000|  0%| F|  |TAMS 0x0000000086000000, 0x0000000086000000| Untracked 
|  43|0x0000000086100000, 0x0000000086100000, 0x0000000086200000|  0%| F|  |TAMS 0x0000000086100000, 0x0000000086100000| Untracked 
|  44|0x0000000086200000, 0x0000000086200000, 0x0000000086300000|  0%| F|  |TAMS 0x0000000086200000, 0x0000000086200000| Untracked 
|  45|0x0000000086300000, 0x0000000086300000, 0x0000000086400000|  0%| F|  |TAMS 0x0000000086300000, 0x0000000086300000| Untracked 
|  46|0x0000000086400000, 0x0000000086400000, 0x0000000086500000|  0%| F|  |TAMS 0x0000000086400000, 0x0000000086400000| Untracked 
|  47|0x0000000086500000, 0x0000000086500000, 0x0000000086600000|  0%| F|  |TAMS 0x0000000086500000, 0x0000000086500000| Untracked 
|  48|0x0000000086600000, 0x0000000086600000, 0x0000000086700000|  0%| F|  |TAMS 0x0000000086600000, 0x0000000086600000| Untracked 
|  49|0x0000000086700000, 0x0000000086700000, 0x0000000086800000|  0%| F|  |TAMS 0x0000000086700000, 0x0000000086700000| Untracked 
|  50|0x0000000086800000, 0x0000000086800000, 0x0000000086900000|  0%| F|  |TAMS 0x0000000086800000, 0x0000000086800000| Untracked 
|  51|0x0000000086900000, 0x0000000086900000, 0x0000000086a00000|  0%| F|  |TAMS 0x0000000086900000, 0x0000000086900000| Untracked 
|  52|0x0000000086a00000, 0x0000000086a00000, 0x0000000086b00000|  0%| F|  |TAMS 0x0000000086a00000, 0x0000000086a00000| Untracked 
|  53|0x0000000086b00000, 0x0000000086b00000, 0x0000000086c00000|  0%| F|  |TAMS 0x0000000086b00000, 0x0000000086b00000| Untracked 
|  54|0x0000000086c00000, 0x0000000086c00000, 0x0000000086d00000|  0%| F|  |TAMS 0x0000000086c00000, 0x0000000086c00000| Untracked 
|  55|0x0000000086d00000, 0x0000000086d00000, 0x0000000086e00000|  0%| F|  |TAMS 0x0000000086d00000, 0x0000000086d00000| Untracked 
|  56|0x0000000086e00000, 0x0000000086e00000, 0x0000000086f00000|  0%| F|  |TAMS 0x0000000086e00000, 0x0000000086e00000| Untracked 
|  57|0x0000000086f00000, 0x0000000086f00000, 0x0000000087000000|  0%| F|  |TAMS 0x0000000086f00000, 0x0000000086f00000| Untracked 
|  58|0x0000000087000000, 0x0000000087000000, 0x0000000087100000|  0%| F|  |TAMS 0x0000000087000000, 0x0000000087000000| Untracked 
|  59|0x0000000087100000, 0x0000000087100000, 0x0000000087200000|  0%| F|  |TAMS 0x0000000087100000, 0x0000000087100000| Untracked 
|  60|0x0000000087200000, 0x0000000087200000, 0x0000000087300000|  0%| F|  |TAMS 0x0000000087200000, 0x0000000087200000| Untracked 
|  61|0x0000000087300000, 0x0000000087300000, 0x0000000087400000|  0%| F|  |TAMS 0x0000000087300000, 0x0000000087300000| Untracked 
|  62|0x0000000087400000, 0x0000000087400000, 0x0000000087500000|  0%| F|  |TAMS 0x0000000087400000, 0x0000000087400000| Untracked 
|  63|0x0000000087500000, 0x0000000087500000, 0x0000000087600000|  0%| F|  |TAMS 0x0000000087500000, 0x0000000087500000| Untracked 
|  64|0x0000000087600000, 0x0000000087600000, 0x0000000087700000|  0%| F|  |TAMS 0x0000000087600000, 0x0000000087600000| Untracked 
|  65|0x0000000087700000, 0x0000000087700000, 0x0000000087800000|  0%| F|  |TAMS 0x0000000087700000, 0x0000000087700000| Untracked 
|  66|0x0000000087800000, 0x0000000087800000, 0x0000000087900000|  0%| F|  |TAMS 0x0000000087800000, 0x0000000087800000| Untracked 
|  67|0x0000000087900000, 0x0000000087900000, 0x0000000087a00000|  0%| F|  |TAMS 0x0000000087900000, 0x0000000087900000| Untracked 
|  68|0x0000000087a00000, 0x0000000087a00000, 0x0000000087b00000|  0%| F|  |TAMS 0x0000000087a00000, 0x0000000087a00000| Untracked 
|  69|0x0000000087b00000, 0x0000000087b00000, 0x0000000087c00000|  0%| F|  |TAMS 0x0000000087b00000, 0x0000000087b00000| Untracked 
|  70|0x0000000087c00000, 0x0000000087c00000, 0x0000000087d00000|  0%| F|  |TAMS 0x0000000087c00000, 0x0000000087c00000| Untracked 
|  71|0x0000000087d00000, 0x0000000087d00000, 0x0000000087e00000|  0%| F|  |TAMS 0x0000000087d00000, 0x0000000087d00000| Untracked 
|  72|0x0000000087e00000, 0x0000000087e00000, 0x0000000087f00000|  0%| F|  |TAMS 0x0000000087e00000, 0x0000000087e00000| Untracked 
|  73|0x0000000087f00000, 0x0000000087f00000, 0x0000000088000000|  0%| F|  |TAMS 0x0000000087f00000, 0x0000000087f00000| Untracked 
|  74|0x0000000088000000, 0x0000000088000000, 0x0000000088100000|  0%| F|  |TAMS 0x0000000088000000, 0x0000000088000000| Untracked 
|  75|0x0000000088100000, 0x0000000088100000, 0x0000000088200000|  0%| F|  |TAMS 0x0000000088100000, 0x0000000088100000| Untracked 
|  76|0x0000000088200000, 0x0000000088200000, 0x0000000088300000|  0%| F|  |TAMS 0x0000000088200000, 0x0000000088200000| Untracked 
|  77|0x0000000088300000, 0x0000000088300000, 0x0000000088400000|  0%| F|  |TAMS 0x0000000088300000, 0x0000000088300000| Untracked 
|  78|0x0000000088400000, 0x0000000088400000, 0x0000000088500000|  0%| F|  |TAMS 0x0000000088400000, 0x0000000088400000| Untracked 
|  79|0x0000000088500000, 0x0000000088500000, 0x0000000088600000|  0%| F|  |TAMS 0x0000000088500000, 0x0000000088500000| Untracked 
|  80|0x0000000088600000, 0x0000000088600000, 0x0000000088700000|  0%| F|  |TAMS 0x0000000088600000, 0x0000000088600000| Untracked 
|  81|0x0000000088700000, 0x0000000088700000, 0x0000000088800000|  0%| F|  |TAMS 0x0000000088700000, 0x0000000088700000| Untracked 
|  82|0x0000000088800000, 0x0000000088800000, 0x0000000088900000|  0%| F|  |TAMS 0x0000000088800000, 0x0000000088800000| Untracked 
|  83|0x0000000088900000, 0x0000000088900000, 0x0000000088a00000|  0%| F|  |TAMS 0x0000000088900000, 0x0000000088900000| Untracked 
|  84|0x0000000088a00000, 0x0000000088a00000, 0x0000000088b00000|  0%| F|  |TAMS 0x0000000088a00000, 0x0000000088a00000| Untracked 
|  85|0x0000000088b00000, 0x0000000088b00000, 0x0000000088c00000|  0%| F|  |TAMS 0x0000000088b00000, 0x0000000088b00000| Untracked 
|  86|0x0000000088c00000, 0x0000000088c00000, 0x0000000088d00000|  0%| F|  |TAMS 0x0000000088c00000, 0x0000000088c00000| Untracked 
|  87|0x0000000088d00000, 0x0000000088d00000, 0x0000000088e00000|  0%| F|  |TAMS 0x0000000088d00000, 0x0000000088d00000| Untracked 
|  88|0x0000000088e00000, 0x0000000088e48ee0, 0x0000000088f00000| 28%| S|CS|TAMS 0x0000000088e00000, 0x0000000088e00000| Complete 
|  89|0x0000000088f00000, 0x0000000089000000, 0x0000000089000000|100%| S|CS|TAMS 0x0000000088f00000, 0x0000000088f00000| Complete 
|  90|0x0000000089000000, 0x0000000089100000, 0x0000000089100000|100%| S|CS|TAMS 0x0000000089000000, 0x0000000089000000| Complete 
|  91|0x0000000089100000, 0x0000000089200000, 0x0000000089200000|100%| S|CS|TAMS 0x0000000089100000, 0x0000000089100000| Complete 
|  92|0x0000000089200000, 0x0000000089300000, 0x0000000089300000|100%| S|CS|TAMS 0x0000000089200000, 0x0000000089200000| Complete 
|  93|0x0000000089300000, 0x0000000089300000, 0x0000000089400000|  0%| F|  |TAMS 0x0000000089300000, 0x0000000089300000| Untracked 
|  94|0x0000000089400000, 0x0000000089400000, 0x0000000089500000|  0%| F|  |TAMS 0x0000000089400000, 0x0000000089400000| Untracked 
|  95|0x0000000089500000, 0x0000000089500000, 0x0000000089600000|  0%| F|  |TAMS 0x0000000089500000, 0x0000000089500000| Untracked 
|  96|0x0000000089600000, 0x0000000089600000, 0x0000000089700000|  0%| F|  |TAMS 0x0000000089600000, 0x0000000089600000| Untracked 
|  97|0x0000000089700000, 0x0000000089700000, 0x0000000089800000|  0%| F|  |TAMS 0x0000000089700000, 0x0000000089700000| Untracked 
|  98|0x0000000089800000, 0x0000000089800000, 0x0000000089900000|  0%| F|  |TAMS 0x0000000089800000, 0x0000000089800000| Untracked 
|  99|0x0000000089900000, 0x0000000089900000, 0x0000000089a00000|  0%| F|  |TAMS 0x0000000089900000, 0x0000000089900000| Untracked 
| 100|0x0000000089a00000, 0x0000000089a00000, 0x0000000089b00000|  0%| F|  |TAMS 0x0000000089a00000, 0x0000000089a00000| Untracked 
| 101|0x0000000089b00000, 0x0000000089b00000, 0x0000000089c00000|  0%| F|  |TAMS 0x0000000089b00000, 0x0000000089b00000| Untracked 
| 102|0x0000000089c00000, 0x0000000089c00000, 0x0000000089d00000|  0%| F|  |TAMS 0x0000000089c00000, 0x0000000089c00000| Untracked 
| 103|0x0000000089d00000, 0x0000000089d00000, 0x0000000089e00000|  0%| F|  |TAMS 0x0000000089d00000, 0x0000000089d00000| Untracked 
| 104|0x0000000089e00000, 0x0000000089e00000, 0x0000000089f00000|  0%| F|  |TAMS 0x0000000089e00000, 0x0000000089e00000| Untracked 
| 105|0x0000000089f00000, 0x0000000089f00000, 0x000000008a000000|  0%| F|  |TAMS 0x0000000089f00000, 0x0000000089f00000| Untracked 
| 106|0x000000008a000000, 0x000000008a000000, 0x000000008a100000|  0%| F|  |TAMS 0x000000008a000000, 0x000000008a000000| Untracked 
| 107|0x000000008a100000, 0x000000008a100000, 0x000000008a200000|  0%| F|  |TAMS 0x000000008a100000, 0x000000008a100000| Untracked 
| 108|0x000000008a200000, 0x000000008a200000, 0x000000008a300000|  0%| F|  |TAMS 0x000000008a200000, 0x000000008a200000| Untracked 
| 109|0x000000008a300000, 0x000000008a300000, 0x000000008a400000|  0%| F|  |TAMS 0x000000008a300000, 0x000000008a300000| Untracked 
| 110|0x000000008a400000, 0x000000008a480800, 0x000000008a500000| 50%| E|  |TAMS 0x000000008a400000, 0x000000008a400000| Complete 
| 111|0x000000008a500000, 0x000000008a600000, 0x000000008a600000|100%| E|CS|TAMS 0x000000008a500000, 0x000000008a500000| Complete 
| 112|0x000000008a600000, 0x000000008a700000, 0x000000008a700000|100%| E|CS|TAMS 0x000000008a600000, 0x000000008a600000| Complete 
| 113|0x000000008a700000, 0x000000008a800000, 0x000000008a800000|100%| E|CS|TAMS 0x000000008a700000, 0x000000008a700000| Complete 
| 114|0x000000008a800000, 0x000000008a900000, 0x000000008a900000|100%| E|CS|TAMS 0x000000008a800000, 0x000000008a800000| Complete 
| 115|0x000000008a900000, 0x000000008aa00000, 0x000000008aa00000|100%| E|CS|TAMS 0x000000008a900000, 0x000000008a900000| Complete 
| 116|0x000000008aa00000, 0x000000008ab00000, 0x000000008ab00000|100%| E|CS|TAMS 0x000000008aa00000, 0x000000008aa00000| Complete 
| 117|0x000000008ab00000, 0x000000008ac00000, 0x000000008ac00000|100%| E|CS|TAMS 0x000000008ab00000, 0x000000008ab00000| Complete 
| 118|0x000000008ac00000, 0x000000008ad00000, 0x000000008ad00000|100%| E|CS|TAMS 0x000000008ac00000, 0x000000008ac00000| Complete 
| 119|0x000000008ad00000, 0x000000008ae00000, 0x000000008ae00000|100%| E|CS|TAMS 0x000000008ad00000, 0x000000008ad00000| Complete 
| 120|0x000000008ae00000, 0x000000008af00000, 0x000000008af00000|100%| E|CS|TAMS 0x000000008ae00000, 0x000000008ae00000| Complete 
| 121|0x000000008af00000, 0x000000008b000000, 0x000000008b000000|100%| E|CS|TAMS 0x000000008af00000, 0x000000008af00000| Complete 
| 122|0x000000008b000000, 0x000000008b100000, 0x000000008b100000|100%| E|CS|TAMS 0x000000008b000000, 0x000000008b000000| Complete 
| 123|0x000000008b100000, 0x000000008b200000, 0x000000008b200000|100%| E|CS|TAMS 0x000000008b100000, 0x000000008b100000| Complete 
| 124|0x000000008b200000, 0x000000008b300000, 0x000000008b300000|100%| E|CS|TAMS 0x000000008b200000, 0x000000008b200000| Complete 
| 125|0x000000008b300000, 0x000000008b400000, 0x000000008b400000|100%| E|CS|TAMS 0x000000008b300000, 0x000000008b300000| Complete 

Card table byte_map: [0x000001bc55a40000,0x000001bc55e30000] _byte_map_base: 0x000001bc55625000

Marking Bits (Prev, Next): (CMBitMap*) 0x000001bc3cc23860, (CMBitMap*) 0x000001bc3cc238a0
 Prev Bits: [0x000001bc56220000, 0x000001bc58148000)
 Next Bits: [0x000001bc58150000, 0x000001bc5a078000)

Polling page: 0x000001bc3c9d0000

Metaspace:

Usage:
  Non-class:     13.75 MB used.
      Class:      2.15 MB used.
       Both:     15.90 MB used.

Virtual space:
  Non-class space:       16.00 MB reserved,      13.88 MB ( 87%) committed,  2 nodes.
      Class space:        1.00 GB reserved,       2.25 MB ( <1%) committed,  1 nodes.
             Both:        1.02 GB reserved,      16.12 MB (  2%) committed. 

Chunk freelists:
   Non-Class:  1.48 MB
       Class:  1.72 MB
        Both:  3.20 MB

MaxMetaspaceSize: unlimited
CompressedClassSpaceSize: 1.00 GB
Initial GC threshold: 21.00 MB
Current GC threshold: 21.00 MB
CDS: on
MetaspaceReclaimPolicy: balanced
 - commit_granule_bytes: 65536.
 - commit_granule_words: 8192.
 - virtual_space_node_default_size: 1048576.
 - enlarge_chunks_in_place: 1.
 - new_chunks_are_fully_committed: 0.
 - uncommit_free_chunks: 1.
 - use_allocation_guard: 0.
 - handle_deallocations: 1.


Internal statistics:

num_allocs_failed_limit: 0.
num_arena_births: 194.
num_arena_deaths: 0.
num_vsnodes_births: 3.
num_vsnodes_deaths: 0.
num_space_committed: 258.
num_space_uncommitted: 0.
num_chunks_returned_to_freelist: 0.
num_chunks_taken_from_freelist: 695.
num_chunk_merges: 0.
num_chunk_splits: 492.
num_chunks_enlarged: 384.
num_purges: 0.
num_inconsistent_stats: 0.

CodeHeap 'non-profiled nmethods': size=120000Kb used=757Kb max_used=757Kb free=119242Kb
 bounds [0x000001bc4d6b0000, 0x000001bc4d920000, 0x000001bc54be0000]
CodeHeap 'profiled nmethods': size=120000Kb used=4407Kb max_used=4407Kb free=115592Kb
 bounds [0x000001bc46180000, 0x000001bc465d0000, 0x000001bc4d6b0000]
CodeHeap 'non-nmethods': size=5760Kb used=1393Kb max_used=1403Kb free=4366Kb
 bounds [0x000001bc45be0000, 0x000001bc45e50000, 0x000001bc46180000]
 total_blobs=2949 nmethods=2215 adapters=646
 compilation: enabled
              stopped_count=0, restarted_count=0
 full_count=0

Compilation events (20 events):
Event: 3.945 Thread 0x000001bc5cb1a500 2163       3       java.lang.invoke.MethodHandle::intrinsicName (4 bytes)
Event: 3.945 Thread 0x000001bc5cb1a500 nmethod 2163 0x000001bc4659d210 code [0x000001bc4659d3a0, 0x000001bc4659d4b8]
Event: 3.945 Thread 0x000001bc5cb1a500 2164       3       java.lang.Class::getComponentType (14 bytes)
Event: 3.946 Thread 0x000001bc5cb1a500 nmethod 2164 0x000001bc4659d590 code [0x000001bc4659d740, 0x000001bc4659d908]
Event: 3.946 Thread 0x000001bc5cb1a500 2166       3       java.lang.invoke.LambdaForm::useCount (61 bytes)
Event: 3.947 Thread 0x000001bc5cb1a500 nmethod 2166 0x000001bc4659d990 code [0x000001bc4659db60, 0x000001bc4659dec8]
Event: 3.947 Thread 0x000001bc5cb1a500 2167       3       java.lang.invoke.MethodHandleNatives::refKindIsGetter (32 bytes)
Event: 3.947 Thread 0x000001bc5cb1a500 nmethod 2167 0x000001bc4659e090 code [0x000001bc4659e220, 0x000001bc4659e378]
Event: 3.954 Thread 0x000001bc5cb1a500 2170       3       java.nio.charset.CoderResult::isUnderflow (13 bytes)
Event: 3.954 Thread 0x000001bc5cb1a500 nmethod 2170 0x000001bc4659e410 code [0x000001bc4659e5a0, 0x000001bc4659e718]
Event: 3.954 Thread 0x000001bc5cb1a500 2171       3       java.lang.Character::isSurrogate (18 bytes)
Event: 3.954 Thread 0x000001bc5cb1a500 nmethod 2171 0x000001bc4659e790 code [0x000001bc4659e920, 0x000001bc4659eab8]
Event: 3.954 Thread 0x000001bc5cb1a500 2172       3       com.sun.javafx.font.FontFileReader$Buffer::getShort (52 bytes)
Event: 3.955 Thread 0x000001bc5cb1a500 nmethod 2172 0x000001bc4659eb90 code [0x000001bc4659ed20, 0x000001bc4659eeb8]
Event: 3.966 Thread 0x000001bc5cb1a500 2173       3       javafx.beans.property.ObjectPropertyBase::fireValueChangedEvent (8 bytes)
Event: 3.967 Thread 0x000001bc5cb1a500 nmethod 2173 0x000001bc4659ef90 code [0x000001bc4659f140, 0x000001bc4659f3a8]
Event: 3.970 Thread 0x000001bc5cb1a500 2174       3       javafx.scene.Parent::requestParentLayout (32 bytes)
Event: 3.971 Thread 0x000001bc5cb1a500 nmethod 2174 0x000001bc4659f490 code [0x000001bc4659f680, 0x000001bc4659fd18]
Event: 3.974 Thread 0x000001bc5cb1a500 2175       3       java.lang.invoke.DirectMethodHandle$Constructor::<init> (44 bytes)
Event: 3.975 Thread 0x000001bc5cb1a500 nmethod 2175 0x000001bc4659fe90 code [0x000001bc465a0040, 0x000001bc465a0268]

GC Heap History (4 events):
Event: 1.719 GC heap before
{Heap before GC invocations=0 (full 0):
 garbage-first heap   total 129024K, used 22528K [0x0000000083600000, 0x0000000100000000)
  region size 1024K, 23 young (23552K), 0 survivors (0K)
 Metaspace       used 4340K, committed 4544K, reserved 1056768K
  class space    used 501K, committed 576K, reserved 1048576K
}
Event: 1.728 GC heap after
{Heap after GC invocations=1 (full 0):
 garbage-first heap   total 129024K, used 3854K [0x0000000083600000, 0x0000000100000000)
  region size 1024K, 3 young (3072K), 3 survivors (3072K)
 Metaspace       used 4340K, committed 4544K, reserved 1056768K
  class space    used 501K, committed 576K, reserved 1048576K
}
Event: 3.285 GC heap before
{Heap before GC invocations=1 (full 0):
 garbage-first heap   total 129024K, used 33550K [0x0000000083600000, 0x0000000100000000)
  region size 1024K, 33 young (33792K), 3 survivors (3072K)
 Metaspace       used 11945K, committed 12224K, reserved 1064960K
  class space    used 1534K, committed 1664K, reserved 1048576K
}
Event: 3.296 GC heap after
{Heap after GC invocations=2 (full 0):
 garbage-first heap   total 129024K, used 8244K [0x0000000083600000, 0x0000000100000000)
  region size 1024K, 5 young (5120K), 5 survivors (5120K)
 Metaspace       used 11945K, committed 12224K, reserved 1064960K
  class space    used 1534K, committed 1664K, reserved 1048576K
}

Deoptimization events (20 events):
Event: 3.904 Thread 0x000001bc5dd81680 Uncommon trap: trap_request=0xffffffde fr.pc=0x000001bc4d6cdd24 relative=0x00000000000001a4
Event: 3.904 Thread 0x000001bc5dd81680 Uncommon trap: reason=class_check action=maybe_recompile pc=0x000001bc4d6cdd24 method=java.lang.String.equals(Ljava/lang/Object;)Z @ 8 c2
Event: 3.904 Thread 0x000001bc5dd81680 DEOPT PACKING pc=0x000001bc4d6cdd24 sp=0x00000021675fd590
Event: 3.904 Thread 0x000001bc5dd81680 DEOPT UNPACKING pc=0x000001bc45c35c23 sp=0x00000021675fd538 mode 2
Event: 3.904 Thread 0x000001bc5dd81680 Uncommon trap: trap_request=0xffffffde fr.pc=0x000001bc4d6cdd24 relative=0x00000000000001a4
Event: 3.904 Thread 0x000001bc5dd81680 Uncommon trap: reason=class_check action=maybe_recompile pc=0x000001bc4d6cdd24 method=java.lang.String.equals(Ljava/lang/Object;)Z @ 8 c2
Event: 3.904 Thread 0x000001bc5dd81680 DEOPT PACKING pc=0x000001bc4d6cdd24 sp=0x00000021675fd4a0
Event: 3.904 Thread 0x000001bc5dd81680 DEOPT UNPACKING pc=0x000001bc45c35c23 sp=0x00000021675fd448 mode 2
Event: 3.904 Thread 0x000001bc5dd81680 Uncommon trap: trap_request=0xffffffde fr.pc=0x000001bc4d6cdd24 relative=0x00000000000001a4
Event: 3.904 Thread 0x000001bc5dd81680 Uncommon trap: reason=class_check action=maybe_recompile pc=0x000001bc4d6cdd24 method=java.lang.String.equals(Ljava/lang/Object;)Z @ 8 c2
Event: 3.904 Thread 0x000001bc5dd81680 DEOPT PACKING pc=0x000001bc4d6cdd24 sp=0x00000021675fd4a0
Event: 3.904 Thread 0x000001bc5dd81680 DEOPT UNPACKING pc=0x000001bc45c35c23 sp=0x00000021675fd448 mode 2
Event: 3.906 Thread 0x000001bc5dd81680 Uncommon trap: trap_request=0xffffffde fr.pc=0x000001bc4d6cdd24 relative=0x00000000000001a4
Event: 3.906 Thread 0x000001bc5dd81680 Uncommon trap: reason=class_check action=maybe_recompile pc=0x000001bc4d6cdd24 method=java.lang.String.equals(Ljava/lang/Object;)Z @ 8 c2
Event: 3.906 Thread 0x000001bc5dd81680 DEOPT PACKING pc=0x000001bc4d6cdd24 sp=0x00000021675fd3e0
Event: 3.906 Thread 0x000001bc5dd81680 DEOPT UNPACKING pc=0x000001bc45c35c23 sp=0x00000021675fd388 mode 2
Event: 3.966 Thread 0x000001bc5dd81680 Uncommon trap: trap_request=0xfffffff4 fr.pc=0x000001bc4d767dac relative=0x00000000000000ac
Event: 3.966 Thread 0x000001bc5dd81680 Uncommon trap: reason=null_check action=make_not_entrant pc=0x000001bc4d767dac method=javafx.scene.Node.getParent()Ljavafx/scene/Parent; @ 18 c2
Event: 3.966 Thread 0x000001bc5dd81680 DEOPT PACKING pc=0x000001bc4d767dac sp=0x00000021675fcfb0
Event: 3.966 Thread 0x000001bc5dd81680 DEOPT UNPACKING pc=0x000001bc45c35c23 sp=0x00000021675fcf50 mode 2

Classes unloaded (0 events):
No events

Classes redefined (0 events):
No events

Internal exceptions (20 events):
Event: 2.271 Thread 0x000001bc5dd81680 Exception <a 'java/lang/ClassNotFoundException'{0x000000008ac35128}: com/sun/glass/ui/win/themes_ii_Yiii> (0x000000008ac35128) 
thrown [t:\workspace\open\src\hotspot\share\prims\jni.cpp, line 535]
Event: 2.271 Thread 0x000001bc5dd81680 Exception <a 'java/lang/ClassNotFoundException'{0x000000008ac36550}: com/sun/glass/ui/win/themes_ii_Yiii_CN> (0x000000008ac36550) 
thrown [t:\workspace\open\src\hotspot\share\prims\jni.cpp, line 535]
Event: 2.272 Thread 0x000001bc5dd81680 Exception <a 'java/lang/ClassNotFoundException'{0x000000008ac37ea8}: com/sun/glass/ui/win/themes_mas_TZ> (0x000000008ac37ea8) 
thrown [t:\workspace\open\src\hotspot\share\prims\jni.cpp, line 535]
Event: 2.272 Thread 0x000001bc5dd81680 Exception <a 'java/lang/ClassNotFoundException'{0x000000008ac39768}: com/sun/glass/ui/win/themes_ms_BN> (0x000000008ac39768) 
thrown [t:\workspace\open\src\hotspot\share\prims\jni.cpp, line 535]
Event: 2.272 Thread 0x000001bc5dd81680 Exception <a 'java/lang/ClassNotFoundException'{0x000000008ac3ae18}: com/sun/glass/ui/win/themes_ccp_IN> (0x000000008ac3ae18) 
thrown [t:\workspace\open\src\hotspot\share\prims\jni.cpp, line 535]
Event: 2.397 Thread 0x000001bc5dd81680 Exception <a 'java/lang/NoSuchMethodError'{0x000000008a9a3f30}: 'java.lang.Object java.lang.invoke.DirectMethodHandle$Holder.invokeStaticInit(java.lang.Object, java.lang.Object, java.lang.Object, java.lang.Object)'> (0x000000008a9a3f30) 
thrown [t:\workspace\open\src\hotspot\share\interpreter\linkResolver.cpp, line 766]
Event: 2.400 Thread 0x000001bc5dd81680 Exception <a 'java/lang/NullPointerException'{0x000000008a9afbf8}> (0x000000008a9afbf8) 
thrown [t:\workspace\open\src\hotspot\share\interpreter\linkResolver.cpp, line 1357]
Event: 2.728 Thread 0x000001bc5dd81680 Exception <a 'java/lang/NoSuchMethodError'{0x0000000089f27f08}: 'void java.lang.invoke.DirectMethodHandle$Holder.invokeStaticInit(java.lang.Object, java.lang.Object)'> (0x0000000089f27f08) 
thrown [t:\workspace\open\src\hotspot\share\interpreter\linkResolver.cpp, line 766]
Event: 2.735 Thread 0x000001bc5dd81680 Exception <a 'java/lang/NoSuchMethodError'{0x0000000089f5d2d8}: 'void java.lang.invoke.DirectMethodHandle$Holder.invokeSpecial(java.lang.Object, java.lang.Object, java.lang.Object, java.lang.Object, java.lang.Object)'> (0x0000000089f5d2d8) 
thrown [t:\workspace\open\src\hotspot\share\interpreter\linkResolver.cpp, line 766]
Event: 3.047 Thread 0x000001bc5dd81680 Exception <a 'java/lang/NoSuchMethodError'{0x00000000897984c0}: 'java.lang.Object java.lang.invoke.DirectMethodHandle$Holder.invokeInterface(java.lang.Object, java.lang.Object)'> (0x00000000897984c0) 
thrown [t:\workspace\open\src\hotspot\share\interpreter\linkResolver.cpp, line 766]
Event: 3.083 Thread 0x000001bc5dd81680 Exception <a 'java/lang/NoSuchMethodError'{0x000000008961c6f8}: 'java.lang.Object java.lang.invoke.DirectMethodHandle$Holder.invokeVirtual(java.lang.Object, java.lang.Object, java.lang.Object)'> (0x000000008961c6f8) 
thrown [t:\workspace\open\src\hotspot\share\interpreter\linkResolver.cpp, line 766]
Event: 3.567 Thread 0x000001bc5dd81680 Exception <a 'java/lang/NoSuchMethodError'{0x000000008afe5888}: 'void java.lang.invoke.DirectMethodHandle$Holder.invokeInterface(java.lang.Object, java.lang.Object)'> (0x000000008afe5888) 
thrown [t:\workspace\open\src\hotspot\share\interpreter\linkResolver.cpp, line 766]
Event: 3.625 Thread 0x000001bc5dd81680 Implicit null exception at 0x000001bc4d7186d8 to 0x000001bc4d71876e
Event: 3.635 Thread 0x000001bc5dd81680 Implicit null exception at 0x000001bc4d72c30e to 0x000001bc4d72c6dc
Event: 3.656 Thread 0x000001bc5dd81680 Exception <a 'java/io/FileNotFoundException'{0x000000008acb2b88}> (0x000000008acb2b88) 
thrown [t:\workspace\open\src\hotspot\share\prims\jni.cpp, line 516]
Event: 3.741 Thread 0x000001bc5dd81680 Implicit null exception at 0x000001bc4d72ba0e to 0x000001bc4d72bdc0
Event: 3.741 Thread 0x000001bc5dd81680 Implicit null exception at 0x000001bc4d71ee8f to 0x000001bc4d71ef09
Event: 3.966 Thread 0x000001bc5dd81680 Implicit null exception at 0x000001bc4d767d4a to 0x000001bc4d767da0
Event: 3.976 Thread 0x000001bc5dd81680 Exception <a 'java/lang/NoSuchMethodError'{0x000000008a5363f0}: 'java.lang.Object java.lang.invoke.DirectMethodHandle$Holder.invokeInterface(java.lang.Object, java.lang.Object, java.lang.Object)'> (0x000000008a5363f0) 
thrown [t:\workspace\open\src\hotspot\share\interpreter\linkResolver.cpp, line 766]
Event: 3.976 Thread 0x000001bc5dd81680 Exception <a 'java/lang/IncompatibleClassChangeError'{0x000000008a539ab8}: Found class java.lang.Object, but interface was expected> (0x000000008a539ab8) 
thrown [t:\workspace\open\src\hotspot\share\interpreter\linkResolver.cpp, line 833]

VM Operations (20 events):
Event: 2.991 Executing VM operation: HandshakeAllThreads
Event: 2.991 Executing VM operation: HandshakeAllThreads done
Event: 2.999 Executing VM operation: HandshakeAllThreads
Event: 2.999 Executing VM operation: HandshakeAllThreads done
Event: 3.016 Executing VM operation: HandshakeAllThreads
Event: 3.016 Executing VM operation: HandshakeAllThreads done
Event: 3.016 Executing VM operation: HandshakeAllThreads
Event: 3.016 Executing VM operation: HandshakeAllThreads done
Event: 3.075 Executing VM operation: HandshakeAllThreads
Event: 3.075 Executing VM operation: HandshakeAllThreads done
Event: 3.217 Executing VM operation: HandshakeAllThreads
Event: 3.217 Executing VM operation: HandshakeAllThreads done
Event: 3.284 Executing VM operation: G1CollectForAllocation
Event: 3.296 Executing VM operation: G1CollectForAllocation done
Event: 3.414 Executing VM operation: HandshakeAllThreads
Event: 3.414 Executing VM operation: HandshakeAllThreads done
Event: 3.519 Executing VM operation: HandshakeAllThreads
Event: 3.519 Executing VM operation: HandshakeAllThreads done
Event: 3.590 Executing VM operation: HandshakeAllThreads
Event: 3.590 Executing VM operation: HandshakeAllThreads done

Events (20 events):
Event: 3.730 loading class java/lang/constant/DirectMethodHandleDesc$1 done
Event: 3.730 loading class java/lang/constant/PrimitiveClassDescImpl
Event: 3.730 loading class java/lang/constant/DynamicConstantDesc
Event: 3.730 loading class java/lang/constant/DynamicConstantDesc done
Event: 3.730 loading class java/lang/constant/PrimitiveClassDescImpl done
Event: 3.731 loading class java/lang/constant/DynamicConstantDesc$AnonymousDynamicConstantDesc
Event: 3.731 loading class java/lang/constant/DynamicConstantDesc$AnonymousDynamicConstantDesc done
Event: 3.732 loading class sun/security/provider/ByteArrayAccess
Event: 3.732 loading class sun/security/provider/ByteArrayAccess done
Event: 3.775 loading class java/util/ResourceBundle$3
Event: 3.775 loading class java/util/ResourceBundle$3 done
Event: 3.834 loading class java/lang/StrictMath
Event: 3.834 loading class java/lang/StrictMath done
Event: 3.885 loading class jdk/jfr/FlightRecorder
Event: 3.885 loading class jdk/jfr/FlightRecorder done
Event: 3.953 loading class sun/nio/cs/UTF_16BE$Decoder
Event: 3.953 loading class sun/nio/cs/UnicodeDecoder
Event: 3.953 loading class sun/nio/cs/UnicodeDecoder done
Event: 3.953 loading class sun/nio/cs/UTF_16BE$Decoder done
Event: 3.966 Thread 0x000001bc62d52ff0 Thread added: 0x000001bc62d52ff0


Dynamic libraries:
0x00007ff692110000 - 0x00007ff692120000 	C:\Program Files\Java\jdk-17\bin\javaw.exe
0x00007ffa98530000 - 0x00007ffa98746000 	C:\WINDOWS\SYSTEM32\ntdll.dll
0x00007ffa970c0000 - 0x00007ffa97184000 	C:\WINDOWS\System32\KERNEL32.DLL
0x00007ffa958e0000 - 0x00007ffa95c86000 	C:\WINDOWS\System32\KERNELBASE.dll
0x00007ffa95fc0000 - 0x00007ffa960d1000 	C:\WINDOWS\System32\ucrtbase.dll
0x00007ffa77ec0000 - 0x00007ffa77ed8000 	C:\Program Files\Java\jdk-17\bin\jli.dll
0x00007ffa6fd70000 - 0x00007ffa6fd8a000 	C:\Program Files\Java\jdk-17\bin\VCRUNTIME140.dll
0x00007ffa97360000 - 0x00007ffa97412000 	C:\WINDOWS\System32\ADVAPI32.dll
0x00007ffa967a0000 - 0x00007ffa96847000 	C:\WINDOWS\System32\msvcrt.dll
0x00007ffa97780000 - 0x00007ffa97828000 	C:\WINDOWS\System32\sechost.dll
0x00007ffa95f90000 - 0x00007ffa95fb8000 	C:\WINDOWS\System32\bcrypt.dll
0x00007ffa97240000 - 0x00007ffa97355000 	C:\WINDOWS\System32\RPCRT4.dll
0x00007ffa97420000 - 0x00007ffa975cd000 	C:\WINDOWS\System32\USER32.dll
0x00007ffa960e0000 - 0x00007ffa96106000 	C:\WINDOWS\System32\win32u.dll
0x00007ffa976d0000 - 0x00007ffa976f9000 	C:\WINDOWS\System32\GDI32.dll
0x00007ffa95e70000 - 0x00007ffa95f88000 	C:\WINDOWS\System32\gdi32full.dll
0x00007ffa79710000 - 0x00007ffa799a3000 	C:\WINDOWS\WinSxS\amd64_microsoft.windows.common-controls_6595b64144ccf1df_6.0.22621.3235_none_270f74e173860f98\COMCTL32.dll
0x00007ffa95dd0000 - 0x00007ffa95e6a000 	C:\WINDOWS\System32\msvcp_win.dll
0x00007ffa8a7f0000 - 0x00007ffa8a7fa000 	C:\WINDOWS\SYSTEM32\VERSION.dll
0x00007ffa979f0000 - 0x00007ffa97a21000 	C:\WINDOWS\System32\IMM32.DLL
0x00007ffa7c350000 - 0x00007ffa7c35c000 	C:\Program Files\Java\jdk-17\bin\vcruntime140_1.dll
0x00007ffa6c830000 - 0x00007ffa6c8bd000 	C:\Program Files\Java\jdk-17\bin\msvcp140.dll
0x00007ffa19240000 - 0x00007ffa19dfe000 	C:\Program Files\Java\jdk-17\bin\server\jvm.dll
0x00007ffa96670000 - 0x00007ffa96678000 	C:\WINDOWS\System32\PSAPI.DLL
0x00007ffa697a0000 - 0x00007ffa697a9000 	C:\WINDOWS\SYSTEM32\WSOCK32.dll
0x00007ffa8df80000 - 0x00007ffa8dfb4000 	C:\WINDOWS\SYSTEM32\WINMM.dll
0x00007ffa97700000 - 0x00007ffa97771000 	C:\WINDOWS\System32\WS2_32.dll
0x00007ffa948b0000 - 0x00007ffa948c8000 	C:\WINDOWS\SYSTEM32\kernel.appcore.dll
0x00007ffa90a20000 - 0x00007ffa90a2a000 	C:\Program Files\Java\jdk-17\bin\jimage.dll
0x00007ffa93200000 - 0x00007ffa93433000 	C:\WINDOWS\SYSTEM32\DBGHELP.DLL
0x00007ffa962e0000 - 0x00007ffa96668000 	C:\WINDOWS\System32\combase.dll
0x00007ffa975d0000 - 0x00007ffa976a7000 	C:\WINDOWS\System32\OLEAUT32.dll
0x00007ffa6bd30000 - 0x00007ffa6bd62000 	C:\WINDOWS\SYSTEM32\dbgcore.DLL
0x00007ffa95c90000 - 0x00007ffa95d0a000 	C:\WINDOWS\System32\bcryptPrimitives.dll
0x00007ffa783a0000 - 0x00007ffa783c5000 	C:\Program Files\Java\jdk-17\bin\java.dll
0x00007ffa6fd90000 - 0x00007ffa6fe66000 	C:\Program Files\Java\jdk-17\bin\svml.dll
0x00007ffa97a30000 - 0x00007ffa9828d000 	C:\WINDOWS\System32\SHELL32.dll
0x00007ffa937d0000 - 0x00007ffa940c8000 	C:\WINDOWS\SYSTEM32\windows.storage.dll
0x00007ffa93690000 - 0x00007ffa937ce000 	C:\WINDOWS\SYSTEM32\wintypes.dll
0x00007ffa98290000 - 0x00007ffa98383000 	C:\WINDOWS\System32\SHCORE.dll
0x00007ffa96ff0000 - 0x00007ffa9704e000 	C:\WINDOWS\System32\shlwapi.dll
0x00007ffa957a0000 - 0x00007ffa957c6000 	C:\WINDOWS\SYSTEM32\profapi.dll
0x00007ffa901a0000 - 0x00007ffa901b9000 	C:\Program Files\Java\jdk-17\bin\net.dll
0x00007ffa8e1b0000 - 0x00007ffa8e2e7000 	C:\WINDOWS\SYSTEM32\WINHTTP.dll
0x00007ffa94d90000 - 0x00007ffa94df9000 	C:\WINDOWS\system32\mswsock.dll
0x00007ffa8e850000 - 0x00007ffa8e865000 	C:\Program Files\Java\jdk-17\bin\nio.dll
0x00007ffa7ec00000 - 0x00007ffa7ec18000 	C:\Program Files\Java\jdk-17\bin\zip.dll
0x000001bc5cbb0000 - 0x000001bc5cbb3000 	C:\Users\yosry\Downloads\openjfx-22_windows-x64_bin-sdk\javafx-sdk-22\bin\api-ms-win-core-console-l1-1-0.dll
0x000001bc5cbc0000 - 0x000001bc5cbc3000 	C:\Users\yosry\Downloads\openjfx-22_windows-x64_bin-sdk\javafx-sdk-22\bin\api-ms-win-core-console-l1-2-0.dll
0x000001bc5cbd0000 - 0x000001bc5cbd3000 	C:\Users\yosry\Downloads\openjfx-22_windows-x64_bin-sdk\javafx-sdk-22\bin\api-ms-win-core-datetime-l1-1-0.dll
0x000001bc5cbe0000 - 0x000001bc5cbe3000 	C:\Users\yosry\Downloads\openjfx-22_windows-x64_bin-sdk\javafx-sdk-22\bin\api-ms-win-core-debug-l1-1-0.dll
0x000001bc5cbf0000 - 0x000001bc5cbf3000 	C:\Users\yosry\Downloads\openjfx-22_windows-x64_bin-sdk\javafx-sdk-22\bin\api-ms-win-core-errorhandling-l1-1-0.dll
0x000001bc5d930000 - 0x000001bc5d934000 	C:\Users\yosry\Downloads\openjfx-22_windows-x64_bin-sdk\javafx-sdk-22\bin\api-ms-win-core-file-l1-1-0.dll
0x000001bc5d940000 - 0x000001bc5d943000 	C:\Users\yosry\Downloads\openjfx-22_windows-x64_bin-sdk\javafx-sdk-22\bin\api-ms-win-core-file-l1-2-0.dll
0x000001bc5d950000 - 0x000001bc5d953000 	C:\Users\yosry\Downloads\openjfx-22_windows-x64_bin-sdk\javafx-sdk-22\bin\api-ms-win-core-file-l2-1-0.dll
0x000001bc5d960000 - 0x000001bc5d963000 	C:\Users\yosry\Downloads\openjfx-22_windows-x64_bin-sdk\javafx-sdk-22\bin\api-ms-win-core-handle-l1-1-0.dll
0x000001bc5d970000 - 0x000001bc5d973000 	C:\Users\yosry\Downloads\openjfx-22_windows-x64_bin-sdk\javafx-sdk-22\bin\api-ms-win-core-heap-l1-1-0.dll
0x000001bc5d980000 - 0x000001bc5d983000 	C:\Users\yosry\Downloads\openjfx-22_windows-x64_bin-sdk\javafx-sdk-22\bin\api-ms-win-core-interlocked-l1-1-0.dll
0x000001bc5d990000 - 0x000001bc5d993000 	C:\Users\yosry\Downloads\openjfx-22_windows-x64_bin-sdk\javafx-sdk-22\bin\api-ms-win-core-libraryloader-l1-1-0.dll
0x000001bc5d9a0000 - 0x000001bc5d9a3000 	C:\Users\yosry\Downloads\openjfx-22_windows-x64_bin-sdk\javafx-sdk-22\bin\api-ms-win-core-localization-l1-2-0.dll
0x000001bc5d9b0000 - 0x000001bc5d9b3000 	C:\Users\yosry\Downloads\openjfx-22_windows-x64_bin-sdk\javafx-sdk-22\bin\api-ms-win-core-memory-l1-1-0.dll
0x000001bc5d9c0000 - 0x000001bc5d9c3000 	C:\Users\yosry\Downloads\openjfx-22_windows-x64_bin-sdk\javafx-sdk-22\bin\api-ms-win-core-namedpipe-l1-1-0.dll
0x000001bc5d9d0000 - 0x000001bc5d9d3000 	C:\Users\yosry\Downloads\openjfx-22_windows-x64_bin-sdk\javafx-sdk-22\bin\api-ms-win-core-processenvironment-l1-1-0.dll
0x000001bc5d9e0000 - 0x000001bc5d9e3000 	C:\Users\yosry\Downloads\openjfx-22_windows-x64_bin-sdk\javafx-sdk-22\bin\api-ms-win-core-processthreads-l1-1-0.dll
0x000001bc5d9f0000 - 0x000001bc5d9f3000 	C:\Users\yosry\Downloads\openjfx-22_windows-x64_bin-sdk\javafx-sdk-22\bin\api-ms-win-core-processthreads-l1-1-1.dll
0x000001bc5da00000 - 0x000001bc5da03000 	C:\Users\yosry\Downloads\openjfx-22_windows-x64_bin-sdk\javafx-sdk-22\bin\api-ms-win-core-profile-l1-1-0.dll
0x000001bc5da10000 - 0x000001bc5da13000 	C:\Users\yosry\Downloads\openjfx-22_windows-x64_bin-sdk\javafx-sdk-22\bin\api-ms-win-core-rtlsupport-l1-1-0.dll
0x000001bc5da20000 - 0x000001bc5da23000 	C:\Users\yosry\Downloads\openjfx-22_windows-x64_bin-sdk\javafx-sdk-22\bin\api-ms-win-core-string-l1-1-0.dll
0x000001bc5da30000 - 0x000001bc5da33000 	C:\Users\yosry\Downloads\openjfx-22_windows-x64_bin-sdk\javafx-sdk-22\bin\api-ms-win-core-synch-l1-1-0.dll
0x000001bc5da40000 - 0x000001bc5da43000 	C:\Users\yosry\Downloads\openjfx-22_windows-x64_bin-sdk\javafx-sdk-22\bin\api-ms-win-core-synch-l1-2-0.dll
0x000001bc5da50000 - 0x000001bc5da53000 	C:\Users\yosry\Downloads\openjfx-22_windows-x64_bin-sdk\javafx-sdk-22\bin\api-ms-win-core-sysinfo-l1-1-0.dll
0x000001bc5da60000 - 0x000001bc5da63000 	C:\Users\yosry\Downloads\openjfx-22_windows-x64_bin-sdk\javafx-sdk-22\bin\api-ms-win-core-timezone-l1-1-0.dll
0x000001bc5da70000 - 0x000001bc5da73000 	C:\Users\yosry\Downloads\openjfx-22_windows-x64_bin-sdk\javafx-sdk-22\bin\api-ms-win-core-util-l1-1-0.dll
0x000001bc5da80000 - 0x000001bc5da83000 	C:\Users\yosry\Downloads\openjfx-22_windows-x64_bin-sdk\javafx-sdk-22\bin\api-ms-win-crt-conio-l1-1-0.dll
0x000001bc5da90000 - 0x000001bc5da94000 	C:\Users\yosry\Downloads\openjfx-22_windows-x64_bin-sdk\javafx-sdk-22\bin\api-ms-win-crt-convert-l1-1-0.dll
0x000001bc5daa0000 - 0x000001bc5daa3000 	C:\Users\yosry\Downloads\openjfx-22_windows-x64_bin-sdk\javafx-sdk-22\bin\api-ms-win-crt-environment-l1-1-0.dll
0x000001bc5dab0000 - 0x000001bc5dab3000 	C:\Users\yosry\Downloads\openjfx-22_windows-x64_bin-sdk\javafx-sdk-22\bin\api-ms-win-crt-filesystem-l1-1-0.dll
0x000001bc5dac0000 - 0x000001bc5dac3000 	C:\Users\yosry\Downloads\openjfx-22_windows-x64_bin-sdk\javafx-sdk-22\bin\api-ms-win-crt-heap-l1-1-0.dll
0x000001bc5dad0000 - 0x000001bc5dad3000 	C:\Users\yosry\Downloads\openjfx-22_windows-x64_bin-sdk\javafx-sdk-22\bin\api-ms-win-crt-locale-l1-1-0.dll
0x000001bc5dae0000 - 0x000001bc5dae5000 	C:\Users\yosry\Downloads\openjfx-22_windows-x64_bin-sdk\javafx-sdk-22\bin\api-ms-win-crt-math-l1-1-0.dll
0x000001bc5daf0000 - 0x000001bc5daf5000 	C:\Users\yosry\Downloads\openjfx-22_windows-x64_bin-sdk\javafx-sdk-22\bin\api-ms-win-crt-multibyte-l1-1-0.dll
0x000001bc5db00000 - 0x000001bc5db10000 	C:\Users\yosry\Downloads\openjfx-22_windows-x64_bin-sdk\javafx-sdk-22\bin\api-ms-win-crt-private-l1-1-0.dll
0x000001bc5db10000 - 0x000001bc5db13000 	C:\Users\yosry\Downloads\openjfx-22_windows-x64_bin-sdk\javafx-sdk-22\bin\api-ms-win-crt-process-l1-1-0.dll
0x000001bc5db20000 - 0x000001bc5db24000 	C:\Users\yosry\Downloads\openjfx-22_windows-x64_bin-sdk\javafx-sdk-22\bin\api-ms-win-crt-runtime-l1-1-0.dll
0x000001bc5db30000 - 0x000001bc5db34000 	C:\Users\yosry\Downloads\openjfx-22_windows-x64_bin-sdk\javafx-sdk-22\bin\api-ms-win-crt-stdio-l1-1-0.dll
0x000001bc5db40000 - 0x000001bc5db44000 	C:\Users\yosry\Downloads\openjfx-22_windows-x64_bin-sdk\javafx-sdk-22\bin\api-ms-win-crt-string-l1-1-0.dll
0x000001bc5db50000 - 0x000001bc5db53000 	C:\Users\yosry\Downloads\openjfx-22_windows-x64_bin-sdk\javafx-sdk-22\bin\api-ms-win-crt-time-l1-1-0.dll
0x000001bc5db60000 - 0x000001bc5db63000 	C:\Users\yosry\Downloads\openjfx-22_windows-x64_bin-sdk\javafx-sdk-22\bin\api-ms-win-crt-utility-l1-1-0.dll
0x00007ffa1a170000 - 0x00007ffa1a26c000 	C:\Users\yosry\Downloads\openjfx-22_windows-x64_bin-sdk\javafx-sdk-22\bin\ucrtbase.dll
0x00007ffa6c810000 - 0x00007ffa6c82b000 	C:\Users\yosry\Downloads\openjfx-22_windows-x64_bin-sdk\javafx-sdk-22\bin\vcruntime140.dll
0x00007ffa78690000 - 0x00007ffa7869c000 	C:\Users\yosry\Downloads\openjfx-22_windows-x64_bin-sdk\javafx-sdk-22\bin\vcruntime140_1.dll
0x00007ffa58750000 - 0x00007ffa587de000 	C:\Users\yosry\Downloads\openjfx-22_windows-x64_bin-sdk\javafx-sdk-22\bin\msvcp140.dll
0x00007ffa6fd30000 - 0x00007ffa6fd39000 	C:\Users\yosry\Downloads\openjfx-22_windows-x64_bin-sdk\javafx-sdk-22\bin\msvcp140_1.dll
0x00007ffa56480000 - 0x00007ffa564c1000 	C:\Users\yosry\Downloads\openjfx-22_windows-x64_bin-sdk\javafx-sdk-22\bin\msvcp140_2.dll
0x00007ffa6a0e0000 - 0x00007ffa6a110000 	C:\Users\yosry\Downloads\openjfx-22_windows-x64_bin-sdk\javafx-sdk-22\bin\prism_d3d.dll
0x00007ffa153c0000 - 0x00007ffa15569000 	C:\WINDOWS\system32\d3d9.dll
0x00007ffa92c60000 - 0x00007ffa92c8b000 	C:\WINDOWS\SYSTEM32\dwmapi.dll
0x00007ffa92b10000 - 0x00007ffa92b49000 	C:\WINDOWS\SYSTEM32\dxcore.dll
0x00007ffa92a00000 - 0x00007ffa92aab000 	C:\WINDOWS\system32\uxtheme.dll
0x00007ffa15210000 - 0x00007ffa153bc000 	C:\WINDOWS\System32\DriverStore\FileRepository\iigd_dch.inf_amd64_9b53505f87f3498b\igdumdim64.dll
0x00007ffa96e50000 - 0x00007ffa96fef000 	C:\WINDOWS\System32\ole32.dll
0x00007ffa0e5a0000 - 0x00007ffa12e04000 	C:\WINDOWS\System32\DriverStore\FileRepository\iigd_dch.inf_amd64_9b53505f87f3498b\igd9dxva64.dll
0x00007ffa96850000 - 0x00007ffa96cc4000 	C:\WINDOWS\System32\SETUPAPI.dll
0x00007ffa95560000 - 0x00007ffa955ae000 	C:\WINDOWS\SYSTEM32\cfgmgr32.dll
0x00007ffa84ee0000 - 0x00007ffa852e9000 	C:\WINDOWS\System32\DriverStore\FileRepository\iigd_dch.inf_amd64_9b53505f87f3498b\igdgmm64.dll
0x00007ffa8e360000 - 0x00007ffa8e3aa000 	C:\WINDOWS\SYSTEM32\directxdatabasehelper.dll
0x00007ffa56430000 - 0x00007ffa56475000 	C:\Users\yosry\Downloads\openjfx-22_windows-x64_bin-sdk\javafx-sdk-22\bin\glass.dll
0x00007ffa96680000 - 0x00007ffa96779000 	C:\WINDOWS\System32\COMDLG32.dll
0x00007ffa98390000 - 0x00007ffa984e4000 	C:\WINDOWS\System32\MSCTF.dll
0x00007ffa7d000000 - 0x00007ffa7d027000 	C:\WINDOWS\System32\DriverStore\FileRepository\iigd_dch.inf_amd64_9b53505f87f3498b\igdinfo64.dll
0x00007ffa80800000 - 0x00007ffa84e84000 	C:\WINDOWS\System32\DriverStore\FileRepository\iigd_dch.inf_amd64_9b53505f87f3498b\igc64.dll
0x00007ffa97190000 - 0x00007ffa97240000 	C:\WINDOWS\System32\clbcatq.dll
0x00007ffa7d060000 - 0x00007ffa7d1d4000 	C:\Windows\System32\Windows.UI.dll
0x00007ffa7bba0000 - 0x00007ffa7bd15000 	C:\Windows\System32\Windows.UI.Immersive.dll
0x00007ffa58b90000 - 0x00007ffa58ba4000 	C:\Users\yosry\Downloads\openjfx-22_windows-x64_bin-sdk\javafx-sdk-22\bin\javafx_font.dll
0x00007ffa91000000 - 0x00007ffa91274000 	C:\WINDOWS\SYSTEM32\dwrite.dll
0x00007ffa943a0000 - 0x00007ffa94499000 	C:\WINDOWS\SYSTEM32\DNSAPI.dll
0x00007ffa94330000 - 0x00007ffa9435d000 	C:\WINDOWS\SYSTEM32\IPHLPAPI.DLL
0x00007ffa96d30000 - 0x00007ffa96d39000 	C:\WINDOWS\System32\NSI.dll
0x00007ffa87780000 - 0x00007ffa8778a000 	C:\Windows\System32\rasadhlp.dll
0x00007ffa89120000 - 0x00007ffa891a3000 	C:\WINDOWS\System32\fwpuclnt.dll
0x00007ffa90e50000 - 0x00007ffa91000000 	C:\WINDOWS\SYSTEM32\WindowsCodecs.dll
0x00007ffa64550000 - 0x00007ffa645ae000 	C:\WINDOWS\system32\dataexchange.dll
0x00007ffa8f290000 - 0x00007ffa8f51f000 	C:\WINDOWS\system32\twinapi.appcore.dll
0x00007ffa78650000 - 0x00007ffa78682000 	C:\Program Files\Common Files\Microsoft Shared\Ink\rtscom.dll

dbghelp: loaded successfully - version: 4.0.5 - missing functions: none
symbol engine: initialized successfully - sym options: 0x614 - pdb path: .;C:\Program Files\Java\jdk-17\bin;C:\WINDOWS\SYSTEM32;C:\WINDOWS\WinSxS\amd64_microsoft.windows.common-controls_6595b64144ccf1df_6.0.22621.3235_none_270f74e173860f98;C:\Program Files\Java\jdk-17\bin\server;C:\Users\yosry\Downloads\openjfx-22_windows-x64_bin-sdk\javafx-sdk-22\bin;C:\WINDOWS\System32\DriverStore\FileRepository\iigd_dch.inf_amd64_9b53505f87f3498b;C:\Program Files\Common Files\Microsoft Shared\Ink

VM Arguments:
jvm_args: --module-path=C:\Users\yosry\Downloads\openjfx-22_windows-x64_bin-sdk\javafx-sdk-22\lib --add-modules=javafx.controls,javafx.fxml -Dfile.encoding=UTF-8 -Dstdout.encoding=UTF-8 -Dstderr.encoding=UTF-8 --module-path=C:\Users\yosry\.p2\pool\plugins\org.eclipse.fx.ide.css.jfx8_3.8.0.202204150904.jar;C:\Users\yosry\Downloads\openjfx-22_windows-x64_bin-sdk\javafx-sdk-22\lib\javafx.base.jar;C:\Users\yosry\Downloads\openjfx-22_windows-x64_bin-sdk\javafx-sdk-22\lib\javafx.controls.jar;C:\Users\yosry\Downloads\openjfx-22_windows-x64_bin-sdk\javafx-sdk-22\lib\javafx.fxml.jar;C:\Users\yosry\Downloads\openjfx-22_windows-x64_bin-sdk\javafx-sdk-22\lib\javafx.graphics.jar;C:\Users\yosry\Downloads\openjfx-22_windows-x64_bin-sdk\javafx-sdk-22\lib\javafx.media.jar;C:\Users\yosry\Downloads\openjfx-22_windows-x64_bin-sdk\javafx-sdk-22\lib\javafx.swing.jar;C:\Users\yosry\Downloads\openjfx-22_windows-x64_bin-sdk\javafx-sdk-22\lib\javafx.web.jar;C:\Users\yosry\Downloads\openjfx-22_windows-x64_bin-sdk\javafx-sdk-22\lib\javafx-swt.jar -XX:+ShowCodeDetailsInExceptionMessages 
java_command: application.Main
java_class_path (initial): C:\Users\yosry\eclipse-workspace\IDE_2024\TuniCollab\bin;C:\Users\yosry\Downloads\mysql-connector-j-8.3.0\mysql-connector-j-8.3.0\mysql-connector-j-8.3.0.jar
Launcher Type: SUN_STANDARD

[Global flags]
     intx CICompilerCount                          = 4                                         {product} {ergonomic}
     uint ConcGCThreads                            = 2                                         {product} {ergonomic}
     uint G1ConcRefinementThreads                  = 8                                         {product} {ergonomic}
   size_t G1HeapRegionSize                         = 1048576                                   {product} {ergonomic}
    uintx GCDrainStackTargetSize                   = 64                                        {product} {ergonomic}
   size_t InitialHeapSize                          = 132120576                                 {product} {ergonomic}
   size_t MarkStackSize                            = 4194304                                   {product} {ergonomic}
   size_t MaxHeapSize                              = 2090860544                                {product} {ergonomic}
   size_t MaxNewSize                               = 1254096896                                {product} {ergonomic}
   size_t MinHeapDeltaBytes                        = 1048576                                   {product} {ergonomic}
   size_t MinHeapSize                              = 8388608                                   {product} {ergonomic}
    uintx NonNMethodCodeHeapSize                   = 5839372                                {pd product} {ergonomic}
    uintx NonProfiledCodeHeapSize                  = 122909434                              {pd product} {ergonomic}
    uintx ProfiledCodeHeapSize                     = 122909434                              {pd product} {ergonomic}
    uintx ReservedCodeCacheSize                    = 251658240                              {pd product} {ergonomic}
     bool SegmentedCodeCache                       = true                                      {product} {ergonomic}
     bool ShowCodeDetailsInExceptionMessages       = true                                   {manageable} {command line}
   size_t SoftMaxHeapSize                          = 2090860544                             {manageable} {ergonomic}
     bool UseCompressedClassPointers               = true                           {product lp64_product} {ergonomic}
     bool UseCompressedOops                        = true                           {product lp64_product} {ergonomic}
     bool UseG1GC                                  = true                                      {product} {ergonomic}
     bool UseLargePagesIndividualAllocation        = false                                  {pd product} {ergonomic}

Logging:
Log output configuration:
 #0: stdout all=warning uptime,level,tags
 #1: stderr all=off uptime,level,tags

Environment Variables:
JAVA_HOME=C:\Program Files\Java\jdk-17
PATH=C:/Program Files/Java/jdk-17/bin/server;C:/Program Files/Java/jdk-17/bin;C:\Python311\Scripts\;C:\Python311\;C:\Program Files\Java\jdk-11.0.16.1\bin;C:\oraclexe\app\oracle\product\11.2.0\server\bin;C:\Program Files\Common Files\Oracle\Java\javapath;C:\Program Files (x86)\Common Files\Oracle\Java\javapath;C:\windows\system32;C:\windows;C:\windows\System32\Wbem;C:\windows\System32\WindowsPowerShell\v1.0\;C:\windows\System32\OpenSSH\;C:\Program Files (x86)\NVIDIA Corporation\PhysX\Common;C:\Program Files\NVIDIA Corporation\NVIDIA NvDLISR;C:\Program Files\Git\cmd;C:\xampp\php;C:\ProgramData\ComposerSetup\bin;C:\Program Files\OpenSSL-Win64\bin;C:\WINDOWS\system32;C:\WINDOWS;C:\WINDOWS\System32\Wbem;C:\WINDOWS\System32\WindowsPowerShell\v1.0\;C:\WINDOWS\System32\OpenSSH\;C:\ProgramData\chocolatey\bin;C:\Users\yosry\AppData\Roaming\nvm;C:\Program Files\nodejs;C:\Program Files (x86)\GnuWin32\bin;C:\Program Files (x86)\CodeBlocks\MinGW\bin;C:\Users\yosry\scoop\shims;C:\Program Files\Java\jdk-17;C:\Program Files\MySQL\MySQL Shell 8.0\bin\;C:\Users\yosry\AppData\Local\Microsoft\WindowsApps;C:\Users\yosry\AppData\Local\Programs\Microsoft VS Code\bin;C:\src\flutter\bin;C:\Users\yosry\AppData\Roaming\Composer\vendor\bin;C:\Program Files\OpenSSL-Win64;C:\Users\yosry\AppData\Roaming\npm;C:\Users\yosry\AppData\Roaming\nvm;C:\Program Files\nodejs;C:\Program Files\JetBrains\IntelliJ IDEA 2023.2.2\bin;;C:\Program Files (x86)\CodeBlocks\MinGW\bin;C:\Users\yosry\AppData\Local\GitHubDesktop\bin;C:\WINDOWS\System32;
USERNAME=yosry
OS=Windows_NT
PROCESSOR_IDENTIFIER=Intel64 Family 6 Model 126 Stepping 5, GenuineIntel



---------------  S Y S T E M  ---------------

OS:
 Windows 10 , 64 bit Build 22621 (10.0.22621.3235)
OS uptime: 8 days 7:18 hours

CPU: total 8 (initial active 8) (4 cores per cpu, 2 threads per core) family 6 model 126 stepping 5 microcode 0x96, cx8, cmov, fxsr, ht, mmx, 3dnowpref, sse, sse2, sse3, ssse3, sse4.1, sse4.2, popcnt, lzcnt, tsc, tscinvbit, avx, avx2, aes, erms, clmul, bmi1, bmi2, adx, avx512f, avx512dq, avx512cd, avx512bw, avx512vl, sha, fma, vzeroupper, avx512_vpopcntdq, avx512_vpclmulqdq, avx512_vaes, avx512_vnni, clflush, clflushopt, avx512_vbmi2, avx512_vbmi

Memory: 4k page, system-wide physical 7973M (283M free)
TotalPageFile size 32549M (AvailPageFile size 3M)
current process WorkingSet (physical memory assigned to process): 140M, peak: 140M
current process commit charge ("private bytes"): 266M, peak: 266M

vm_info: Java HotSpot(TM) 64-Bit Server VM (17+35-LTS-2724) for windows-amd64 JRE (17+35-LTS-2724), built on Aug  5 2021 23:28:28 by "mach5one" with MS VC++ 16.8 (VS2019)

END.
